[ 2015-07-02T00:00:54+08:00 ] 127.0.0.1 /JianKong/home.php?m=Home&c=UpDate&a=update
INFO: [ app_init ] --START--
INFO: Run Behavior\BuildLiteBehavior [ RunTime:0.000000s ]
INFO: [ app_init ] --END-- [ RunTime:0.001000s ]
INFO: [ app_begin ] --START--
INFO: Run Behavior\ReadHtmlCacheBehavior [ RunTime:0.000000s ]
INFO: [ app_begin ] --END-- [ RunTime:0.001000s ]
ERR: {"type":"1","angle":"0","number":"15555215556","time":"2015-07-02 00:00:54","volt":"3.5"}
NOTIC: [8] Undefined property: stdClass::$test C:\xampp\htdocs\JianKong\Home\Home\Controller\UpDateController.class.php 第 16 行.
SQL: SHOW COLUMNS FROM `equipment` [ RunTime:0.0050s ]
SQL: SELECT `id`,`safetime` FROM `equipment` WHERE ( number='15555215556' )  [ RunTime:0.0010s ]
SQL: UPDATE `equipment` SET `id`='5',`type`='1',`time`='2015-07-02 00:00:54',`angle`='0',`volt`='3.5',`validtime`='2015-07-05 00:00:54 ' WHERE ( id='5' ) [ RunTime:0.0040s ]
SQL: SHOW COLUMNS FROM `record` [ RunTime:0.0040s ]
SQL: INSERT INTO `record` (`id`,`type`,`time`,`angle`,`volt`) VALUES ('5','1','2015-07-02 00:00:54','0','3.5') [ RunTime:0.0050s ]

[ 2015-07-02T01:47:43+08:00 ] ::1 /JianKong/home.php?m=Home&c=Login&a=login
INFO: [ app_init ] --START--
INFO: Run Behavior\BuildLiteBehavior [ RunTime:0.000000s ]
INFO: [ app_init ] --END-- [ RunTime:0.001000s ]
INFO: [ app_begin ] --START--
INFO: Run Behavior\ReadHtmlCacheBehavior [ RunTime:0.001000s ]
INFO: [ app_begin ] --END-- [ RunTime:0.002000s ]
INFO: [ view_parse ] --START--
INFO: [ template_filter ] --START--
INFO: Run Behavior\ContentReplaceBehavior [ RunTime:0.001000s ]
INFO: [ template_filter ] --END-- [ RunTime:0.001000s ]
INFO: Run Behavior\ParseTemplateBehavior [ RunTime:0.014001s ]
INFO: [ view_parse ] --END-- [ RunTime:0.015001s ]
INFO: [ view_filter ] --START--
INFO: Run Behavior\WriteHtmlCacheBehavior [ RunTime:0.001000s ]
INFO: [ view_filter ] --END-- [ RunTime:0.001000s ]
INFO: [ app_end ] --START--
INFO: Run Behavior\ShowPageTraceBehavior [ RunTime:0.002000s ]
INFO: [ app_end ] --END-- [ RunTime:0.002000s ]

[ 2015-07-02T01:47:44+08:00 ] ::1 /JianKong/home.php?m=Home&c=Login&a=verify
INFO: [ app_init ] --START--
INFO: Run Behavior\BuildLiteBehavior [ RunTime:0.000000s ]
INFO: [ app_init ] --END-- [ RunTime:0.001000s ]
INFO: [ app_begin ] --START--
INFO: Run Behavior\ReadHtmlCacheBehavior [ RunTime:0.001001s ]
INFO: [ app_begin ] --END-- [ RunTime:0.001001s ]
INFO: [ app_end ] --START--
INFO: Run Behavior\ShowPageTraceBehavior [ RunTime:0.001000s ]
INFO: [ app_end ] --END-- [ RunTime:0.002000s ]

[ 2015-07-02T01:47:59+08:00 ] ::1 /JianKong/home.php?m=Home&c=Login&a=login
INFO: [ app_init ] --START--
INFO: Run Behavior\BuildLiteBehavior [ RunTime:0.000000s ]
INFO: [ app_init ] --END-- [ RunTime:0.001000s ]
INFO: [ app_begin ] --START--
INFO: Run Behavior\ReadHtmlCacheBehavior [ RunTime:0.001000s ]
INFO: [ app_begin ] --END-- [ RunTime:0.001000s ]
INFO: [ view_parse ] --START--
INFO: [ template_filter ] --START--
INFO: Run Behavior\ContentReplaceBehavior [ RunTime:0.000000s ]
INFO: [ template_filter ] --END-- [ RunTime:0.000000s ]
INFO: Run Behavior\ParseTemplateBehavior [ RunTime:0.012001s ]
INFO: [ view_parse ] --END-- [ RunTime:0.013001s ]
INFO: [ view_filter ] --START--
INFO: Run Behavior\WriteHtmlCacheBehavior [ RunTime:0.002000s ]
INFO: [ view_filter ] --END-- [ RunTime:0.002000s ]
INFO: [ app_end ] --START--
INFO: Run Behavior\ShowPageTraceBehavior [ RunTime:0.001000s ]
INFO: [ app_end ] --END-- [ RunTime:0.002000s ]

[ 2015-07-02T01:48:00+08:00 ] ::1 /JianKong/home.php?m=Home&c=Login&a=verify
INFO: [ app_init ] --START--
INFO: Run Behavior\BuildLiteBehavior [ RunTime:0.000000s ]
INFO: [ app_init ] --END-- [ RunTime:0.001000s ]
INFO: [ app_begin ] --START--
INFO: Run Behavior\ReadHtmlCacheBehavior [ RunTime:0.001000s ]
INFO: [ app_begin ] --END-- [ RunTime:0.001000s ]
INFO: [ app_end ] --START--
INFO: Run Behavior\ShowPageTraceBehavior [ RunTime:0.000000s ]
INFO: [ app_end ] --END-- [ RunTime:0.002000s ]

[ 2015-07-02T01:50:13+08:00 ] ::1 /JianKong/setup.php
INFO: [ app_init ] --START--
INFO: Run Behavior\BuildLiteBehavior [ RunTime:0.000000s ]
INFO: [ app_init ] --END-- [ RunTime:0.001000s ]
INFO: [ app_begin ] --START--
INFO: Run Behavior\ReadHtmlCacheBehavior [ RunTime:0.001000s ]
INFO: [ app_begin ] --END-- [ RunTime:0.001000s ]
INFO: [ view_parse ] --START--
INFO: [ template_filter ] --START--
INFO: Run Behavior\ContentReplaceBehavior [ RunTime:0.000000s ]
INFO: [ template_filter ] --END-- [ RunTime:0.000000s ]
INFO: Run Behavior\ParseTemplateBehavior [ RunTime:0.013001s ]
INFO: [ view_parse ] --END-- [ RunTime:0.013001s ]
INFO: [ view_filter ] --START--
INFO: Run Behavior\WriteHtmlCacheBehavior [ RunTime:0.001000s ]
INFO: [ view_filter ] --END-- [ RunTime:0.001000s ]
INFO: [ app_end ] --START--
INFO: Run Behavior\ShowPageTraceBehavior [ RunTime:0.001000s ]
INFO: [ app_end ] --END-- [ RunTime:0.001000s ]

[ 2015-07-02T02:01:03+08:00 ] ::1 /JianKong/home.php?m=Home&c=Setup&a=step_1
INFO: [ app_init ] --START--
INFO: Run Behavior\BuildLiteBehavior [ RunTime:0.000000s ]
INFO: [ app_init ] --END-- [ RunTime:0.001000s ]
INFO: [ app_begin ] --START--
INFO: Run Behavior\ReadHtmlCacheBehavior [ RunTime:0.002000s ]
INFO: [ app_begin ] --END-- [ RunTime:0.002000s ]
NOTIC: [8] Undefined index: db_host C:\xampp\htdocs\JianKong\ThinkPHP\Library\Think\Db.class.php 第 66 行.
NOTIC: [8] Undefined index: db_port C:\xampp\htdocs\JianKong\ThinkPHP\Library\Think\Db.class.php 第 67 行.
NOTIC: [8] Undefined index: db_name C:\xampp\htdocs\JianKong\ThinkPHP\Library\Think\Db.class.php 第 68 行.
SQL: DROP DATABASE IF EXISTS jg [ RunTime:0.0700s ]
SQL: CREATE DATABASE IF NOT EXISTS jg DEFAULT CHARSET utf8 COLLATE utf8_general_ci [ RunTime:0.0020s ]
SQL: show tables [ RunTime:0.0010s ]

[ 2015-07-02T02:01:05+08:00 ] ::1 /JianKong/home.php?m=Home&c=Setup&a=step_2
INFO: [ app_init ] --START--
INFO: Run Behavior\BuildLiteBehavior [ RunTime:0.000000s ]
INFO: [ app_init ] --END-- [ RunTime:0.001000s ]
INFO: [ app_begin ] --START--
INFO: Run Behavior\ReadHtmlCacheBehavior [ RunTime:0.001000s ]
INFO: [ app_begin ] --END-- [ RunTime:0.002000s ]
SQL: DROP TABLE IF EXISTS `record`;DROP TABLE IF EXISTS `admin`;DROP TABLE IF EXISTS `equipment`;
CREATE TABLE IF NOT EXISTS `admin` (
`uid` int(11) NOT NULL COMMENT '用户ID',
  `uname` varchar(50) NOT NULL COMMENT '用户名',
  `upassword` varchar(50) NOT NULL COMMENT '密码',
  `kind` int(11) NOT NULL COMMENT '1 超级管理员 2 管理员',
  `remark` varchar(255) DEFAULT NULL COMMENT '备注信息'
) ENGINE=InnoDB AUTO_INCREMENT=5 DEFAULT CHARSET=utf8;
ALTER TABLE `admin`
 ADD PRIMARY KEY (`uid`), ADD UNIQUE KEY `uname` (`uname`);
ALTER TABLE `admin`
MODIFY `uid` int(11) NOT NULL AUTO_INCREMENT COMMENT '用户ID',AUTO_INCREMENT=100;
 CREATE TABLE IF NOT EXISTS `equipment` (
`id` int(11) NOT NULL COMMENT '设备ID',
  `number` varchar(13) NOT NULL COMMENT '手机号',
  `lng` double NOT NULL COMMENT '经度',
  `lat` double NOT NULL COMMENT '纬度',
  `address` varchar(255) NOT NULL COMMENT '地址',
  `safetime` int(11) NOT NULL COMMENT '安全间隔时间，秒',
  `uid` int(11) NOT NULL COMMENT '对应管理员',
  `describe` varchar(255) DEFAULT NULL COMMENT '设备描述',
  `type` tinyint(4) NOT NULL COMMENT '1：心跳 2：倾斜报警',
  `volt` float NOT NULL COMMENT '电压',
  `angle` int(11) NOT NULL COMMENT '角度',
  `time` timestamp NOT NULL DEFAULT CURRENT_TIMESTAMP ON UPDATE CURRENT_TIMESTAMP COMMENT '通信时间',
  `validtime` timestamp NOT NULL DEFAULT '0000-00-00 00:00:00' COMMENT '心跳有效时间'
) ENGINE=InnoDB AUTO_INCREMENT=12 DEFAULT CHARSET=utf8;
 ALTER TABLE `equipment`
 ADD PRIMARY KEY (`id`), ADD UNIQUE KEY `number` (`number`);
ALTER TABLE `equipment`
MODIFY `id` int(11) NOT NULL AUTO_INCREMENT COMMENT '设备ID',AUTO_INCREMENT=10;
CREATE TABLE IF NOT EXISTS `record` (
`rid` int(11) NOT NULL COMMENT '记录编码 自增长',
  `id` int(4) NOT NULL COMMENT '设备ID',
  `type` int(1) NOT NULL COMMENT '类型1：心跳 2：倾斜报警',
  `volt` float NOT NULL COMMENT '电压',
  `angle` int(1) NOT NULL COMMENT '角度',
  `time` timestamp NOT NULL DEFAULT CURRENT_TIMESTAMP ON UPDATE CURRENT_TIMESTAMP COMMENT '接收时间'
) ENGINE=InnoDB AUTO_INCREMENT=55 DEFAULT CHARSET=utf8;
ALTER TABLE `record`
 ADD PRIMARY KEY (`rid`), ADD KEY `eid` (`id`);
 ALTER TABLE `record`
MODIFY `rid` int(11) NOT NULL AUTO_INCREMENT COMMENT '记录编码 自增长';
ALTER TABLE `record`
ADD CONSTRAINT `eid` FOREIGN KEY (`id`) REFERENCES `equipment` (`id`);
INSERT INTO `admin` (`uid`, `uname`, `upassword`, `kind`, `remark`) VALUES
(100, 'admin', 'e10adc3949ba59abbe56e057f20f883e', 1, '超级'); [ RunTime:0.0010s ]
SQL: INSERT INTO `admin` (`uid`, `uname`, `upassword`, `kind`, `remark`) VALUES
(101, 'user01', 'e10adc3949ba59abbe56e057f20f883e', 2, '普通'),
(102, 'user02', 'e10adc3949ba59abbe56e057f20f883e', 2, '普通管理员'),
(103, 'user03', 'e10adc3949ba59abbe56e057f20f883e', 2, '');
INSERT INTO `equipment` (`id`, `number`, `lng`, `lat`, `address`, `safetime`, `uid`, `describe`, `type`, `volt`, `angle`, `time`, `validtime`) VALUES
(1, '13797741868', 116.417854, 39.921988, '北京市东城区王府井大街', 259200, 2, '', 1, 3.58, 0, '2015-06-29 08:40:44', '2015-06-27 16:40:20'),
(2, '13797741867', 116.406605, 39.921585, '北京市东城区东华门大街', 259100, 3, '', 1, 3.6, 0, '2015-06-29 08:41:13', '2015-06-30 08:40:20'),
(3, '13797741866', 116.412222, 39.912345, '北京市东城区东华门大街', 259200, 2, '', 1, 3.58, 0, '2015-06-26 14:30:26', '2015-06-26 08:40:20'),
(4, '17365342763', 116.468375, 39.914296, '北京市, 北京市, 朝阳区, 三环', 259200, 2, '', 0, 0, 0, '2015-06-26 08:40:20', '0000-00-00 00:00:00'),
(5, '15555215556', 116.47628, 39.903725, '北京市, 北京市, 朝阳区, 百子湾路', 259200, 2, 'fsaf', 1, 3.5, 0, '2015-06-30 09:25:39', '2015-07-03 09:25:39'),
(10, '152376457', 116.439629, 39.915348, '北京市, 北京市, 东城区, 建国门内大街,5号', 258900, 2, '', 0, 0, 0, '2015-06-26 14:57:30', '2015-06-30 08:40:20'),
(11, '16583748574', 116.456517, 39.915458, '北京市, 北京市, 朝阳区, 东大桥路,61号', 259100, 3, '', 2, 3, 5, '2015-06-29 09:58:10', '2015-06-29 16:00:00');
INSERT INTO `record` (`rid`, `id`, `type`, `volt`, `angle`, `time`) VALUES
(6, 11, 1, 3.32, 0, '2015-06-28 15:31:03'),
(7, 5, 2, 0, 4, '2015-06-16 17:46:39'),
(8, 5, 1, 3.32, 0, '2015-06-16 17:46:58'),
(9, 5, 2, 0, 4, '2015-06-16 17:52:00'),
(10, 5, 1, 3.32, 0, '2015-06-16 17:57:34'),
(11, 5, 2, 0, 4, '2015-06-16 18:06:16'),
(12, 5, 1, 3.32, 0, '2015-06-16 18:07:14'),
(13, 5, 2, 0, 4, '2015-06-16 18:15:39'),
(14, 5, 1, 3.32, 0, '2015-06-16 18:21:38'),
(15, 5, 2, 0, 4, '2015-06-16 18:27:36'),
(16, 5, 1, 3.32, 0, '2015-06-16 18:27:52'),
(18, 5, 1, 3.32, 0, '2015-06-16 18:30:47'),
(19, 5, 1, 3.32, 0, '2015-06-16 18:32:08'),
(20, 5, 2, 0, 4, '2015-06-16 18:35:45'),
(21, 5, 1, 3.32, 0, '2015-06-16 18:36:33'),
(22, 5, 2, 0, 57, '2015-06-16 18:37:49'),
(23, 5, 1, 3.15, 0, '2015-06-16 18:38:08'),
(24, 5, 2, 0, 57, '2015-06-17 12:07:29'),
(25, 5, 1, 3.15, 0, '2015-06-29 16:58:24'),
(26, 5, 2, 0, 57, '2015-06-29 17:00:52'),
(27, 5, 1, 3.15, 0, '2015-06-29 17:01:09'),
(28, 5, 2, 0, 57, '2015-06-29 17:01:52'),
(29, 5, 1, 3.15, 0, '2015-06-29 17:02:21'),
(30, 5, 1, 3.15, 0, '2015-06-29 17:12:46'),
(54, 5, 1, 3.5, 0, '2015-06-30 09:25:39'); [ RunTime:0.0050s ]

[ 2015-07-02T02:01:06+08:00 ] ::1 /JianKong/home.php?m=Home&c=Login&a=login
INFO: [ app_init ] --START--
INFO: Run Behavior\BuildLiteBehavior [ RunTime:0.001000s ]
INFO: [ app_init ] --END-- [ RunTime:0.001000s ]
INFO: [ app_begin ] --START--
INFO: Run Behavior\ReadHtmlCacheBehavior [ RunTime:0.001000s ]
INFO: [ app_begin ] --END-- [ RunTime:0.002000s ]
INFO: [ view_parse ] --START--
INFO: [ template_filter ] --START--
INFO: Run Behavior\ContentReplaceBehavior [ RunTime:0.000000s ]
INFO: [ template_filter ] --END-- [ RunTime:0.001000s ]
INFO: Run Behavior\ParseTemplateBehavior [ RunTime:0.013001s ]
INFO: [ view_parse ] --END-- [ RunTime:0.013001s ]
INFO: [ view_filter ] --START--
INFO: Run Behavior\WriteHtmlCacheBehavior [ RunTime:0.001000s ]
INFO: [ view_filter ] --END-- [ RunTime:0.001000s ]
INFO: [ app_end ] --START--
INFO: Run Behavior\ShowPageTraceBehavior [ RunTime:0.001000s ]
INFO: [ app_end ] --END-- [ RunTime:0.002000s ]

[ 2015-07-02T02:01:07+08:00 ] ::1 /JianKong/home.php?m=Home&c=Login&a=verify
INFO: [ app_init ] --START--
INFO: Run Behavior\BuildLiteBehavior [ RunTime:0.000000s ]
INFO: [ app_init ] --END-- [ RunTime:0.001000s ]
INFO: [ app_begin ] --START--
INFO: Run Behavior\ReadHtmlCacheBehavior [ RunTime:0.001000s ]
INFO: [ app_begin ] --END-- [ RunTime:0.001000s ]
INFO: [ app_end ] --START--
INFO: Run Behavior\ShowPageTraceBehavior [ RunTime:0.001000s ]
INFO: [ app_end ] --END-- [ RunTime:0.001000s ]

[ 2015-07-02T02:01:16+08:00 ] ::1 /JianKong/home.php/Home/Login/check
INFO: [ app_init ] --START--
INFO: Run Behavior\BuildLiteBehavior [ RunTime:0.001001s ]
INFO: [ app_init ] --END-- [ RunTime:0.001001s ]
INFO: [ app_begin ] --START--
INFO: Run Behavior\ReadHtmlCacheBehavior [ RunTime:0.000000s ]
INFO: [ app_begin ] --END-- [ RunTime:0.001000s ]
INFO: [ view_parse ] --START--
INFO: [ template_filter ] --START--
INFO: Run Behavior\ContentReplaceBehavior [ RunTime:0.000000s ]
INFO: [ template_filter ] --END-- [ RunTime:0.000000s ]
INFO: Run Behavior\ParseTemplateBehavior [ RunTime:0.011001s ]
INFO: [ view_parse ] --END-- [ RunTime:0.011001s ]
INFO: [ view_filter ] --START--
INFO: Run Behavior\WriteHtmlCacheBehavior [ RunTime:0.001000s ]
INFO: [ view_filter ] --END-- [ RunTime:0.001000s ]

[ 2015-07-02T02:01:18+08:00 ] ::1 /JianKong/home.php?m=Home&c=Login&a=login
INFO: [ app_init ] --START--
INFO: Run Behavior\BuildLiteBehavior [ RunTime:0.000000s ]
INFO: [ app_init ] --END-- [ RunTime:0.000000s ]
INFO: [ app_begin ] --START--
INFO: Run Behavior\ReadHtmlCacheBehavior [ RunTime:0.001000s ]
INFO: [ app_begin ] --END-- [ RunTime:0.001000s ]
INFO: [ view_parse ] --START--
INFO: [ template_filter ] --START--
INFO: Run Behavior\ContentReplaceBehavior [ RunTime:0.000000s ]
INFO: [ template_filter ] --END-- [ RunTime:0.000000s ]
INFO: Run Behavior\ParseTemplateBehavior [ RunTime:0.012001s ]
INFO: [ view_parse ] --END-- [ RunTime:0.012001s ]
INFO: [ view_filter ] --START--
INFO: Run Behavior\WriteHtmlCacheBehavior [ RunTime:0.001000s ]
INFO: [ view_filter ] --END-- [ RunTime:0.001000s ]
INFO: [ app_end ] --START--
INFO: Run Behavior\ShowPageTraceBehavior [ RunTime:0.000000s ]
INFO: [ app_end ] --END-- [ RunTime:0.002000s ]

[ 2015-07-02T02:01:18+08:00 ] ::1 /JianKong/home.php?m=Home&c=Login&a=verify
INFO: [ app_init ] --START--
INFO: Run Behavior\BuildLiteBehavior [ RunTime:0.000000s ]
INFO: [ app_init ] --END-- [ RunTime:0.001000s ]
INFO: [ app_begin ] --START--
INFO: Run Behavior\ReadHtmlCacheBehavior [ RunTime:0.001000s ]
INFO: [ app_begin ] --END-- [ RunTime:0.001000s ]
INFO: [ app_end ] --START--
INFO: Run Behavior\ShowPageTraceBehavior [ RunTime:0.001001s ]
INFO: [ app_end ] --END-- [ RunTime:0.001001s ]

[ 2015-07-02T02:01:26+08:00 ] ::1 /JianKong/home.php/Home/Login/check
INFO: [ app_init ] --START--
INFO: Run Behavior\BuildLiteBehavior [ RunTime:0.000000s ]
INFO: [ app_init ] --END-- [ RunTime:0.001000s ]
INFO: [ app_begin ] --START--
INFO: Run Behavior\ReadHtmlCacheBehavior [ RunTime:0.000000s ]
INFO: [ app_begin ] --END-- [ RunTime:0.001000s ]
SQL: SHOW COLUMNS FROM `admin` [ RunTime:0.0050s ]
SQL: SELECT * FROM `admin` WHERE ( uname='admin' AND upassword='e10adc3949ba59abbe56e057f20f883e' ) LIMIT 1   [ RunTime:0.0010s ]
INFO: [ view_parse ] --START--
INFO: [ template_filter ] --START--
INFO: Run Behavior\ContentReplaceBehavior [ RunTime:0.000000s ]
INFO: [ template_filter ] --END-- [ RunTime:0.000000s ]
INFO: Run Behavior\ParseTemplateBehavior [ RunTime:0.010000s ]
INFO: [ view_parse ] --END-- [ RunTime:0.010000s ]
INFO: [ view_filter ] --START--
INFO: Run Behavior\WriteHtmlCacheBehavior [ RunTime:0.001000s ]
INFO: [ view_filter ] --END-- [ RunTime:0.001000s ]
INFO: [ app_end ] --START--
INFO: Run Behavior\ShowPageTraceBehavior [ RunTime:0.001001s ]
INFO: [ app_end ] --END-- [ RunTime:0.002001s ]

[ 2015-07-02T02:01:27+08:00 ] ::1 /JianKong/home.php?m=Home&c=Index&a=index
INFO: [ app_init ] --START--
INFO: Run Behavior\BuildLiteBehavior [ RunTime:0.000000s ]
INFO: [ app_init ] --END-- [ RunTime:0.001000s ]
INFO: [ app_begin ] --START--
INFO: Run Behavior\ReadHtmlCacheBehavior [ RunTime:0.001000s ]
INFO: [ app_begin ] --END-- [ RunTime:0.001000s ]
INFO: [ view_parse ] --START--
INFO: [ template_filter ] --START--
INFO: Run Behavior\ContentReplaceBehavior [ RunTime:0.000000s ]
INFO: [ template_filter ] --END-- [ RunTime:0.001000s ]
INFO: Run Behavior\ParseTemplateBehavior [ RunTime:0.016001s ]
INFO: [ view_parse ] --END-- [ RunTime:0.016001s ]
INFO: [ view_filter ] --START--
INFO: Run Behavior\WriteHtmlCacheBehavior [ RunTime:0.001000s ]
INFO: [ view_filter ] --END-- [ RunTime:0.001000s ]
INFO: [ app_end ] --START--
INFO: Run Behavior\ShowPageTraceBehavior [ RunTime:0.000000s ]
INFO: [ app_end ] --END-- [ RunTime:0.002001s ]

[ 2015-07-02T02:01:28+08:00 ] ::1 /JianKong/home.php?m=Home&c=GetCurrent&a=getcurrent
INFO: [ app_init ] --START--
INFO: Run Behavior\BuildLiteBehavior [ RunTime:0.000000s ]
INFO: [ app_init ] --END-- [ RunTime:0.001000s ]
INFO: [ app_begin ] --START--
INFO: Run Behavior\ReadHtmlCacheBehavior [ RunTime:0.001000s ]
INFO: [ app_begin ] --END-- [ RunTime:0.001000s ]
SQL: SHOW COLUMNS FROM `equipment` [ RunTime:0.0050s ]
SQL: SELECT * FROM `equipment`  [ RunTime:0.0010s ]

[ 2015-07-02T02:01:52+08:00 ] ::1 /JianKong/home.php?m=Home&c=GetCurrent&a=getcurrent
INFO: [ app_init ] --START--
INFO: Run Behavior\BuildLiteBehavior [ RunTime:0.000000s ]
INFO: [ app_init ] --END-- [ RunTime:0.001000s ]
INFO: [ app_begin ] --START--
INFO: Run Behavior\ReadHtmlCacheBehavior [ RunTime:0.002000s ]
INFO: [ app_begin ] --END-- [ RunTime:0.002000s ]
SQL: SHOW COLUMNS FROM `equipment` [ RunTime:0.0050s ]
SQL: SELECT * FROM `equipment` WHERE ( time>='2015-07-02 02:01:28 ' OR ( type=1 AND validtime>'2015-07-02 02:01:28 ' AND validtime<'2015-07-02 02:01:29 ') )  [ RunTime:0.0000s ]
SQL: SELECT * FROM `equipment` WHERE ( time>='2015-07-02 02:01:28 ' OR ( type=1 AND validtime>'2015-07-02 02:01:28 ' AND validtime<'2015-07-02 02:01:29 ') )  [ RunTime:0.0000s ]
SQL: SELECT * FROM `equipment` WHERE ( time>='2015-07-02 02:01:28 ' OR ( type=1 AND validtime>'2015-07-02 02:01:28 ' AND validtime<'2015-07-02 02:01:30 ') )  [ RunTime:0.0010s ]
SQL: SELECT * FROM `equipment` WHERE ( time>='2015-07-02 02:01:28 ' OR ( type=1 AND validtime>'2015-07-02 02:01:28 ' AND validtime<'2015-07-02 02:01:30 ') )  [ RunTime:0.0010s ]
SQL: SELECT * FROM `equipment` WHERE ( time>='2015-07-02 02:01:28 ' OR ( type=1 AND validtime>'2015-07-02 02:01:28 ' AND validtime<'2015-07-02 02:01:31 ') )  [ RunTime:0.0010s ]
SQL: SELECT * FROM `equipment` WHERE ( time>='2015-07-02 02:01:28 ' OR ( type=1 AND validtime>'2015-07-02 02:01:28 ' AND validtime<'2015-07-02 02:01:31 ') )  [ RunTime:0.0010s ]
SQL: SELECT * FROM `equipment` WHERE ( time>='2015-07-02 02:01:28 ' OR ( type=1 AND validtime>'2015-07-02 02:01:28 ' AND validtime<'2015-07-02 02:01:32 ') )  [ RunTime:0.0010s ]
SQL: SELECT * FROM `equipment` WHERE ( time>='2015-07-02 02:01:28 ' OR ( type=1 AND validtime>'2015-07-02 02:01:28 ' AND validtime<'2015-07-02 02:01:32 ') )  [ RunTime:0.0010s ]
SQL: SELECT * FROM `equipment` WHERE ( time>='2015-07-02 02:01:28 ' OR ( type=1 AND validtime>'2015-07-02 02:01:28 ' AND validtime<'2015-07-02 02:01:33 ') )  [ RunTime:0.0000s ]
SQL: SELECT * FROM `equipment` WHERE ( time>='2015-07-02 02:01:28 ' OR ( type=1 AND validtime>'2015-07-02 02:01:28 ' AND validtime<'2015-07-02 02:01:33 ') )  [ RunTime:0.0010s ]
SQL: SELECT * FROM `equipment` WHERE ( time>='2015-07-02 02:01:28 ' OR ( type=1 AND validtime>'2015-07-02 02:01:28 ' AND validtime<'2015-07-02 02:01:34 ') )  [ RunTime:0.0010s ]
SQL: SELECT * FROM `equipment` WHERE ( time>='2015-07-02 02:01:28 ' OR ( type=1 AND validtime>'2015-07-02 02:01:28 ' AND validtime<'2015-07-02 02:01:34 ') )  [ RunTime:0.0010s ]
SQL: SELECT * FROM `equipment` WHERE ( time>='2015-07-02 02:01:28 ' OR ( type=1 AND validtime>'2015-07-02 02:01:28 ' AND validtime<'2015-07-02 02:01:35 ') )  [ RunTime:0.0000s ]
SQL: SELECT * FROM `equipment` WHERE ( time>='2015-07-02 02:01:28 ' OR ( type=1 AND validtime>'2015-07-02 02:01:28 ' AND validtime<'2015-07-02 02:01:35 ') )  [ RunTime:0.0010s ]
SQL: SELECT * FROM `equipment` WHERE ( time>='2015-07-02 02:01:28 ' OR ( type=1 AND validtime>'2015-07-02 02:01:28 ' AND validtime<'2015-07-02 02:01:36 ') )  [ RunTime:0.0010s ]
SQL: SELECT * FROM `equipment` WHERE ( time>='2015-07-02 02:01:28 ' OR ( type=1 AND validtime>'2015-07-02 02:01:28 ' AND validtime<'2015-07-02 02:01:36 ') )  [ RunTime:0.0010s ]
SQL: SELECT * FROM `equipment` WHERE ( time>='2015-07-02 02:01:28 ' OR ( type=1 AND validtime>'2015-07-02 02:01:28 ' AND validtime<'2015-07-02 02:01:37 ') )  [ RunTime:0.0010s ]
SQL: SELECT * FROM `equipment` WHERE ( time>='2015-07-02 02:01:28 ' OR ( type=1 AND validtime>'2015-07-02 02:01:28 ' AND validtime<'2015-07-02 02:01:37 ') )  [ RunTime:0.0010s ]
SQL: SELECT * FROM `equipment` WHERE ( time>='2015-07-02 02:01:28 ' OR ( type=1 AND validtime>'2015-07-02 02:01:28 ' AND validtime<'2015-07-02 02:01:38 ') )  [ RunTime:0.0010s ]
SQL: SELECT * FROM `equipment` WHERE ( time>='2015-07-02 02:01:28 ' OR ( type=1 AND validtime>'2015-07-02 02:01:28 ' AND validtime<'2015-07-02 02:01:38 ') )  [ RunTime:0.0010s ]
SQL: SELECT * FROM `equipment` WHERE ( time>='2015-07-02 02:01:28 ' OR ( type=1 AND validtime>'2015-07-02 02:01:28 ' AND validtime<'2015-07-02 02:01:39 ') )  [ RunTime:0.0010s ]
SQL: SELECT * FROM `equipment` WHERE ( time>='2015-07-02 02:01:28 ' OR ( type=1 AND validtime>'2015-07-02 02:01:28 ' AND validtime<'2015-07-02 02:01:39 ') )  [ RunTime:0.0010s ]
SQL: SELECT * FROM `equipment` WHERE ( time>='2015-07-02 02:01:28 ' OR ( type=1 AND validtime>'2015-07-02 02:01:28 ' AND validtime<'2015-07-02 02:01:40 ') )  [ RunTime:0.0000s ]
SQL: SELECT * FROM `equipment` WHERE ( time>='2015-07-02 02:01:28 ' OR ( type=1 AND validtime>'2015-07-02 02:01:28 ' AND validtime<'2015-07-02 02:01:40 ') )  [ RunTime:0.0010s ]
SQL: SELECT * FROM `equipment` WHERE ( time>='2015-07-02 02:01:28 ' OR ( type=1 AND validtime>'2015-07-02 02:01:28 ' AND validtime<'2015-07-02 02:01:41 ') )  [ RunTime:0.0010s ]
SQL: SELECT * FROM `equipment` WHERE ( time>='2015-07-02 02:01:28 ' OR ( type=1 AND validtime>'2015-07-02 02:01:28 ' AND validtime<'2015-07-02 02:01:41 ') )  [ RunTime:0.0010s ]
SQL: SELECT * FROM `equipment` WHERE ( time>='2015-07-02 02:01:28 ' OR ( type=1 AND validtime>'2015-07-02 02:01:28 ' AND validtime<'2015-07-02 02:01:42 ') )  [ RunTime:0.0010s ]
SQL: SELECT * FROM `equipment` WHERE ( time>='2015-07-02 02:01:28 ' OR ( type=1 AND validtime>'2015-07-02 02:01:28 ' AND validtime<'2015-07-02 02:01:42 ') )  [ RunTime:0.0010s ]
SQL: SELECT * FROM `equipment` WHERE ( time>='2015-07-02 02:01:28 ' OR ( type=1 AND validtime>'2015-07-02 02:01:28 ' AND validtime<'2015-07-02 02:01:43 ') )  [ RunTime:0.0010s ]
SQL: SELECT * FROM `equipment` WHERE ( time>='2015-07-02 02:01:28 ' OR ( type=1 AND validtime>'2015-07-02 02:01:28 ' AND validtime<'2015-07-02 02:01:43 ') )  [ RunTime:0.0010s ]
SQL: SELECT * FROM `equipment` WHERE ( time>='2015-07-02 02:01:28 ' OR ( type=1 AND validtime>'2015-07-02 02:01:28 ' AND validtime<'2015-07-02 02:01:44 ') )  [ RunTime:0.0000s ]
SQL: SELECT * FROM `equipment` WHERE ( time>='2015-07-02 02:01:28 ' OR ( type=1 AND validtime>'2015-07-02 02:01:28 ' AND validtime<'2015-07-02 02:01:44 ') )  [ RunTime:0.0000s ]
SQL: SELECT * FROM `equipment` WHERE ( time>='2015-07-02 02:01:28 ' OR ( type=1 AND validtime>'2015-07-02 02:01:28 ' AND validtime<'2015-07-02 02:01:45 ') )  [ RunTime:0.0000s ]
SQL: SELECT * FROM `equipment` WHERE ( time>='2015-07-02 02:01:28 ' OR ( type=1 AND validtime>'2015-07-02 02:01:28 ' AND validtime<'2015-07-02 02:01:45 ') )  [ RunTime:0.0000s ]
SQL: SELECT * FROM `equipment` WHERE ( time>='2015-07-02 02:01:28 ' OR ( type=1 AND validtime>'2015-07-02 02:01:28 ' AND validtime<'2015-07-02 02:01:46 ') )  [ RunTime:0.0010s ]
SQL: SELECT * FROM `equipment` WHERE ( time>='2015-07-02 02:01:28 ' OR ( type=1 AND validtime>'2015-07-02 02:01:28 ' AND validtime<'2015-07-02 02:01:46 ') )  [ RunTime:0.0000s ]
SQL: SELECT * FROM `equipment` WHERE ( time>='2015-07-02 02:01:28 ' OR ( type=1 AND validtime>'2015-07-02 02:01:28 ' AND validtime<'2015-07-02 02:01:47 ') )  [ RunTime:0.0010s ]
SQL: SELECT * FROM `equipment` WHERE ( time>='2015-07-02 02:01:28 ' OR ( type=1 AND validtime>'2015-07-02 02:01:28 ' AND validtime<'2015-07-02 02:01:47 ') )  [ RunTime:0.0010s ]
SQL: SELECT * FROM `equipment` WHERE ( time>='2015-07-02 02:01:28 ' OR ( type=1 AND validtime>'2015-07-02 02:01:28 ' AND validtime<'2015-07-02 02:01:48 ') )  [ RunTime:0.0000s ]
SQL: SELECT * FROM `equipment` WHERE ( time>='2015-07-02 02:01:28 ' OR ( type=1 AND validtime>'2015-07-02 02:01:28 ' AND validtime<'2015-07-02 02:01:48 ') )  [ RunTime:0.0010s ]
SQL: SELECT * FROM `equipment` WHERE ( time>='2015-07-02 02:01:28 ' OR ( type=1 AND validtime>'2015-07-02 02:01:28 ' AND validtime<'2015-07-02 02:01:49 ') )  [ RunTime:0.0010s ]
SQL: SELECT * FROM `equipment` WHERE ( time>='2015-07-02 02:01:28 ' OR ( type=1 AND validtime>'2015-07-02 02:01:28 ' AND validtime<'2015-07-02 02:01:49 ') )  [ RunTime:0.0010s ]
SQL: SELECT * FROM `equipment` WHERE ( time>='2015-07-02 02:01:28 ' OR ( type=1 AND validtime>'2015-07-02 02:01:28 ' AND validtime<'2015-07-02 02:01:50 ') )  [ RunTime:0.0010s ]
SQL: SELECT * FROM `equipment` WHERE ( time>='2015-07-02 02:01:28 ' OR ( type=1 AND validtime>'2015-07-02 02:01:28 ' AND validtime<'2015-07-02 02:01:50 ') )  [ RunTime:0.0010s ]
SQL: SELECT * FROM `equipment` WHERE ( time>='2015-07-02 02:01:28 ' OR ( type=1 AND validtime>'2015-07-02 02:01:28 ' AND validtime<'2015-07-02 02:01:51 ') )  [ RunTime:0.0000s ]
SQL: SELECT * FROM `equipment` WHERE ( time>='2015-07-02 02:01:28 ' OR ( type=1 AND validtime>'2015-07-02 02:01:28 ' AND validtime<'2015-07-02 02:01:51 ') )  [ RunTime:0.0010s ]
SQL: SELECT * FROM `equipment` WHERE ( time>='2015-07-02 02:01:28 ' OR ( type=1 AND validtime>'2015-07-02 02:01:28 ' AND validtime<'2015-07-02 02:01:52 ') )  [ RunTime:0.0000s ]
SQL: SELECT * FROM `equipment` WHERE ( time>='2015-07-02 02:01:28 ' OR ( type=1 AND validtime>'2015-07-02 02:01:28 ' AND validtime<'2015-07-02 02:01:52 ') )  [ RunTime:0.0010s ]

[ 2015-07-02T11:47:22+08:00 ] ::1 /jiankong/home.php?m=Home&c=Login&a=login
INFO: [ app_init ] --START--
INFO: Run Behavior\BuildLiteBehavior [ RunTime:0.000000s ]
INFO: [ app_init ] --END-- [ RunTime:0.003000s ]
INFO: [ app_begin ] --START--
INFO: Run Behavior\ReadHtmlCacheBehavior [ RunTime:0.001000s ]
INFO: [ app_begin ] --END-- [ RunTime:0.002000s ]
INFO: [ view_parse ] --START--
INFO: [ template_filter ] --START--
INFO: Run Behavior\ContentReplaceBehavior [ RunTime:0.000000s ]
INFO: [ template_filter ] --END-- [ RunTime:0.001000s ]
INFO: Run Behavior\ParseTemplateBehavior [ RunTime:0.015001s ]
INFO: [ view_parse ] --END-- [ RunTime:0.016001s ]
INFO: [ view_filter ] --START--
INFO: Run Behavior\WriteHtmlCacheBehavior [ RunTime:0.001000s ]
INFO: [ view_filter ] --END-- [ RunTime:0.001000s ]
INFO: [ app_end ] --START--
INFO: Run Behavior\ShowPageTraceBehavior [ RunTime:0.001000s ]
INFO: [ app_end ] --END-- [ RunTime:0.001000s ]

[ 2015-07-02T11:47:23+08:00 ] ::1 /jiankong/home.php?m=Home&c=Login&a=verify
INFO: [ app_init ] --START--
INFO: Run Behavior\BuildLiteBehavior [ RunTime:0.000000s ]
INFO: [ app_init ] --END-- [ RunTime:0.001000s ]
INFO: [ app_begin ] --START--
INFO: Run Behavior\ReadHtmlCacheBehavior [ RunTime:0.002000s ]
INFO: [ app_begin ] --END-- [ RunTime:0.002000s ]
INFO: [ app_end ] --START--
INFO: Run Behavior\ShowPageTraceBehavior [ RunTime:0.001000s ]
INFO: [ app_end ] --END-- [ RunTime:0.001000s ]

[ 2015-07-02T11:47:33+08:00 ] ::1 /jiankong/home.php/Home/Login/check
INFO: [ app_init ] --START--
INFO: Run Behavior\BuildLiteBehavior [ RunTime:0.000000s ]
INFO: [ app_init ] --END-- [ RunTime:0.001000s ]
INFO: [ app_begin ] --START--
INFO: Run Behavior\ReadHtmlCacheBehavior [ RunTime:0.000000s ]
INFO: [ app_begin ] --END-- [ RunTime:0.001000s ]
SQL: SHOW COLUMNS FROM `admin` [ RunTime:0.0120s ]
SQL: SELECT * FROM `admin` WHERE ( uname='admin' AND upassword='e10adc3949ba59abbe56e057f20f883e' ) LIMIT 1   [ RunTime:0.0020s ]
INFO: [ view_parse ] --START--
INFO: [ template_filter ] --START--
INFO: Run Behavior\ContentReplaceBehavior [ RunTime:0.000000s ]
INFO: [ template_filter ] --END-- [ RunTime:0.001000s ]
INFO: Run Behavior\ParseTemplateBehavior [ RunTime:0.010001s ]
INFO: [ view_parse ] --END-- [ RunTime:0.011001s ]
INFO: [ view_filter ] --START--
INFO: Run Behavior\WriteHtmlCacheBehavior [ RunTime:0.000000s ]
INFO: [ view_filter ] --END-- [ RunTime:0.001000s ]
INFO: [ app_end ] --START--
INFO: Run Behavior\ShowPageTraceBehavior [ RunTime:0.001000s ]
INFO: [ app_end ] --END-- [ RunTime:0.001000s ]

[ 2015-07-02T11:47:34+08:00 ] ::1 /jiankong/home.php?m=Home&c=Index&a=index
INFO: [ app_init ] --START--
INFO: Run Behavior\BuildLiteBehavior [ RunTime:0.000000s ]
INFO: [ app_init ] --END-- [ RunTime:0.001000s ]
INFO: [ app_begin ] --START--
INFO: Run Behavior\ReadHtmlCacheBehavior [ RunTime:0.001000s ]
INFO: [ app_begin ] --END-- [ RunTime:0.001000s ]
INFO: [ view_parse ] --START--
INFO: [ template_filter ] --START--
INFO: Run Behavior\ContentReplaceBehavior [ RunTime:0.000000s ]
INFO: [ template_filter ] --END-- [ RunTime:0.001000s ]
INFO: Run Behavior\ParseTemplateBehavior [ RunTime:0.020001s ]
INFO: [ view_parse ] --END-- [ RunTime:0.020001s ]
INFO: [ view_filter ] --START--
INFO: Run Behavior\WriteHtmlCacheBehavior [ RunTime:0.001000s ]
INFO: [ view_filter ] --END-- [ RunTime:0.001000s ]
INFO: [ app_end ] --START--
INFO: Run Behavior\ShowPageTraceBehavior [ RunTime:0.001000s ]
INFO: [ app_end ] --END-- [ RunTime:0.001000s ]

[ 2015-07-02T11:47:34+08:00 ] ::1 /jiankong/home.php?m=Home&c=GetCurrent&a=getcurrent
INFO: [ app_init ] --START--
INFO: Run Behavior\BuildLiteBehavior [ RunTime:0.000000s ]
INFO: [ app_init ] --END-- [ RunTime:0.000000s ]
INFO: [ app_begin ] --START--
INFO: Run Behavior\ReadHtmlCacheBehavior [ RunTime:0.001001s ]
INFO: [ app_begin ] --END-- [ RunTime:0.001001s ]
SQL: SHOW COLUMNS FROM `equipment` [ RunTime:0.0050s ]
SQL: SELECT * FROM `equipment`  [ RunTime:0.0010s ]

[ 2015-07-02T11:47:38+08:00 ] ::1 /jiankong/home.php?m=Home&c=Index&a=index_map
INFO: [ app_init ] --START--
INFO: Run Behavior\BuildLiteBehavior [ RunTime:0.000000s ]
INFO: [ app_init ] --END-- [ RunTime:0.001000s ]
INFO: [ app_begin ] --START--
INFO: Run Behavior\ReadHtmlCacheBehavior [ RunTime:0.001000s ]
INFO: [ app_begin ] --END-- [ RunTime:0.001000s ]
INFO: [ view_parse ] --START--
INFO: [ template_filter ] --START--
INFO: Run Behavior\ContentReplaceBehavior [ RunTime:0.001000s ]
INFO: [ template_filter ] --END-- [ RunTime:0.001000s ]
INFO: Run Behavior\ParseTemplateBehavior [ RunTime:0.017001s ]
INFO: [ view_parse ] --END-- [ RunTime:0.017001s ]
INFO: [ view_filter ] --START--
INFO: Run Behavior\WriteHtmlCacheBehavior [ RunTime:0.000000s ]
INFO: [ view_filter ] --END-- [ RunTime:0.001000s ]
INFO: [ app_end ] --START--
INFO: Run Behavior\ShowPageTraceBehavior [ RunTime:0.001000s ]
INFO: [ app_end ] --END-- [ RunTime:0.001000s ]

[ 2015-07-02T11:47:38+08:00 ] ::1 /jiankong/home.php?m=Home&c=GetCurrent&a=getcurrent
INFO: [ app_init ] --START--
INFO: Run Behavior\BuildLiteBehavior [ RunTime:0.000000s ]
INFO: [ app_init ] --END-- [ RunTime:0.001000s ]
INFO: [ app_begin ] --START--
INFO: Run Behavior\ReadHtmlCacheBehavior [ RunTime:0.001000s ]
INFO: [ app_begin ] --END-- [ RunTime:0.001000s ]
SQL: SHOW COLUMNS FROM `equipment` [ RunTime:0.0080s ]
SQL: SELECT * FROM `equipment`  [ RunTime:0.0010s ]

[ 2015-07-02T11:47:39+08:00 ] ::1 /jiankong/home.php?m=Home&c=Index&a=index
INFO: [ app_init ] --START--
INFO: Run Behavior\BuildLiteBehavior [ RunTime:0.000000s ]
INFO: [ app_init ] --END-- [ RunTime:0.001000s ]
INFO: [ app_begin ] --START--
INFO: Run Behavior\ReadHtmlCacheBehavior [ RunTime:0.001000s ]
INFO: [ app_begin ] --END-- [ RunTime:0.001000s ]
INFO: [ view_parse ] --START--
INFO: [ template_filter ] --START--
INFO: Run Behavior\ContentReplaceBehavior [ RunTime:0.000000s ]
INFO: [ template_filter ] --END-- [ RunTime:0.000000s ]
INFO: Run Behavior\ParseTemplateBehavior [ RunTime:0.016001s ]
INFO: [ view_parse ] --END-- [ RunTime:0.017001s ]
INFO: [ view_filter ] --START--
INFO: Run Behavior\WriteHtmlCacheBehavior [ RunTime:0.000000s ]
INFO: [ view_filter ] --END-- [ RunTime:0.000000s ]
INFO: [ app_end ] --START--
INFO: Run Behavior\ShowPageTraceBehavior [ RunTime:0.001000s ]
INFO: [ app_end ] --END-- [ RunTime:0.001000s ]

[ 2015-07-02T11:47:40+08:00 ] ::1 /jiankong/home.php?m=Home&c=GetCurrent&a=getcurrent
INFO: [ app_init ] --START--
INFO: Run Behavior\BuildLiteBehavior [ RunTime:0.000000s ]
INFO: [ app_init ] --END-- [ RunTime:0.001000s ]
INFO: [ app_begin ] --START--
INFO: Run Behavior\ReadHtmlCacheBehavior [ RunTime:0.001000s ]
INFO: [ app_begin ] --END-- [ RunTime:0.001000s ]
SQL: SHOW COLUMNS FROM `equipment` [ RunTime:0.0040s ]
SQL: SELECT * FROM `equipment`  [ RunTime:0.0010s ]

[ 2015-07-02T11:47:44+08:00 ] ::1 /jiankong/home.php?m=Home&c=Index&a=manage_jg
INFO: [ app_init ] --START--
INFO: Run Behavior\BuildLiteBehavior [ RunTime:0.000000s ]
INFO: [ app_init ] --END-- [ RunTime:0.001000s ]
INFO: [ app_begin ] --START--
INFO: Run Behavior\ReadHtmlCacheBehavior [ RunTime:0.001000s ]
INFO: [ app_begin ] --END-- [ RunTime:0.002000s ]
INFO: [ view_parse ] --START--
INFO: [ template_filter ] --START--
INFO: Run Behavior\ContentReplaceBehavior [ RunTime:0.000000s ]
INFO: [ template_filter ] --END-- [ RunTime:0.000000s ]
INFO: Run Behavior\ParseTemplateBehavior [ RunTime:0.018001s ]
INFO: [ view_parse ] --END-- [ RunTime:0.018001s ]
INFO: [ view_filter ] --START--
INFO: Run Behavior\WriteHtmlCacheBehavior [ RunTime:0.001000s ]
INFO: [ view_filter ] --END-- [ RunTime:0.001000s ]
INFO: [ app_end ] --START--
INFO: Run Behavior\ShowPageTraceBehavior [ RunTime:0.001000s ]
INFO: [ app_end ] --END-- [ RunTime:0.001000s ]

[ 2015-07-02T11:47:44+08:00 ] ::1 /jiankong/home.php?m=Home&c=ManageJG&a=retrieve&_=1435808864421
INFO: [ app_init ] --START--
INFO: Run Behavior\BuildLiteBehavior [ RunTime:0.000000s ]
INFO: [ app_init ] --END-- [ RunTime:0.001000s ]
INFO: [ app_begin ] --START--
INFO: Run Behavior\ReadHtmlCacheBehavior [ RunTime:0.001000s ]
INFO: [ app_begin ] --END-- [ RunTime:0.001000s ]
SQL: SHOW COLUMNS FROM `equipment` [ RunTime:0.0060s ]
SQL: SELECT * FROM `equipment`  [ RunTime:0.0010s ]

[ 2015-07-02T11:47:45+08:00 ] ::1 /jiankong/home.php?m=Home&c=Index&a=history
INFO: [ app_init ] --START--
INFO: Run Behavior\BuildLiteBehavior [ RunTime:0.000000s ]
INFO: [ app_init ] --END-- [ RunTime:0.001000s ]
INFO: [ app_begin ] --START--
INFO: Run Behavior\ReadHtmlCacheBehavior [ RunTime:0.001000s ]
INFO: [ app_begin ] --END-- [ RunTime:0.001000s ]
INFO: [ view_parse ] --START--
INFO: [ template_filter ] --START--
INFO: Run Behavior\ContentReplaceBehavior [ RunTime:0.000000s ]
INFO: [ template_filter ] --END-- [ RunTime:0.000000s ]
INFO: Run Behavior\ParseTemplateBehavior [ RunTime:0.016001s ]
INFO: [ view_parse ] --END-- [ RunTime:0.017001s ]
INFO: [ view_filter ] --START--
INFO: Run Behavior\WriteHtmlCacheBehavior [ RunTime:0.001000s ]
INFO: [ view_filter ] --END-- [ RunTime:0.001000s ]
INFO: [ app_end ] --START--
INFO: Run Behavior\ShowPageTraceBehavior [ RunTime:0.001000s ]
INFO: [ app_end ] --END-- [ RunTime:0.001000s ]

[ 2015-07-02T11:47:45+08:00 ] ::1 /jiankong/home.php?m=Home&c=History&a=retrieve&_=1435808865730
INFO: [ app_init ] --START--
INFO: Run Behavior\BuildLiteBehavior [ RunTime:0.000000s ]
INFO: [ app_init ] --END-- [ RunTime:0.001000s ]
INFO: [ app_begin ] --START--
INFO: Run Behavior\ReadHtmlCacheBehavior [ RunTime:0.001000s ]
INFO: [ app_begin ] --END-- [ RunTime:0.001000s ]
SQL: SHOW COLUMNS FROM `record` [ RunTime:0.0050s ]
SQL: SELECT * FROM `record` ORDER BY rid desc  [ RunTime:0.0000s ]

[ 2015-07-02T11:47:46+08:00 ] ::1 /jiankong/home.php?m=Home&c=Index&a=manage_user
INFO: [ app_init ] --START--
INFO: Run Behavior\BuildLiteBehavior [ RunTime:0.000000s ]
INFO: [ app_init ] --END-- [ RunTime:0.001001s ]
INFO: [ app_begin ] --START--
INFO: Run Behavior\ReadHtmlCacheBehavior [ RunTime:0.001000s ]
INFO: [ app_begin ] --END-- [ RunTime:0.001000s ]
INFO: [ view_parse ] --START--
INFO: [ template_filter ] --START--
INFO: Run Behavior\ContentReplaceBehavior [ RunTime:0.001000s ]
INFO: [ template_filter ] --END-- [ RunTime:0.001000s ]
INFO: Run Behavior\ParseTemplateBehavior [ RunTime:0.017001s ]
INFO: [ view_parse ] --END-- [ RunTime:0.017001s ]
INFO: [ view_filter ] --START--
INFO: Run Behavior\WriteHtmlCacheBehavior [ RunTime:0.001000s ]
INFO: [ view_filter ] --END-- [ RunTime:0.001000s ]
INFO: [ app_end ] --START--
INFO: Run Behavior\ShowPageTraceBehavior [ RunTime:0.001000s ]
INFO: [ app_end ] --END-- [ RunTime:0.001000s ]

[ 2015-07-02T11:47:47+08:00 ] ::1 /jiankong/home.php?m=Home&c=ManageUser&a=retrieve&_=1435808867034
INFO: [ app_init ] --START--
INFO: Run Behavior\BuildLiteBehavior [ RunTime:0.000000s ]
INFO: [ app_init ] --END-- [ RunTime:0.001000s ]
INFO: [ app_begin ] --START--
INFO: Run Behavior\ReadHtmlCacheBehavior [ RunTime:0.001000s ]
INFO: [ app_begin ] --END-- [ RunTime:0.001000s ]
SQL: SHOW COLUMNS FROM `admin` [ RunTime:0.0040s ]
SQL: SELECT `uid`,`uname`,`remark` FROM `admin` WHERE ( kind=2 )  [ RunTime:0.0000s ]
NOTIC: [8] Undefined variable: result C:\xampp\htdocs\JianKong\Home\Home\Controller\ManageUserController.class.php 第 18 行.

[ 2015-07-02T11:47:49+08:00 ] ::1 /jiankong/home.php?m=Home&c=Index&a=index
INFO: [ app_init ] --START--
INFO: Run Behavior\BuildLiteBehavior [ RunTime:0.000000s ]
INFO: [ app_init ] --END-- [ RunTime:0.001000s ]
INFO: [ app_begin ] --START--
INFO: Run Behavior\ReadHtmlCacheBehavior [ RunTime:0.001000s ]
INFO: [ app_begin ] --END-- [ RunTime:0.001000s ]
INFO: [ view_parse ] --START--
INFO: [ template_filter ] --START--
INFO: Run Behavior\ContentReplaceBehavior [ RunTime:0.001000s ]
INFO: [ template_filter ] --END-- [ RunTime:0.001000s ]
INFO: Run Behavior\ParseTemplateBehavior [ RunTime:0.017001s ]
INFO: [ view_parse ] --END-- [ RunTime:0.017001s ]
INFO: [ view_filter ] --START--
INFO: Run Behavior\WriteHtmlCacheBehavior [ RunTime:0.001001s ]
INFO: [ view_filter ] --END-- [ RunTime:0.001001s ]
INFO: [ app_end ] --START--
INFO: Run Behavior\ShowPageTraceBehavior [ RunTime:0.001000s ]
INFO: [ app_end ] --END-- [ RunTime:0.001000s ]

[ 2015-07-02T11:47:49+08:00 ] ::1 /jiankong/home.php?m=Home&c=GetCurrent&a=getcurrent
INFO: [ app_init ] --START--
INFO: Run Behavior\BuildLiteBehavior [ RunTime:0.000000s ]
INFO: [ app_init ] --END-- [ RunTime:0.001000s ]
INFO: [ app_begin ] --START--
INFO: Run Behavior\ReadHtmlCacheBehavior [ RunTime:0.000000s ]
INFO: [ app_begin ] --END-- [ RunTime:0.001000s ]
SQL: SHOW COLUMNS FROM `equipment` [ RunTime:0.0040s ]
SQL: SELECT * FROM `equipment`  [ RunTime:0.0000s ]

[ 2015-07-02T11:47:50+08:00 ] ::1 /jiankong/home.php?m=Home&c=GetCurrent&a=getcurrent
INFO: [ app_init ] --START--
INFO: Run Behavior\BuildLiteBehavior [ RunTime:0.000000s ]
INFO: [ app_init ] --END-- [ RunTime:0.001000s ]
INFO: [ app_begin ] --START--
INFO: Run Behavior\ReadHtmlCacheBehavior [ RunTime:0.001000s ]
INFO: [ app_begin ] --END-- [ RunTime:0.001000s ]
SQL: SHOW COLUMNS FROM `equipment` [ RunTime:0.0070s ]
SQL: SELECT * FROM `equipment` WHERE ( time>='2015-07-02 11:47:34 ' OR ( type=1 AND validtime>'2015-07-02 11:47:34 ' AND validtime<'2015-07-02 11:47:35 ') )  [ RunTime:0.0010s ]
SQL: SELECT * FROM `equipment` WHERE ( time>='2015-07-02 11:47:34 ' OR ( type=1 AND validtime>'2015-07-02 11:47:34 ' AND validtime<'2015-07-02 11:47:35 ') )  [ RunTime:0.0000s ]
SQL: SELECT * FROM `equipment` WHERE ( time>='2015-07-02 11:47:34 ' OR ( type=1 AND validtime>'2015-07-02 11:47:34 ' AND validtime<'2015-07-02 11:47:36 ') )  [ RunTime:0.0010s ]
SQL: SELECT * FROM `equipment` WHERE ( time>='2015-07-02 11:47:34 ' OR ( type=1 AND validtime>'2015-07-02 11:47:34 ' AND validtime<'2015-07-02 11:47:36 ') )  [ RunTime:0.0010s ]
SQL: SELECT * FROM `equipment` WHERE ( time>='2015-07-02 11:47:34 ' OR ( type=1 AND validtime>'2015-07-02 11:47:34 ' AND validtime<'2015-07-02 11:47:37 ') )  [ RunTime:0.0010s ]
SQL: SELECT * FROM `equipment` WHERE ( time>='2015-07-02 11:47:34 ' OR ( type=1 AND validtime>'2015-07-02 11:47:34 ' AND validtime<'2015-07-02 11:47:37 ') )  [ RunTime:0.0010s ]
SQL: SELECT * FROM `equipment` WHERE ( time>='2015-07-02 11:47:34 ' OR ( type=1 AND validtime>'2015-07-02 11:47:34 ' AND validtime<'2015-07-02 11:47:38 ') )  [ RunTime:0.0010s ]
SQL: SELECT * FROM `equipment` WHERE ( time>='2015-07-02 11:47:34 ' OR ( type=1 AND validtime>'2015-07-02 11:47:34 ' AND validtime<'2015-07-02 11:47:38 ') )  [ RunTime:0.0010s ]
SQL: SELECT * FROM `equipment` WHERE ( time>='2015-07-02 11:47:34 ' OR ( type=1 AND validtime>'2015-07-02 11:47:34 ' AND validtime<'2015-07-02 11:47:39 ') )  [ RunTime:0.0010s ]
SQL: SELECT * FROM `equipment` WHERE ( time>='2015-07-02 11:47:34 ' OR ( type=1 AND validtime>'2015-07-02 11:47:34 ' AND validtime<'2015-07-02 11:47:39 ') )  [ RunTime:0.0000s ]
SQL: SELECT * FROM `equipment` WHERE ( time>='2015-07-02 11:47:34 ' OR ( type=1 AND validtime>'2015-07-02 11:47:34 ' AND validtime<'2015-07-02 11:47:40 ') )  [ RunTime:0.0010s ]
SQL: SELECT * FROM `equipment` WHERE ( time>='2015-07-02 11:47:34 ' OR ( type=1 AND validtime>'2015-07-02 11:47:34 ' AND validtime<'2015-07-02 11:47:40 ') )  [ RunTime:0.0010s ]
SQL: SELECT * FROM `equipment` WHERE ( time>='2015-07-02 11:47:34 ' OR ( type=1 AND validtime>'2015-07-02 11:47:34 ' AND validtime<'2015-07-02 11:47:41 ') )  [ RunTime:0.0010s ]
SQL: SELECT * FROM `equipment` WHERE ( time>='2015-07-02 11:47:34 ' OR ( type=1 AND validtime>'2015-07-02 11:47:34 ' AND validtime<'2015-07-02 11:47:41 ') )  [ RunTime:0.0010s ]
SQL: SELECT * FROM `equipment` WHERE ( time>='2015-07-02 11:47:34 ' OR ( type=1 AND validtime>'2015-07-02 11:47:34 ' AND validtime<'2015-07-02 11:47:42 ') )  [ RunTime:0.0010s ]
SQL: SELECT * FROM `equipment` WHERE ( time>='2015-07-02 11:47:34 ' OR ( type=1 AND validtime>'2015-07-02 11:47:34 ' AND validtime<'2015-07-02 11:47:42 ') )  [ RunTime:0.0010s ]
SQL: SELECT * FROM `equipment` WHERE ( time>='2015-07-02 11:47:34 ' OR ( type=1 AND validtime>'2015-07-02 11:47:34 ' AND validtime<'2015-07-02 11:47:43 ') )  [ RunTime:0.0010s ]
SQL: SELECT * FROM `equipment` WHERE ( time>='2015-07-02 11:47:34 ' OR ( type=1 AND validtime>'2015-07-02 11:47:34 ' AND validtime<'2015-07-02 11:47:43 ') )  [ RunTime:0.0010s ]
SQL: SELECT * FROM `equipment` WHERE ( time>='2015-07-02 11:47:34 ' OR ( type=1 AND validtime>'2015-07-02 11:47:34 ' AND validtime<'2015-07-02 11:47:44 ') )  [ RunTime:0.0010s ]
SQL: SELECT * FROM `equipment` WHERE ( time>='2015-07-02 11:47:34 ' OR ( type=1 AND validtime>'2015-07-02 11:47:34 ' AND validtime<'2015-07-02 11:47:44 ') )  [ RunTime:0.0010s ]
SQL: SELECT * FROM `equipment` WHERE ( time>='2015-07-02 11:47:34 ' OR ( type=1 AND validtime>'2015-07-02 11:47:34 ' AND validtime<'2015-07-02 11:47:45 ') )  [ RunTime:0.0010s ]
SQL: SELECT * FROM `equipment` WHERE ( time>='2015-07-02 11:47:34 ' OR ( type=1 AND validtime>'2015-07-02 11:47:34 ' AND validtime<'2015-07-02 11:47:45 ') )  [ RunTime:0.0010s ]
SQL: SELECT * FROM `equipment` WHERE ( time>='2015-07-02 11:47:34 ' OR ( type=1 AND validtime>'2015-07-02 11:47:34 ' AND validtime<'2015-07-02 11:47:46 ') )  [ RunTime:0.0010s ]
SQL: SELECT * FROM `equipment` WHERE ( time>='2015-07-02 11:47:34 ' OR ( type=1 AND validtime>'2015-07-02 11:47:34 ' AND validtime<'2015-07-02 11:47:46 ') )  [ RunTime:0.0010s ]
SQL: SELECT * FROM `equipment` WHERE ( time>='2015-07-02 11:47:34 ' OR ( type=1 AND validtime>'2015-07-02 11:47:34 ' AND validtime<'2015-07-02 11:47:47 ') )  [ RunTime:0.0010s ]
SQL: SELECT * FROM `equipment` WHERE ( time>='2015-07-02 11:47:34 ' OR ( type=1 AND validtime>'2015-07-02 11:47:34 ' AND validtime<'2015-07-02 11:47:47 ') )  [ RunTime:0.0010s ]
SQL: SELECT * FROM `equipment` WHERE ( time>='2015-07-02 11:47:34 ' OR ( type=1 AND validtime>'2015-07-02 11:47:34 ' AND validtime<'2015-07-02 11:47:48 ') )  [ RunTime:0.0010s ]
SQL: SELECT * FROM `equipment` WHERE ( time>='2015-07-02 11:47:34 ' OR ( type=1 AND validtime>'2015-07-02 11:47:34 ' AND validtime<'2015-07-02 11:47:48 ') )  [ RunTime:0.0010s ]
SQL: SELECT * FROM `equipment` WHERE ( time>='2015-07-02 11:47:34 ' OR ( type=1 AND validtime>'2015-07-02 11:47:34 ' AND validtime<'2015-07-02 11:47:49 ') )  [ RunTime:0.0010s ]
SQL: SELECT * FROM `equipment` WHERE ( time>='2015-07-02 11:47:34 ' OR ( type=1 AND validtime>'2015-07-02 11:47:34 ' AND validtime<'2015-07-02 11:47:49 ') )  [ RunTime:0.0010s ]
SQL: SELECT * FROM `equipment` WHERE ( time>='2015-07-02 11:47:34 ' OR ( type=1 AND validtime>'2015-07-02 11:47:34 ' AND validtime<'2015-07-02 11:47:50 ') )  [ RunTime:0.0010s ]
SQL: SELECT * FROM `equipment` WHERE ( time>='2015-07-02 11:47:34 ' OR ( type=1 AND validtime>'2015-07-02 11:47:34 ' AND validtime<'2015-07-02 11:47:50 ') )  [ RunTime:0.0010s ]

[ 2015-07-02T11:47:54+08:00 ] ::1 /jiankong/home.php?m=Home&c=Index&a=setting
INFO: [ app_init ] --START--
INFO: Run Behavior\BuildLiteBehavior [ RunTime:0.000000s ]
INFO: [ app_init ] --END-- [ RunTime:0.002000s ]
INFO: [ app_begin ] --START--
INFO: Run Behavior\ReadHtmlCacheBehavior [ RunTime:0.001001s ]
INFO: [ app_begin ] --END-- [ RunTime:0.001001s ]
INFO: [ view_parse ] --START--
INFO: [ template_filter ] --START--
INFO: Run Behavior\ContentReplaceBehavior [ RunTime:0.000000s ]
INFO: [ template_filter ] --END-- [ RunTime:0.000000s ]
INFO: Run Behavior\ParseTemplateBehavior [ RunTime:0.018001s ]
INFO: [ view_parse ] --END-- [ RunTime:0.020001s ]
INFO: [ view_filter ] --START--
INFO: Run Behavior\WriteHtmlCacheBehavior [ RunTime:0.001000s ]
INFO: [ view_filter ] --END-- [ RunTime:0.001000s ]
INFO: [ app_end ] --START--
INFO: Run Behavior\ShowPageTraceBehavior [ RunTime:0.001000s ]
INFO: [ app_end ] --END-- [ RunTime:0.001000s ]

[ 2015-07-02T11:47:55+08:00 ] ::1 /jiankong/home.php?m=Home&c=GetCurrent&a=getcurrent
INFO: [ app_init ] --START--
INFO: Run Behavior\BuildLiteBehavior [ RunTime:0.000000s ]
INFO: [ app_init ] --END-- [ RunTime:0.001000s ]
INFO: [ app_begin ] --START--
INFO: Run Behavior\ReadHtmlCacheBehavior [ RunTime:0.002000s ]
INFO: [ app_begin ] --END-- [ RunTime:0.002000s ]
SQL: SHOW COLUMNS FROM `equipment` [ RunTime:0.0040s ]
SQL: SELECT * FROM `equipment` WHERE ( time>='2015-07-02 11:47:38 ' OR ( type=1 AND validtime>'2015-07-02 11:47:38 ' AND validtime<'2015-07-02 11:47:39 ') )  [ RunTime:0.0000s ]
SQL: SELECT * FROM `equipment` WHERE ( time>='2015-07-02 11:47:38 ' OR ( type=1 AND validtime>'2015-07-02 11:47:38 ' AND validtime<'2015-07-02 11:47:40 ') )  [ RunTime:0.0000s ]
SQL: SELECT * FROM `equipment` WHERE ( time>='2015-07-02 11:47:38 ' OR ( type=1 AND validtime>'2015-07-02 11:47:38 ' AND validtime<'2015-07-02 11:47:40 ') )  [ RunTime:0.0010s ]
SQL: SELECT * FROM `equipment` WHERE ( time>='2015-07-02 11:47:38 ' OR ( type=1 AND validtime>'2015-07-02 11:47:38 ' AND validtime<'2015-07-02 11:47:41 ') )  [ RunTime:0.0010s ]
SQL: SELECT * FROM `equipment` WHERE ( time>='2015-07-02 11:47:38 ' OR ( type=1 AND validtime>'2015-07-02 11:47:38 ' AND validtime<'2015-07-02 11:47:41 ') )  [ RunTime:0.0010s ]
SQL: SELECT * FROM `equipment` WHERE ( time>='2015-07-02 11:47:38 ' OR ( type=1 AND validtime>'2015-07-02 11:47:38 ' AND validtime<'2015-07-02 11:47:42 ') )  [ RunTime:0.0010s ]
SQL: SELECT * FROM `equipment` WHERE ( time>='2015-07-02 11:47:38 ' OR ( type=1 AND validtime>'2015-07-02 11:47:38 ' AND validtime<'2015-07-02 11:47:42 ') )  [ RunTime:0.0000s ]
SQL: SELECT * FROM `equipment` WHERE ( time>='2015-07-02 11:47:38 ' OR ( type=1 AND validtime>'2015-07-02 11:47:38 ' AND validtime<'2015-07-02 11:47:43 ') )  [ RunTime:0.0010s ]
SQL: SELECT * FROM `equipment` WHERE ( time>='2015-07-02 11:47:38 ' OR ( type=1 AND validtime>'2015-07-02 11:47:38 ' AND validtime<'2015-07-02 11:47:43 ') )  [ RunTime:0.0010s ]
SQL: SELECT * FROM `equipment` WHERE ( time>='2015-07-02 11:47:38 ' OR ( type=1 AND validtime>'2015-07-02 11:47:38 ' AND validtime<'2015-07-02 11:47:44 ') )  [ RunTime:0.0010s ]
SQL: SELECT * FROM `equipment` WHERE ( time>='2015-07-02 11:47:38 ' OR ( type=1 AND validtime>'2015-07-02 11:47:38 ' AND validtime<'2015-07-02 11:47:44 ') )  [ RunTime:0.0010s ]
SQL: SELECT * FROM `equipment` WHERE ( time>='2015-07-02 11:47:38 ' OR ( type=1 AND validtime>'2015-07-02 11:47:38 ' AND validtime<'2015-07-02 11:47:45 ') )  [ RunTime:0.0010s ]
SQL: SELECT * FROM `equipment` WHERE ( time>='2015-07-02 11:47:38 ' OR ( type=1 AND validtime>'2015-07-02 11:47:38 ' AND validtime<'2015-07-02 11:47:45 ') )  [ RunTime:0.0010s ]
SQL: SELECT * FROM `equipment` WHERE ( time>='2015-07-02 11:47:38 ' OR ( type=1 AND validtime>'2015-07-02 11:47:38 ' AND validtime<'2015-07-02 11:47:46 ') )  [ RunTime:0.0010s ]
SQL: SELECT * FROM `equipment` WHERE ( time>='2015-07-02 11:47:38 ' OR ( type=1 AND validtime>'2015-07-02 11:47:38 ' AND validtime<'2015-07-02 11:47:46 ') )  [ RunTime:0.0010s ]
SQL: SELECT * FROM `equipment` WHERE ( time>='2015-07-02 11:47:38 ' OR ( type=1 AND validtime>'2015-07-02 11:47:38 ' AND validtime<'2015-07-02 11:47:47 ') )  [ RunTime:0.0010s ]
SQL: SELECT * FROM `equipment` WHERE ( time>='2015-07-02 11:47:38 ' OR ( type=1 AND validtime>'2015-07-02 11:47:38 ' AND validtime<'2015-07-02 11:47:47 ') )  [ RunTime:0.0010s ]
SQL: SELECT * FROM `equipment` WHERE ( time>='2015-07-02 11:47:38 ' OR ( type=1 AND validtime>'2015-07-02 11:47:38 ' AND validtime<'2015-07-02 11:47:48 ') )  [ RunTime:0.0010s ]
SQL: SELECT * FROM `equipment` WHERE ( time>='2015-07-02 11:47:38 ' OR ( type=1 AND validtime>'2015-07-02 11:47:38 ' AND validtime<'2015-07-02 11:47:48 ') )  [ RunTime:0.0010s ]
SQL: SELECT * FROM `equipment` WHERE ( time>='2015-07-02 11:47:38 ' OR ( type=1 AND validtime>'2015-07-02 11:47:38 ' AND validtime<'2015-07-02 11:47:49 ') )  [ RunTime:0.0010s ]
SQL: SELECT * FROM `equipment` WHERE ( time>='2015-07-02 11:47:38 ' OR ( type=1 AND validtime>'2015-07-02 11:47:38 ' AND validtime<'2015-07-02 11:47:49 ') )  [ RunTime:0.0000s ]
SQL: SELECT * FROM `equipment` WHERE ( time>='2015-07-02 11:47:38 ' OR ( type=1 AND validtime>'2015-07-02 11:47:38 ' AND validtime<'2015-07-02 11:47:50 ') )  [ RunTime:0.0010s ]
SQL: SELECT * FROM `equipment` WHERE ( time>='2015-07-02 11:47:38 ' OR ( type=1 AND validtime>'2015-07-02 11:47:38 ' AND validtime<'2015-07-02 11:47:50 ') )  [ RunTime:0.0010s ]
SQL: SELECT * FROM `equipment` WHERE ( time>='2015-07-02 11:47:38 ' OR ( type=1 AND validtime>'2015-07-02 11:47:38 ' AND validtime<'2015-07-02 11:47:51 ') )  [ RunTime:0.0010s ]
SQL: SELECT * FROM `equipment` WHERE ( time>='2015-07-02 11:47:38 ' OR ( type=1 AND validtime>'2015-07-02 11:47:38 ' AND validtime<'2015-07-02 11:47:51 ') )  [ RunTime:0.0010s ]
SQL: SELECT * FROM `equipment` WHERE ( time>='2015-07-02 11:47:38 ' OR ( type=1 AND validtime>'2015-07-02 11:47:38 ' AND validtime<'2015-07-02 11:47:52 ') )  [ RunTime:0.0010s ]
SQL: SELECT * FROM `equipment` WHERE ( time>='2015-07-02 11:47:38 ' OR ( type=1 AND validtime>'2015-07-02 11:47:38 ' AND validtime<'2015-07-02 11:47:52 ') )  [ RunTime:0.0010s ]
SQL: SELECT * FROM `equipment` WHERE ( time>='2015-07-02 11:47:38 ' OR ( type=1 AND validtime>'2015-07-02 11:47:38 ' AND validtime<'2015-07-02 11:47:53 ') )  [ RunTime:0.0000s ]
SQL: SELECT * FROM `equipment` WHERE ( time>='2015-07-02 11:47:38 ' OR ( type=1 AND validtime>'2015-07-02 11:47:38 ' AND validtime<'2015-07-02 11:47:53 ') )  [ RunTime:0.0010s ]
SQL: SELECT * FROM `equipment` WHERE ( time>='2015-07-02 11:47:38 ' OR ( type=1 AND validtime>'2015-07-02 11:47:38 ' AND validtime<'2015-07-02 11:47:54 ') )  [ RunTime:0.0010s ]
SQL: SELECT * FROM `equipment` WHERE ( time>='2015-07-02 11:47:38 ' OR ( type=1 AND validtime>'2015-07-02 11:47:38 ' AND validtime<'2015-07-02 11:47:54 ') )  [ RunTime:0.0010s ]
SQL: SELECT * FROM `equipment` WHERE ( time>='2015-07-02 11:47:38 ' OR ( type=1 AND validtime>'2015-07-02 11:47:38 ' AND validtime<'2015-07-02 11:47:55 ') )  [ RunTime:0.0010s ]

[ 2015-07-02T11:47:56+08:00 ] ::1 /jiankong/home.php?m=Home&c=GetCurrent&a=getcurrent
INFO: [ app_init ] --START--
INFO: Run Behavior\BuildLiteBehavior [ RunTime:0.000000s ]
INFO: [ app_init ] --END-- [ RunTime:0.000000s ]
INFO: [ app_begin ] --START--
INFO: Run Behavior\ReadHtmlCacheBehavior [ RunTime:0.001000s ]
INFO: [ app_begin ] --END-- [ RunTime:0.001000s ]
SQL: SHOW COLUMNS FROM `equipment` [ RunTime:0.0040s ]
SQL: SELECT * FROM `equipment` WHERE ( time>='2015-07-02 11:47:40 ' OR ( type=1 AND validtime>'2015-07-02 11:47:40 ' AND validtime<'2015-07-02 11:47:40 ') )  [ RunTime:0.0000s ]
SQL: SELECT * FROM `equipment` WHERE ( time>='2015-07-02 11:47:40 ' OR ( type=1 AND validtime>'2015-07-02 11:47:40 ' AND validtime<'2015-07-02 11:47:41 ') )  [ RunTime:0.0010s ]
SQL: SELECT * FROM `equipment` WHERE ( time>='2015-07-02 11:47:40 ' OR ( type=1 AND validtime>'2015-07-02 11:47:40 ' AND validtime<'2015-07-02 11:47:41 ') )  [ RunTime:0.0010s ]
SQL: SELECT * FROM `equipment` WHERE ( time>='2015-07-02 11:47:40 ' OR ( type=1 AND validtime>'2015-07-02 11:47:40 ' AND validtime<'2015-07-02 11:47:42 ') )  [ RunTime:0.0010s ]
SQL: SELECT * FROM `equipment` WHERE ( time>='2015-07-02 11:47:40 ' OR ( type=1 AND validtime>'2015-07-02 11:47:40 ' AND validtime<'2015-07-02 11:47:42 ') )  [ RunTime:0.0010s ]
SQL: SELECT * FROM `equipment` WHERE ( time>='2015-07-02 11:47:40 ' OR ( type=1 AND validtime>'2015-07-02 11:47:40 ' AND validtime<'2015-07-02 11:47:43 ') )  [ RunTime:0.0010s ]
SQL: SELECT * FROM `equipment` WHERE ( time>='2015-07-02 11:47:40 ' OR ( type=1 AND validtime>'2015-07-02 11:47:40 ' AND validtime<'2015-07-02 11:47:43 ') )  [ RunTime:0.0010s ]
SQL: SELECT * FROM `equipment` WHERE ( time>='2015-07-02 11:47:40 ' OR ( type=1 AND validtime>'2015-07-02 11:47:40 ' AND validtime<'2015-07-02 11:47:44 ') )  [ RunTime:0.0010s ]
SQL: SELECT * FROM `equipment` WHERE ( time>='2015-07-02 11:47:40 ' OR ( type=1 AND validtime>'2015-07-02 11:47:40 ' AND validtime<'2015-07-02 11:47:44 ') )  [ RunTime:0.0010s ]
SQL: SELECT * FROM `equipment` WHERE ( time>='2015-07-02 11:47:40 ' OR ( type=1 AND validtime>'2015-07-02 11:47:40 ' AND validtime<'2015-07-02 11:47:45 ') )  [ RunTime:0.0010s ]
SQL: SELECT * FROM `equipment` WHERE ( time>='2015-07-02 11:47:40 ' OR ( type=1 AND validtime>'2015-07-02 11:47:40 ' AND validtime<'2015-07-02 11:47:45 ') )  [ RunTime:0.0010s ]
SQL: SELECT * FROM `equipment` WHERE ( time>='2015-07-02 11:47:40 ' OR ( type=1 AND validtime>'2015-07-02 11:47:40 ' AND validtime<'2015-07-02 11:47:46 ') )  [ RunTime:0.0000s ]
SQL: SELECT * FROM `equipment` WHERE ( time>='2015-07-02 11:47:40 ' OR ( type=1 AND validtime>'2015-07-02 11:47:40 ' AND validtime<'2015-07-02 11:47:46 ') )  [ RunTime:0.0010s ]
SQL: SELECT * FROM `equipment` WHERE ( time>='2015-07-02 11:47:40 ' OR ( type=1 AND validtime>'2015-07-02 11:47:40 ' AND validtime<'2015-07-02 11:47:47 ') )  [ RunTime:0.0000s ]
SQL: SELECT * FROM `equipment` WHERE ( time>='2015-07-02 11:47:40 ' OR ( type=1 AND validtime>'2015-07-02 11:47:40 ' AND validtime<'2015-07-02 11:47:47 ') )  [ RunTime:0.0010s ]
SQL: SELECT * FROM `equipment` WHERE ( time>='2015-07-02 11:47:40 ' OR ( type=1 AND validtime>'2015-07-02 11:47:40 ' AND validtime<'2015-07-02 11:47:48 ') )  [ RunTime:0.0010s ]
SQL: SELECT * FROM `equipment` WHERE ( time>='2015-07-02 11:47:40 ' OR ( type=1 AND validtime>'2015-07-02 11:47:40 ' AND validtime<'2015-07-02 11:47:48 ') )  [ RunTime:0.0010s ]
SQL: SELECT * FROM `equipment` WHERE ( time>='2015-07-02 11:47:40 ' OR ( type=1 AND validtime>'2015-07-02 11:47:40 ' AND validtime<'2015-07-02 11:47:49 ') )  [ RunTime:0.0010s ]
SQL: SELECT * FROM `equipment` WHERE ( time>='2015-07-02 11:47:40 ' OR ( type=1 AND validtime>'2015-07-02 11:47:40 ' AND validtime<'2015-07-02 11:47:49 ') )  [ RunTime:0.0010s ]
SQL: SELECT * FROM `equipment` WHERE ( time>='2015-07-02 11:47:40 ' OR ( type=1 AND validtime>'2015-07-02 11:47:40 ' AND validtime<'2015-07-02 11:47:50 ') )  [ RunTime:0.0010s ]
SQL: SELECT * FROM `equipment` WHERE ( time>='2015-07-02 11:47:40 ' OR ( type=1 AND validtime>'2015-07-02 11:47:40 ' AND validtime<'2015-07-02 11:47:50 ') )  [ RunTime:0.0010s ]
SQL: SELECT * FROM `equipment` WHERE ( time>='2015-07-02 11:47:40 ' OR ( type=1 AND validtime>'2015-07-02 11:47:40 ' AND validtime<'2015-07-02 11:47:51 ') )  [ RunTime:0.0010s ]
SQL: SELECT * FROM `equipment` WHERE ( time>='2015-07-02 11:47:40 ' OR ( type=1 AND validtime>'2015-07-02 11:47:40 ' AND validtime<'2015-07-02 11:47:51 ') )  [ RunTime:0.0010s ]
SQL: SELECT * FROM `equipment` WHERE ( time>='2015-07-02 11:47:40 ' OR ( type=1 AND validtime>'2015-07-02 11:47:40 ' AND validtime<'2015-07-02 11:47:52 ') )  [ RunTime:0.0010s ]
SQL: SELECT * FROM `equipment` WHERE ( time>='2015-07-02 11:47:40 ' OR ( type=1 AND validtime>'2015-07-02 11:47:40 ' AND validtime<'2015-07-02 11:47:52 ') )  [ RunTime:0.0010s ]
SQL: SELECT * FROM `equipment` WHERE ( time>='2015-07-02 11:47:40 ' OR ( type=1 AND validtime>'2015-07-02 11:47:40 ' AND validtime<'2015-07-02 11:47:53 ') )  [ RunTime:0.0010s ]
SQL: SELECT * FROM `equipment` WHERE ( time>='2015-07-02 11:47:40 ' OR ( type=1 AND validtime>'2015-07-02 11:47:40 ' AND validtime<'2015-07-02 11:47:53 ') )  [ RunTime:0.0010s ]
SQL: SELECT * FROM `equipment` WHERE ( time>='2015-07-02 11:47:40 ' OR ( type=1 AND validtime>'2015-07-02 11:47:40 ' AND validtime<'2015-07-02 11:47:54 ') )  [ RunTime:0.0010s ]
SQL: SELECT * FROM `equipment` WHERE ( time>='2015-07-02 11:47:40 ' OR ( type=1 AND validtime>'2015-07-02 11:47:40 ' AND validtime<'2015-07-02 11:47:54 ') )  [ RunTime:0.0010s ]
SQL: SELECT * FROM `equipment` WHERE ( time>='2015-07-02 11:47:40 ' OR ( type=1 AND validtime>'2015-07-02 11:47:40 ' AND validtime<'2015-07-02 11:47:55 ') )  [ RunTime:0.0010s ]
SQL: SELECT * FROM `equipment` WHERE ( time>='2015-07-02 11:47:40 ' OR ( type=1 AND validtime>'2015-07-02 11:47:40 ' AND validtime<'2015-07-02 11:47:55 ') )  [ RunTime:0.0010s ]
SQL: SELECT * FROM `equipment` WHERE ( time>='2015-07-02 11:47:40 ' OR ( type=1 AND validtime>'2015-07-02 11:47:40 ' AND validtime<'2015-07-02 11:47:56 ') )  [ RunTime:0.0010s ]

[ 2015-07-02T11:48:04+08:00 ] ::1 /jiankong/home.php?m=Home&c=Index&a=index
INFO: [ app_init ] --START--
INFO: Run Behavior\BuildLiteBehavior [ RunTime:0.000000s ]
INFO: [ app_init ] --END-- [ RunTime:0.001000s ]
INFO: [ app_begin ] --START--
INFO: Run Behavior\ReadHtmlCacheBehavior [ RunTime:0.001000s ]
INFO: [ app_begin ] --END-- [ RunTime:0.001000s ]
INFO: [ view_parse ] --START--
INFO: [ template_filter ] --START--
INFO: Run Behavior\ContentReplaceBehavior [ RunTime:0.000000s ]
INFO: [ template_filter ] --END-- [ RunTime:0.000000s ]
INFO: Run Behavior\ParseTemplateBehavior [ RunTime:0.015001s ]
INFO: [ view_parse ] --END-- [ RunTime:0.015001s ]
INFO: [ view_filter ] --START--
INFO: Run Behavior\WriteHtmlCacheBehavior [ RunTime:0.000000s ]
INFO: [ view_filter ] --END-- [ RunTime:0.000000s ]
INFO: [ app_end ] --START--
INFO: Run Behavior\ShowPageTraceBehavior [ RunTime:0.001000s ]
INFO: [ app_end ] --END-- [ RunTime:0.001000s ]

[ 2015-07-02T11:48:04+08:00 ] ::1 /jiankong/home.php?m=Home&c=GetCurrent&a=getcurrent
INFO: [ app_init ] --START--
INFO: Run Behavior\BuildLiteBehavior [ RunTime:0.000000s ]
INFO: [ app_init ] --END-- [ RunTime:0.001000s ]
INFO: [ app_begin ] --START--
INFO: Run Behavior\ReadHtmlCacheBehavior [ RunTime:0.001000s ]
INFO: [ app_begin ] --END-- [ RunTime:0.001000s ]
SQL: SHOW COLUMNS FROM `equipment` [ RunTime:0.0040s ]
SQL: SELECT * FROM `equipment`  [ RunTime:0.0000s ]

[ 2015-07-02T11:48:06+08:00 ] ::1 /jiankong/home.php?m=Home&c=GetCurrent&a=getcurrent
INFO: [ app_init ] --START--
INFO: Run Behavior\BuildLiteBehavior [ RunTime:0.000000s ]
INFO: [ app_init ] --END-- [ RunTime:0.001000s ]
INFO: [ app_begin ] --START--
INFO: Run Behavior\ReadHtmlCacheBehavior [ RunTime:0.001000s ]
INFO: [ app_begin ] --END-- [ RunTime:0.001000s ]
SQL: SHOW COLUMNS FROM `equipment` [ RunTime:0.0040s ]
SQL: SELECT * FROM `equipment` WHERE ( time>='2015-07-02 11:47:49 ' OR ( type=1 AND validtime>'2015-07-02 11:47:49 ' AND validtime<'2015-07-02 11:47:50 ') )  [ RunTime:0.0010s ]
SQL: SELECT * FROM `equipment` WHERE ( time>='2015-07-02 11:47:49 ' OR ( type=1 AND validtime>'2015-07-02 11:47:49 ' AND validtime<'2015-07-02 11:47:51 ') )  [ RunTime:0.0010s ]
SQL: SELECT * FROM `equipment` WHERE ( time>='2015-07-02 11:47:49 ' OR ( type=1 AND validtime>'2015-07-02 11:47:49 ' AND validtime<'2015-07-02 11:47:51 ') )  [ RunTime:0.0010s ]
SQL: SELECT * FROM `equipment` WHERE ( time>='2015-07-02 11:47:49 ' OR ( type=1 AND validtime>'2015-07-02 11:47:49 ' AND validtime<'2015-07-02 11:47:52 ') )  [ RunTime:0.0010s ]
SQL: SELECT * FROM `equipment` WHERE ( time>='2015-07-02 11:47:49 ' OR ( type=1 AND validtime>'2015-07-02 11:47:49 ' AND validtime<'2015-07-02 11:47:52 ') )  [ RunTime:0.0010s ]
SQL: SELECT * FROM `equipment` WHERE ( time>='2015-07-02 11:47:49 ' OR ( type=1 AND validtime>'2015-07-02 11:47:49 ' AND validtime<'2015-07-02 11:47:53 ') )  [ RunTime:0.0010s ]
SQL: SELECT * FROM `equipment` WHERE ( time>='2015-07-02 11:47:49 ' OR ( type=1 AND validtime>'2015-07-02 11:47:49 ' AND validtime<'2015-07-02 11:47:53 ') )  [ RunTime:0.0010s ]
SQL: SELECT * FROM `equipment` WHERE ( time>='2015-07-02 11:47:49 ' OR ( type=1 AND validtime>'2015-07-02 11:47:49 ' AND validtime<'2015-07-02 11:47:54 ') )  [ RunTime:0.0000s ]
SQL: SELECT * FROM `equipment` WHERE ( time>='2015-07-02 11:47:49 ' OR ( type=1 AND validtime>'2015-07-02 11:47:49 ' AND validtime<'2015-07-02 11:47:54 ') )  [ RunTime:0.0010s ]
SQL: SELECT * FROM `equipment` WHERE ( time>='2015-07-02 11:47:49 ' OR ( type=1 AND validtime>'2015-07-02 11:47:49 ' AND validtime<'2015-07-02 11:47:55 ') )  [ RunTime:0.0010s ]
SQL: SELECT * FROM `equipment` WHERE ( time>='2015-07-02 11:47:49 ' OR ( type=1 AND validtime>'2015-07-02 11:47:49 ' AND validtime<'2015-07-02 11:47:55 ') )  [ RunTime:0.0010s ]
SQL: SELECT * FROM `equipment` WHERE ( time>='2015-07-02 11:47:49 ' OR ( type=1 AND validtime>'2015-07-02 11:47:49 ' AND validtime<'2015-07-02 11:47:56 ') )  [ RunTime:0.0010s ]
SQL: SELECT * FROM `equipment` WHERE ( time>='2015-07-02 11:47:49 ' OR ( type=1 AND validtime>'2015-07-02 11:47:49 ' AND validtime<'2015-07-02 11:47:56 ') )  [ RunTime:0.0010s ]
SQL: SELECT * FROM `equipment` WHERE ( time>='2015-07-02 11:47:49 ' OR ( type=1 AND validtime>'2015-07-02 11:47:49 ' AND validtime<'2015-07-02 11:47:57 ') )  [ RunTime:0.0010s ]
SQL: SELECT * FROM `equipment` WHERE ( time>='2015-07-02 11:47:49 ' OR ( type=1 AND validtime>'2015-07-02 11:47:49 ' AND validtime<'2015-07-02 11:47:57 ') )  [ RunTime:0.0010s ]
SQL: SELECT * FROM `equipment` WHERE ( time>='2015-07-02 11:47:49 ' OR ( type=1 AND validtime>'2015-07-02 11:47:49 ' AND validtime<'2015-07-02 11:47:58 ') )  [ RunTime:0.0010s ]
SQL: SELECT * FROM `equipment` WHERE ( time>='2015-07-02 11:47:49 ' OR ( type=1 AND validtime>'2015-07-02 11:47:49 ' AND validtime<'2015-07-02 11:47:58 ') )  [ RunTime:0.0010s ]
SQL: SELECT * FROM `equipment` WHERE ( time>='2015-07-02 11:47:49 ' OR ( type=1 AND validtime>'2015-07-02 11:47:49 ' AND validtime<'2015-07-02 11:47:59 ') )  [ RunTime:0.0010s ]
SQL: SELECT * FROM `equipment` WHERE ( time>='2015-07-02 11:47:49 ' OR ( type=1 AND validtime>'2015-07-02 11:47:49 ' AND validtime<'2015-07-02 11:47:59 ') )  [ RunTime:0.0010s ]
SQL: SELECT * FROM `equipment` WHERE ( time>='2015-07-02 11:47:49 ' OR ( type=1 AND validtime>'2015-07-02 11:47:49 ' AND validtime<'2015-07-02 11:48:00 ') )  [ RunTime:0.0010s ]
SQL: SELECT * FROM `equipment` WHERE ( time>='2015-07-02 11:47:49 ' OR ( type=1 AND validtime>'2015-07-02 11:47:49 ' AND validtime<'2015-07-02 11:48:00 ') )  [ RunTime:0.0010s ]
SQL: SELECT * FROM `equipment` WHERE ( time>='2015-07-02 11:47:49 ' OR ( type=1 AND validtime>'2015-07-02 11:47:49 ' AND validtime<'2015-07-02 11:48:01 ') )  [ RunTime:0.0010s ]
SQL: SELECT * FROM `equipment` WHERE ( time>='2015-07-02 11:47:49 ' OR ( type=1 AND validtime>'2015-07-02 11:47:49 ' AND validtime<'2015-07-02 11:48:01 ') )  [ RunTime:0.0010s ]
SQL: SELECT * FROM `equipment` WHERE ( time>='2015-07-02 11:47:49 ' OR ( type=1 AND validtime>'2015-07-02 11:47:49 ' AND validtime<'2015-07-02 11:48:02 ') )  [ RunTime:0.0010s ]
SQL: SELECT * FROM `equipment` WHERE ( time>='2015-07-02 11:47:49 ' OR ( type=1 AND validtime>'2015-07-02 11:47:49 ' AND validtime<'2015-07-02 11:48:02 ') )  [ RunTime:0.0010s ]
SQL: SELECT * FROM `equipment` WHERE ( time>='2015-07-02 11:47:49 ' OR ( type=1 AND validtime>'2015-07-02 11:47:49 ' AND validtime<'2015-07-02 11:48:03 ') )  [ RunTime:0.0010s ]
SQL: SELECT * FROM `equipment` WHERE ( time>='2015-07-02 11:47:49 ' OR ( type=1 AND validtime>'2015-07-02 11:47:49 ' AND validtime<'2015-07-02 11:48:03 ') )  [ RunTime:0.0010s ]
SQL: SELECT * FROM `equipment` WHERE ( time>='2015-07-02 11:47:49 ' OR ( type=1 AND validtime>'2015-07-02 11:47:49 ' AND validtime<'2015-07-02 11:48:04 ') )  [ RunTime:0.0010s ]
SQL: SELECT * FROM `equipment` WHERE ( time>='2015-07-02 11:47:49 ' OR ( type=1 AND validtime>'2015-07-02 11:47:49 ' AND validtime<'2015-07-02 11:48:04 ') )  [ RunTime:0.0010s ]
SQL: SELECT * FROM `equipment` WHERE ( time>='2015-07-02 11:47:49 ' OR ( type=1 AND validtime>'2015-07-02 11:47:49 ' AND validtime<'2015-07-02 11:48:05 ') )  [ RunTime:0.0010s ]
SQL: SELECT * FROM `equipment` WHERE ( time>='2015-07-02 11:47:49 ' OR ( type=1 AND validtime>'2015-07-02 11:47:49 ' AND validtime<'2015-07-02 11:48:05 ') )  [ RunTime:0.0010s ]
SQL: SELECT * FROM `equipment` WHERE ( time>='2015-07-02 11:47:49 ' OR ( type=1 AND validtime>'2015-07-02 11:47:49 ' AND validtime<'2015-07-02 11:48:06 ') )  [ RunTime:0.0010s ]

[ 2015-07-02T11:48:07+08:00 ] ::1 /jiankong/home.php?m=Home&c=Index&a=index_map
INFO: [ app_init ] --START--
INFO: Run Behavior\BuildLiteBehavior [ RunTime:0.000000s ]
INFO: [ app_init ] --END-- [ RunTime:0.001000s ]
INFO: [ app_begin ] --START--
INFO: Run Behavior\ReadHtmlCacheBehavior [ RunTime:0.001000s ]
INFO: [ app_begin ] --END-- [ RunTime:0.001000s ]
INFO: [ view_parse ] --START--
INFO: [ template_filter ] --START--
INFO: Run Behavior\ContentReplaceBehavior [ RunTime:0.000000s ]
INFO: [ template_filter ] --END-- [ RunTime:0.000000s ]
INFO: Run Behavior\ParseTemplateBehavior [ RunTime:0.017001s ]
INFO: [ view_parse ] --END-- [ RunTime:0.017001s ]
INFO: [ view_filter ] --START--
INFO: Run Behavior\WriteHtmlCacheBehavior [ RunTime:0.001000s ]
INFO: [ view_filter ] --END-- [ RunTime:0.001000s ]
INFO: [ app_end ] --START--
INFO: Run Behavior\ShowPageTraceBehavior [ RunTime:0.001000s ]
INFO: [ app_end ] --END-- [ RunTime:0.002000s ]

[ 2015-07-02T11:48:08+08:00 ] ::1 /jiankong/home.php?m=Home&c=GetCurrent&a=getcurrent
INFO: [ app_init ] --START--
INFO: Run Behavior\BuildLiteBehavior [ RunTime:0.000000s ]
INFO: [ app_init ] --END-- [ RunTime:0.000000s ]
INFO: [ app_begin ] --START--
INFO: Run Behavior\ReadHtmlCacheBehavior [ RunTime:0.000000s ]
INFO: [ app_begin ] --END-- [ RunTime:0.001000s ]
SQL: SHOW COLUMNS FROM `equipment` [ RunTime:0.0040s ]
SQL: SELECT * FROM `equipment`  [ RunTime:0.0010s ]

[ 2015-07-02T11:48:08+08:00 ] ::1 /jiankong/home.php?m=Home&c=Index&a=index
INFO: [ app_init ] --START--
INFO: Run Behavior\BuildLiteBehavior [ RunTime:0.000000s ]
INFO: [ app_init ] --END-- [ RunTime:0.001000s ]
INFO: [ app_begin ] --START--
INFO: Run Behavior\ReadHtmlCacheBehavior [ RunTime:0.001000s ]
INFO: [ app_begin ] --END-- [ RunTime:0.001000s ]
INFO: [ view_parse ] --START--
INFO: [ template_filter ] --START--
INFO: Run Behavior\ContentReplaceBehavior [ RunTime:0.000000s ]
INFO: [ template_filter ] --END-- [ RunTime:0.001000s ]
INFO: Run Behavior\ParseTemplateBehavior [ RunTime:0.017001s ]
INFO: [ view_parse ] --END-- [ RunTime:0.017001s ]
INFO: [ view_filter ] --START--
INFO: Run Behavior\WriteHtmlCacheBehavior [ RunTime:0.001000s ]
INFO: [ view_filter ] --END-- [ RunTime:0.001000s ]
INFO: [ app_end ] --START--
INFO: Run Behavior\ShowPageTraceBehavior [ RunTime:0.001000s ]
INFO: [ app_end ] --END-- [ RunTime:0.001000s ]

[ 2015-07-02T11:48:08+08:00 ] ::1 /jiankong/home.php?m=Home&c=GetCurrent&a=getcurrent
INFO: [ app_init ] --START--
INFO: Run Behavior\BuildLiteBehavior [ RunTime:0.000000s ]
INFO: [ app_init ] --END-- [ RunTime:0.001000s ]
INFO: [ app_begin ] --START--
INFO: Run Behavior\ReadHtmlCacheBehavior [ RunTime:0.001000s ]
INFO: [ app_begin ] --END-- [ RunTime:0.001000s ]
SQL: SHOW COLUMNS FROM `equipment` [ RunTime:0.0040s ]
SQL: SELECT * FROM `equipment`  [ RunTime:0.0000s ]

[ 2015-07-02T11:48:16+08:00 ] ::1 /jiankong/home.php?m=Home&c=GetCurrent&a=getcurrent
INFO: [ app_init ] --START--
INFO: Run Behavior\BuildLiteBehavior [ RunTime:0.001000s ]
INFO: [ app_init ] --END-- [ RunTime:0.001000s ]
INFO: [ app_begin ] --START--
INFO: Run Behavior\ReadHtmlCacheBehavior [ RunTime:0.001000s ]
INFO: [ app_begin ] --END-- [ RunTime:0.001000s ]
SQL: SHOW COLUMNS FROM `equipment` [ RunTime:0.0060s ]
SQL: SELECT * FROM `equipment` WHERE ( time>='2015-07-02 11:48:08 ' OR ( type=1 AND validtime>'2015-07-02 11:48:08 ' AND validtime<'2015-07-02 11:48:09 ') )  [ RunTime:0.0010s ]
SQL: SELECT * FROM `equipment` WHERE ( time>='2015-07-02 11:48:08 ' OR ( type=1 AND validtime>'2015-07-02 11:48:08 ' AND validtime<'2015-07-02 11:48:09 ') )  [ RunTime:0.0010s ]
SQL: SELECT * FROM `equipment` WHERE ( time>='2015-07-02 11:48:08 ' OR ( type=1 AND validtime>'2015-07-02 11:48:08 ' AND validtime<'2015-07-02 11:48:10 ') )  [ RunTime:0.0010s ]
SQL: SELECT * FROM `equipment` WHERE ( time>='2015-07-02 11:48:08 ' OR ( type=1 AND validtime>'2015-07-02 11:48:08 ' AND validtime<'2015-07-02 11:48:10 ') )  [ RunTime:0.0010s ]
SQL: SELECT * FROM `equipment` WHERE ( time>='2015-07-02 11:48:08 ' OR ( type=1 AND validtime>'2015-07-02 11:48:08 ' AND validtime<'2015-07-02 11:48:11 ') )  [ RunTime:0.0010s ]
SQL: SELECT * FROM `equipment` WHERE ( time>='2015-07-02 11:48:08 ' OR ( type=1 AND validtime>'2015-07-02 11:48:08 ' AND validtime<'2015-07-02 11:48:11 ') )  [ RunTime:0.0010s ]
SQL: SELECT * FROM `equipment` WHERE ( time>='2015-07-02 11:48:08 ' OR ( type=1 AND validtime>'2015-07-02 11:48:08 ' AND validtime<'2015-07-02 11:48:12 ') )  [ RunTime:0.0010s ]
SQL: SELECT * FROM `equipment` WHERE ( time>='2015-07-02 11:48:08 ' OR ( type=1 AND validtime>'2015-07-02 11:48:08 ' AND validtime<'2015-07-02 11:48:12 ') )  [ RunTime:0.0010s ]
SQL: SELECT * FROM `equipment` WHERE ( time>='2015-07-02 11:48:08 ' OR ( type=1 AND validtime>'2015-07-02 11:48:08 ' AND validtime<'2015-07-02 11:48:13 ') )  [ RunTime:0.0010s ]
SQL: SELECT * FROM `equipment` WHERE ( time>='2015-07-02 11:48:08 ' OR ( type=1 AND validtime>'2015-07-02 11:48:08 ' AND validtime<'2015-07-02 11:48:13 ') )  [ RunTime:0.0010s ]
SQL: SELECT * FROM `equipment` WHERE ( time>='2015-07-02 11:48:08 ' OR ( type=1 AND validtime>'2015-07-02 11:48:08 ' AND validtime<'2015-07-02 11:48:14 ') )  [ RunTime:0.0010s ]
SQL: SELECT * FROM `equipment` WHERE ( time>='2015-07-02 11:48:08 ' OR ( type=1 AND validtime>'2015-07-02 11:48:08 ' AND validtime<'2015-07-02 11:48:14 ') )  [ RunTime:0.0010s ]
SQL: SELECT * FROM `equipment` WHERE ( time>='2015-07-02 11:48:08 ' OR ( type=1 AND validtime>'2015-07-02 11:48:08 ' AND validtime<'2015-07-02 11:48:15 ') )  [ RunTime:0.0010s ]
SQL: SELECT * FROM `equipment` WHERE ( time>='2015-07-02 11:48:08 ' OR ( type=1 AND validtime>'2015-07-02 11:48:08 ' AND validtime<'2015-07-02 11:48:15 ') )  [ RunTime:0.0010s ]
SQL: SELECT * FROM `equipment` WHERE ( time>='2015-07-02 11:48:08 ' OR ( type=1 AND validtime>'2015-07-02 11:48:08 ' AND validtime<'2015-07-02 11:48:16 ') )  [ RunTime:0.0010s ]
SQL: SELECT * FROM `equipment` WHERE ( time>='2015-07-02 11:48:08 ' OR ( type=1 AND validtime>'2015-07-02 11:48:08 ' AND validtime<'2015-07-02 11:48:16 ') )  [ RunTime:0.0010s ]

[ 2015-07-02T11:48:20+08:00 ] ::1 /jiankong/home.php?m=Home&c=GetCurrent&a=getcurrent
INFO: [ app_init ] --START--
INFO: Run Behavior\BuildLiteBehavior [ RunTime:0.000000s ]
INFO: [ app_init ] --END-- [ RunTime:0.001000s ]
INFO: [ app_begin ] --START--
INFO: Run Behavior\ReadHtmlCacheBehavior [ RunTime:0.002001s ]
INFO: [ app_begin ] --END-- [ RunTime:0.002001s ]
SQL: SHOW COLUMNS FROM `equipment` [ RunTime:0.0040s ]
SQL: SELECT * FROM `equipment` WHERE ( time>='2015-07-02 11:48:04 ' OR ( type=1 AND validtime>'2015-07-02 11:48:04 ' AND validtime<'2015-07-02 11:48:04 ') )  [ RunTime:0.0000s ]
SQL: SELECT * FROM `equipment` WHERE ( time>='2015-07-02 11:48:04 ' OR ( type=1 AND validtime>'2015-07-02 11:48:04 ' AND validtime<'2015-07-02 11:48:05 ') )  [ RunTime:0.0010s ]
SQL: SELECT * FROM `equipment` WHERE ( time>='2015-07-02 11:48:04 ' OR ( type=1 AND validtime>'2015-07-02 11:48:04 ' AND validtime<'2015-07-02 11:48:05 ') )  [ RunTime:0.0010s ]
SQL: SELECT * FROM `equipment` WHERE ( time>='2015-07-02 11:48:04 ' OR ( type=1 AND validtime>'2015-07-02 11:48:04 ' AND validtime<'2015-07-02 11:48:06 ') )  [ RunTime:0.0010s ]
SQL: SELECT * FROM `equipment` WHERE ( time>='2015-07-02 11:48:04 ' OR ( type=1 AND validtime>'2015-07-02 11:48:04 ' AND validtime<'2015-07-02 11:48:06 ') )  [ RunTime:0.0010s ]
SQL: SELECT * FROM `equipment` WHERE ( time>='2015-07-02 11:48:04 ' OR ( type=1 AND validtime>'2015-07-02 11:48:04 ' AND validtime<'2015-07-02 11:48:07 ') )  [ RunTime:0.0010s ]
SQL: SELECT * FROM `equipment` WHERE ( time>='2015-07-02 11:48:04 ' OR ( type=1 AND validtime>'2015-07-02 11:48:04 ' AND validtime<'2015-07-02 11:48:07 ') )  [ RunTime:0.0010s ]
SQL: SELECT * FROM `equipment` WHERE ( time>='2015-07-02 11:48:04 ' OR ( type=1 AND validtime>'2015-07-02 11:48:04 ' AND validtime<'2015-07-02 11:48:08 ') )  [ RunTime:0.0010s ]
SQL: SELECT * FROM `equipment` WHERE ( time>='2015-07-02 11:48:04 ' OR ( type=1 AND validtime>'2015-07-02 11:48:04 ' AND validtime<'2015-07-02 11:48:08 ') )  [ RunTime:0.0010s ]
SQL: SELECT * FROM `equipment` WHERE ( time>='2015-07-02 11:48:04 ' OR ( type=1 AND validtime>'2015-07-02 11:48:04 ' AND validtime<'2015-07-02 11:48:09 ') )  [ RunTime:0.0010s ]
SQL: SELECT * FROM `equipment` WHERE ( time>='2015-07-02 11:48:04 ' OR ( type=1 AND validtime>'2015-07-02 11:48:04 ' AND validtime<'2015-07-02 11:48:09 ') )  [ RunTime:0.0010s ]
SQL: SELECT * FROM `equipment` WHERE ( time>='2015-07-02 11:48:04 ' OR ( type=1 AND validtime>'2015-07-02 11:48:04 ' AND validtime<'2015-07-02 11:48:10 ') )  [ RunTime:0.0010s ]
SQL: SELECT * FROM `equipment` WHERE ( time>='2015-07-02 11:48:04 ' OR ( type=1 AND validtime>'2015-07-02 11:48:04 ' AND validtime<'2015-07-02 11:48:10 ') )  [ RunTime:0.0010s ]
SQL: SELECT * FROM `equipment` WHERE ( time>='2015-07-02 11:48:04 ' OR ( type=1 AND validtime>'2015-07-02 11:48:04 ' AND validtime<'2015-07-02 11:48:11 ') )  [ RunTime:0.0010s ]
SQL: SELECT * FROM `equipment` WHERE ( time>='2015-07-02 11:48:04 ' OR ( type=1 AND validtime>'2015-07-02 11:48:04 ' AND validtime<'2015-07-02 11:48:11 ') )  [ RunTime:0.0010s ]
SQL: SELECT * FROM `equipment` WHERE ( time>='2015-07-02 11:48:04 ' OR ( type=1 AND validtime>'2015-07-02 11:48:04 ' AND validtime<'2015-07-02 11:48:12 ') )  [ RunTime:0.0010s ]
SQL: SELECT * FROM `equipment` WHERE ( time>='2015-07-02 11:48:04 ' OR ( type=1 AND validtime>'2015-07-02 11:48:04 ' AND validtime<'2015-07-02 11:48:12 ') )  [ RunTime:0.0010s ]
SQL: SELECT * FROM `equipment` WHERE ( time>='2015-07-02 11:48:04 ' OR ( type=1 AND validtime>'2015-07-02 11:48:04 ' AND validtime<'2015-07-02 11:48:13 ') )  [ RunTime:0.0010s ]
SQL: SELECT * FROM `equipment` WHERE ( time>='2015-07-02 11:48:04 ' OR ( type=1 AND validtime>'2015-07-02 11:48:04 ' AND validtime<'2015-07-02 11:48:13 ') )  [ RunTime:0.0000s ]
SQL: SELECT * FROM `equipment` WHERE ( time>='2015-07-02 11:48:04 ' OR ( type=1 AND validtime>'2015-07-02 11:48:04 ' AND validtime<'2015-07-02 11:48:14 ') )  [ RunTime:0.0000s ]
SQL: SELECT * FROM `equipment` WHERE ( time>='2015-07-02 11:48:04 ' OR ( type=1 AND validtime>'2015-07-02 11:48:04 ' AND validtime<'2015-07-02 11:48:14 ') )  [ RunTime:0.0010s ]
SQL: SELECT * FROM `equipment` WHERE ( time>='2015-07-02 11:48:04 ' OR ( type=1 AND validtime>'2015-07-02 11:48:04 ' AND validtime<'2015-07-02 11:48:15 ') )  [ RunTime:0.0010s ]
SQL: SELECT * FROM `equipment` WHERE ( time>='2015-07-02 11:48:04 ' OR ( type=1 AND validtime>'2015-07-02 11:48:04 ' AND validtime<'2015-07-02 11:48:15 ') )  [ RunTime:0.0010s ]
SQL: SELECT * FROM `equipment` WHERE ( time>='2015-07-02 11:48:04 ' OR ( type=1 AND validtime>'2015-07-02 11:48:04 ' AND validtime<'2015-07-02 11:48:16 ') )  [ RunTime:0.0010s ]
SQL: SELECT * FROM `equipment` WHERE ( time>='2015-07-02 11:48:04 ' OR ( type=1 AND validtime>'2015-07-02 11:48:04 ' AND validtime<'2015-07-02 11:48:16 ') )  [ RunTime:0.0010s ]
SQL: SELECT * FROM `equipment` WHERE ( time>='2015-07-02 11:48:04 ' OR ( type=1 AND validtime>'2015-07-02 11:48:04 ' AND validtime<'2015-07-02 11:48:17 ') )  [ RunTime:0.0010s ]
SQL: SELECT * FROM `equipment` WHERE ( time>='2015-07-02 11:48:04 ' OR ( type=1 AND validtime>'2015-07-02 11:48:04 ' AND validtime<'2015-07-02 11:48:17 ') )  [ RunTime:0.0010s ]
SQL: SELECT * FROM `equipment` WHERE ( time>='2015-07-02 11:48:04 ' OR ( type=1 AND validtime>'2015-07-02 11:48:04 ' AND validtime<'2015-07-02 11:48:18 ') )  [ RunTime:0.0010s ]
SQL: SELECT * FROM `equipment` WHERE ( time>='2015-07-02 11:48:04 ' OR ( type=1 AND validtime>'2015-07-02 11:48:04 ' AND validtime<'2015-07-02 11:48:18 ') )  [ RunTime:0.0010s ]
SQL: SELECT * FROM `equipment` WHERE ( time>='2015-07-02 11:48:04 ' OR ( type=1 AND validtime>'2015-07-02 11:48:04 ' AND validtime<'2015-07-02 11:48:19 ') )  [ RunTime:0.0010s ]
SQL: SELECT * FROM `equipment` WHERE ( time>='2015-07-02 11:48:04 ' OR ( type=1 AND validtime>'2015-07-02 11:48:04 ' AND validtime<'2015-07-02 11:48:19 ') )  [ RunTime:0.0010s ]
SQL: SELECT * FROM `equipment` WHERE ( time>='2015-07-02 11:48:04 ' OR ( type=1 AND validtime>'2015-07-02 11:48:04 ' AND validtime<'2015-07-02 11:48:20 ') )  [ RunTime:0.0000s ]

[ 2015-07-02T11:48:33+08:00 ] ::1 /jiankong/home.php?m=Home&c=GetCurrent&a=getcurrent
INFO: [ app_init ] --START--
INFO: Run Behavior\BuildLiteBehavior [ RunTime:0.000000s ]
INFO: [ app_init ] --END-- [ RunTime:0.001000s ]
INFO: [ app_begin ] --START--
INFO: Run Behavior\ReadHtmlCacheBehavior [ RunTime:0.001000s ]
INFO: [ app_begin ] --END-- [ RunTime:0.002000s ]
SQL: SHOW COLUMNS FROM `equipment` [ RunTime:0.0040s ]
SQL: SELECT * FROM `equipment` WHERE ( time>='2015-07-02 11:48:08 ' OR ( type=1 AND validtime>'2015-07-02 11:48:08 ' AND validtime<'2015-07-02 11:48:09 ') )  [ RunTime:0.0010s ]
SQL: SELECT * FROM `equipment` WHERE ( time>='2015-07-02 11:48:08 ' OR ( type=1 AND validtime>'2015-07-02 11:48:08 ' AND validtime<'2015-07-02 11:48:10 ') )  [ RunTime:0.0010s ]
SQL: SELECT * FROM `equipment` WHERE ( time>='2015-07-02 11:48:08 ' OR ( type=1 AND validtime>'2015-07-02 11:48:08 ' AND validtime<'2015-07-02 11:48:10 ') )  [ RunTime:0.0010s ]
SQL: SELECT * FROM `equipment` WHERE ( time>='2015-07-02 11:48:08 ' OR ( type=1 AND validtime>'2015-07-02 11:48:08 ' AND validtime<'2015-07-02 11:48:11 ') )  [ RunTime:0.0010s ]
SQL: SELECT * FROM `equipment` WHERE ( time>='2015-07-02 11:48:08 ' OR ( type=1 AND validtime>'2015-07-02 11:48:08 ' AND validtime<'2015-07-02 11:48:11 ') )  [ RunTime:0.0010s ]
SQL: SELECT * FROM `equipment` WHERE ( time>='2015-07-02 11:48:08 ' OR ( type=1 AND validtime>'2015-07-02 11:48:08 ' AND validtime<'2015-07-02 11:48:12 ') )  [ RunTime:0.0010s ]
SQL: SELECT * FROM `equipment` WHERE ( time>='2015-07-02 11:48:08 ' OR ( type=1 AND validtime>'2015-07-02 11:48:08 ' AND validtime<'2015-07-02 11:48:12 ') )  [ RunTime:0.0000s ]
SQL: SELECT * FROM `equipment` WHERE ( time>='2015-07-02 11:48:08 ' OR ( type=1 AND validtime>'2015-07-02 11:48:08 ' AND validtime<'2015-07-02 11:48:13 ') )  [ RunTime:0.0010s ]
SQL: SELECT * FROM `equipment` WHERE ( time>='2015-07-02 11:48:08 ' OR ( type=1 AND validtime>'2015-07-02 11:48:08 ' AND validtime<'2015-07-02 11:48:13 ') )  [ RunTime:0.0010s ]
SQL: SELECT * FROM `equipment` WHERE ( time>='2015-07-02 11:48:08 ' OR ( type=1 AND validtime>'2015-07-02 11:48:08 ' AND validtime<'2015-07-02 11:48:14 ') )  [ RunTime:0.0010s ]
SQL: SELECT * FROM `equipment` WHERE ( time>='2015-07-02 11:48:08 ' OR ( type=1 AND validtime>'2015-07-02 11:48:08 ' AND validtime<'2015-07-02 11:48:14 ') )  [ RunTime:0.0010s ]
SQL: SELECT * FROM `equipment` WHERE ( time>='2015-07-02 11:48:08 ' OR ( type=1 AND validtime>'2015-07-02 11:48:08 ' AND validtime<'2015-07-02 11:48:15 ') )  [ RunTime:0.0010s ]
SQL: SELECT * FROM `equipment` WHERE ( time>='2015-07-02 11:48:08 ' OR ( type=1 AND validtime>'2015-07-02 11:48:08 ' AND validtime<'2015-07-02 11:48:15 ') )  [ RunTime:0.0010s ]
SQL: SELECT * FROM `equipment` WHERE ( time>='2015-07-02 11:48:08 ' OR ( type=1 AND validtime>'2015-07-02 11:48:08 ' AND validtime<'2015-07-02 11:48:16 ') )  [ RunTime:0.0000s ]
SQL: SELECT * FROM `equipment` WHERE ( time>='2015-07-02 11:48:08 ' OR ( type=1 AND validtime>'2015-07-02 11:48:08 ' AND validtime<'2015-07-02 11:48:16 ') )  [ RunTime:0.0010s ]
SQL: SELECT * FROM `equipment` WHERE ( time>='2015-07-02 11:48:08 ' OR ( type=1 AND validtime>'2015-07-02 11:48:08 ' AND validtime<'2015-07-02 11:48:17 ') )  [ RunTime:0.0010s ]
SQL: SELECT * FROM `equipment` WHERE ( time>='2015-07-02 11:48:08 ' OR ( type=1 AND validtime>'2015-07-02 11:48:08 ' AND validtime<'2015-07-02 11:48:17 ') )  [ RunTime:0.0010s ]
SQL: SELECT * FROM `equipment` WHERE ( time>='2015-07-02 11:48:08 ' OR ( type=1 AND validtime>'2015-07-02 11:48:08 ' AND validtime<'2015-07-02 11:48:18 ') )  [ RunTime:0.0010s ]
SQL: SELECT * FROM `equipment` WHERE ( time>='2015-07-02 11:48:08 ' OR ( type=1 AND validtime>'2015-07-02 11:48:08 ' AND validtime<'2015-07-02 11:48:18 ') )  [ RunTime:0.0000s ]
SQL: SELECT * FROM `equipment` WHERE ( time>='2015-07-02 11:48:08 ' OR ( type=1 AND validtime>'2015-07-02 11:48:08 ' AND validtime<'2015-07-02 11:48:19 ') )  [ RunTime:0.0000s ]
SQL: SELECT * FROM `equipment` WHERE ( time>='2015-07-02 11:48:08 ' OR ( type=1 AND validtime>'2015-07-02 11:48:08 ' AND validtime<'2015-07-02 11:48:19 ') )  [ RunTime:0.0010s ]
SQL: SELECT * FROM `equipment` WHERE ( time>='2015-07-02 11:48:08 ' OR ( type=1 AND validtime>'2015-07-02 11:48:08 ' AND validtime<'2015-07-02 11:48:20 ') )  [ RunTime:0.0000s ]
SQL: SELECT * FROM `equipment` WHERE ( time>='2015-07-02 11:48:08 ' OR ( type=1 AND validtime>'2015-07-02 11:48:08 ' AND validtime<'2015-07-02 11:48:20 ') )  [ RunTime:0.0000s ]
SQL: SELECT * FROM `equipment` WHERE ( time>='2015-07-02 11:48:08 ' OR ( type=1 AND validtime>'2015-07-02 11:48:08 ' AND validtime<'2015-07-02 11:48:21 ') )  [ RunTime:0.0000s ]
SQL: SELECT * FROM `equipment` WHERE ( time>='2015-07-02 11:48:08 ' OR ( type=1 AND validtime>'2015-07-02 11:48:08 ' AND validtime<'2015-07-02 11:48:21 ') )  [ RunTime:0.0000s ]
SQL: SELECT * FROM `equipment` WHERE ( time>='2015-07-02 11:48:08 ' OR ( type=1 AND validtime>'2015-07-02 11:48:08 ' AND validtime<'2015-07-02 11:48:22 ') )  [ RunTime:0.0000s ]
SQL: SELECT * FROM `equipment` WHERE ( time>='2015-07-02 11:48:08 ' OR ( type=1 AND validtime>'2015-07-02 11:48:08 ' AND validtime<'2015-07-02 11:48:22 ') )  [ RunTime:0.0000s ]
SQL: SELECT * FROM `equipment` WHERE ( time>='2015-07-02 11:48:08 ' OR ( type=1 AND validtime>'2015-07-02 11:48:08 ' AND validtime<'2015-07-02 11:48:23 ') )  [ RunTime:0.0000s ]
SQL: SELECT * FROM `equipment` WHERE ( time>='2015-07-02 11:48:08 ' OR ( type=1 AND validtime>'2015-07-02 11:48:08 ' AND validtime<'2015-07-02 11:48:23 ') )  [ RunTime:0.0000s ]
SQL: SELECT * FROM `equipment` WHERE ( time>='2015-07-02 11:48:08 ' OR ( type=1 AND validtime>'2015-07-02 11:48:08 ' AND validtime<'2015-07-02 11:48:24 ') )  [ RunTime:0.0000s ]
SQL: SELECT * FROM `equipment` WHERE ( time>='2015-07-02 11:48:08 ' OR ( type=1 AND validtime>'2015-07-02 11:48:08 ' AND validtime<'2015-07-02 11:48:24 ') )  [ RunTime:0.0000s ]
SQL: SELECT * FROM `equipment` WHERE ( time>='2015-07-02 11:48:08 ' OR ( type=1 AND validtime>'2015-07-02 11:48:08 ' AND validtime<'2015-07-02 11:48:25 ') )  [ RunTime:0.0000s ]
SQL: SELECT * FROM `equipment` WHERE ( time>='2015-07-02 11:48:08 ' OR ( type=1 AND validtime>'2015-07-02 11:48:08 ' AND validtime<'2015-07-02 11:48:25 ') )  [ RunTime:0.0000s ]
SQL: SELECT * FROM `equipment` WHERE ( time>='2015-07-02 11:48:08 ' OR ( type=1 AND validtime>'2015-07-02 11:48:08 ' AND validtime<'2015-07-02 11:48:26 ') )  [ RunTime:0.0000s ]
SQL: SELECT * FROM `equipment` WHERE ( time>='2015-07-02 11:48:08 ' OR ( type=1 AND validtime>'2015-07-02 11:48:08 ' AND validtime<'2015-07-02 11:48:26 ') )  [ RunTime:0.0000s ]
SQL: SELECT * FROM `equipment` WHERE ( time>='2015-07-02 11:48:08 ' OR ( type=1 AND validtime>'2015-07-02 11:48:08 ' AND validtime<'2015-07-02 11:48:27 ') )  [ RunTime:0.0000s ]
SQL: SELECT * FROM `equipment` WHERE ( time>='2015-07-02 11:48:08 ' OR ( type=1 AND validtime>'2015-07-02 11:48:08 ' AND validtime<'2015-07-02 11:48:27 ') )  [ RunTime:0.0000s ]
SQL: SELECT * FROM `equipment` WHERE ( time>='2015-07-02 11:48:08 ' OR ( type=1 AND validtime>'2015-07-02 11:48:08 ' AND validtime<'2015-07-02 11:48:28 ') )  [ RunTime:0.0000s ]
SQL: SELECT * FROM `equipment` WHERE ( time>='2015-07-02 11:48:08 ' OR ( type=1 AND validtime>'2015-07-02 11:48:08 ' AND validtime<'2015-07-02 11:48:28 ') )  [ RunTime:0.0000s ]
SQL: SELECT * FROM `equipment` WHERE ( time>='2015-07-02 11:48:08 ' OR ( type=1 AND validtime>'2015-07-02 11:48:08 ' AND validtime<'2015-07-02 11:48:29 ') )  [ RunTime:0.0000s ]
SQL: SELECT * FROM `equipment` WHERE ( time>='2015-07-02 11:48:08 ' OR ( type=1 AND validtime>'2015-07-02 11:48:08 ' AND validtime<'2015-07-02 11:48:30 ') )  [ RunTime:0.0000s ]
SQL: SELECT * FROM `equipment` WHERE ( time>='2015-07-02 11:48:08 ' OR ( type=1 AND validtime>'2015-07-02 11:48:08 ' AND validtime<'2015-07-02 11:48:30 ') )  [ RunTime:0.0000s ]
SQL: SELECT * FROM `equipment` WHERE ( time>='2015-07-02 11:48:08 ' OR ( type=1 AND validtime>'2015-07-02 11:48:08 ' AND validtime<'2015-07-02 11:48:31 ') )  [ RunTime:0.0000s ]
SQL: SELECT * FROM `equipment` WHERE ( time>='2015-07-02 11:48:08 ' OR ( type=1 AND validtime>'2015-07-02 11:48:08 ' AND validtime<'2015-07-02 11:48:31 ') )  [ RunTime:0.0000s ]
SQL: SELECT * FROM `equipment` WHERE ( time>='2015-07-02 11:48:08 ' OR ( type=1 AND validtime>'2015-07-02 11:48:08 ' AND validtime<'2015-07-02 11:48:32 ') )  [ RunTime:0.0000s ]
SQL: SELECT * FROM `equipment` WHERE ( time>='2015-07-02 11:48:08 ' OR ( type=1 AND validtime>'2015-07-02 11:48:08 ' AND validtime<'2015-07-02 11:48:32 ') )  [ RunTime:0.0000s ]
SQL: SELECT * FROM `equipment` WHERE ( time>='2015-07-02 11:48:08 ' OR ( type=1 AND validtime>'2015-07-02 11:48:08 ' AND validtime<'2015-07-02 11:48:33 ') )  [ RunTime:0.0000s ]
SQL: SELECT * FROM `equipment` WHERE ( time>='2015-07-02 11:48:08 ' OR ( type=1 AND validtime>'2015-07-02 11:48:08 ' AND validtime<'2015-07-02 11:48:33 ') )  [ RunTime:0.0000s ]

