[ 2015-07-01T23:52:38+08:00 ] ::1 /JianKong/home.php?m=Home&c=GetCurrent&a=getcurrent
INFO: [ app_init ] --START--
INFO: Run Behavior\BuildLiteBehavior [ RunTime:0.000000s ]
INFO: [ app_init ] --END-- [ RunTime:0.001000s ]
INFO: [ app_begin ] --START--
INFO: Run Behavior\ReadHtmlCacheBehavior [ RunTime:0.001000s ]
INFO: [ app_begin ] --END-- [ RunTime:0.001000s ]
SQL: SHOW COLUMNS FROM `equipment` [ RunTime:0.0050s ]
SQL: SELECT * FROM `equipment` WHERE ( time>='2015-07-01 23:52:14 ' OR ( type=1 AND validtime>'2015-07-01 23:52:14 ' AND validtime<'2015-07-01 23:52:14 ') )  [ RunTime:0.0000s ]
SQL: SELECT * FROM `equipment` WHERE ( time>='2015-07-01 23:52:14 ' OR ( type=1 AND validtime>'2015-07-01 23:52:14 ' AND validtime<'2015-07-01 23:52:15 ') )  [ RunTime:0.0000s ]
SQL: SELECT * FROM `equipment` WHERE ( time>='2015-07-01 23:52:14 ' OR ( type=1 AND validtime>'2015-07-01 23:52:14 ' AND validtime<'2015-07-01 23:52:15 ') )  [ RunTime:0.0010s ]
SQL: SELECT * FROM `equipment` WHERE ( time>='2015-07-01 23:52:14 ' OR ( type=1 AND validtime>'2015-07-01 23:52:14 ' AND validtime<'2015-07-01 23:52:16 ') )  [ RunTime:0.0010s ]
SQL: SELECT * FROM `equipment` WHERE ( time>='2015-07-01 23:52:14 ' OR ( type=1 AND validtime>'2015-07-01 23:52:14 ' AND validtime<'2015-07-01 23:52:16 ') )  [ RunTime:0.0010s ]
SQL: SELECT * FROM `equipment` WHERE ( time>='2015-07-01 23:52:14 ' OR ( type=1 AND validtime>'2015-07-01 23:52:14 ' AND validtime<'2015-07-01 23:52:17 ') )  [ RunTime:0.0010s ]
SQL: SELECT * FROM `equipment` WHERE ( time>='2015-07-01 23:52:14 ' OR ( type=1 AND validtime>'2015-07-01 23:52:14 ' AND validtime<'2015-07-01 23:52:17 ') )  [ RunTime:0.0010s ]
SQL: SELECT * FROM `equipment` WHERE ( time>='2015-07-01 23:52:14 ' OR ( type=1 AND validtime>'2015-07-01 23:52:14 ' AND validtime<'2015-07-01 23:52:18 ') )  [ RunTime:0.0010s ]
SQL: SELECT * FROM `equipment` WHERE ( time>='2015-07-01 23:52:14 ' OR ( type=1 AND validtime>'2015-07-01 23:52:14 ' AND validtime<'2015-07-01 23:52:18 ') )  [ RunTime:0.0010s ]
SQL: SELECT * FROM `equipment` WHERE ( time>='2015-07-01 23:52:14 ' OR ( type=1 AND validtime>'2015-07-01 23:52:14 ' AND validtime<'2015-07-01 23:52:19 ') )  [ RunTime:0.0010s ]
SQL: SELECT * FROM `equipment` WHERE ( time>='2015-07-01 23:52:14 ' OR ( type=1 AND validtime>'2015-07-01 23:52:14 ' AND validtime<'2015-07-01 23:52:19 ') )  [ RunTime:0.0010s ]
SQL: SELECT * FROM `equipment` WHERE ( time>='2015-07-01 23:52:14 ' OR ( type=1 AND validtime>'2015-07-01 23:52:14 ' AND validtime<'2015-07-01 23:52:20 ') )  [ RunTime:0.0010s ]
SQL: SELECT * FROM `equipment` WHERE ( time>='2015-07-01 23:52:14 ' OR ( type=1 AND validtime>'2015-07-01 23:52:14 ' AND validtime<'2015-07-01 23:52:20 ') )  [ RunTime:0.0010s ]
SQL: SELECT * FROM `equipment` WHERE ( time>='2015-07-01 23:52:14 ' OR ( type=1 AND validtime>'2015-07-01 23:52:14 ' AND validtime<'2015-07-01 23:52:21 ') )  [ RunTime:0.0010s ]
SQL: SELECT * FROM `equipment` WHERE ( time>='2015-07-01 23:52:14 ' OR ( type=1 AND validtime>'2015-07-01 23:52:14 ' AND validtime<'2015-07-01 23:52:22 ') )  [ RunTime:0.0010s ]
SQL: SELECT * FROM `equipment` WHERE ( time>='2015-07-01 23:52:14 ' OR ( type=1 AND validtime>'2015-07-01 23:52:14 ' AND validtime<'2015-07-01 23:52:22 ') )  [ RunTime:0.0010s ]
SQL: SELECT * FROM `equipment` WHERE ( time>='2015-07-01 23:52:14 ' OR ( type=1 AND validtime>'2015-07-01 23:52:14 ' AND validtime<'2015-07-01 23:52:23 ') )  [ RunTime:0.0010s ]
SQL: SELECT * FROM `equipment` WHERE ( time>='2015-07-01 23:52:14 ' OR ( type=1 AND validtime>'2015-07-01 23:52:14 ' AND validtime<'2015-07-01 23:52:23 ') )  [ RunTime:0.0010s ]
SQL: SELECT * FROM `equipment` WHERE ( time>='2015-07-01 23:52:14 ' OR ( type=1 AND validtime>'2015-07-01 23:52:14 ' AND validtime<'2015-07-01 23:52:24 ') )  [ RunTime:0.0010s ]
SQL: SELECT * FROM `equipment` WHERE ( time>='2015-07-01 23:52:14 ' OR ( type=1 AND validtime>'2015-07-01 23:52:14 ' AND validtime<'2015-07-01 23:52:24 ') )  [ RunTime:0.0010s ]
SQL: SELECT * FROM `equipment` WHERE ( time>='2015-07-01 23:52:14 ' OR ( type=1 AND validtime>'2015-07-01 23:52:14 ' AND validtime<'2015-07-01 23:52:25 ') )  [ RunTime:0.0020s ]
SQL: SELECT * FROM `equipment` WHERE ( time>='2015-07-01 23:52:14 ' OR ( type=1 AND validtime>'2015-07-01 23:52:14 ' AND validtime<'2015-07-01 23:52:25 ') )  [ RunTime:0.0010s ]
SQL: SELECT * FROM `equipment` WHERE ( time>='2015-07-01 23:52:14 ' OR ( type=1 AND validtime>'2015-07-01 23:52:14 ' AND validtime<'2015-07-01 23:52:26 ') )  [ RunTime:0.0010s ]
SQL: SELECT * FROM `equipment` WHERE ( time>='2015-07-01 23:52:14 ' OR ( type=1 AND validtime>'2015-07-01 23:52:14 ' AND validtime<'2015-07-01 23:52:26 ') )  [ RunTime:0.0010s ]
SQL: SELECT * FROM `equipment` WHERE ( time>='2015-07-01 23:52:14 ' OR ( type=1 AND validtime>'2015-07-01 23:52:14 ' AND validtime<'2015-07-01 23:52:27 ') )  [ RunTime:0.0010s ]
SQL: SELECT * FROM `equipment` WHERE ( time>='2015-07-01 23:52:14 ' OR ( type=1 AND validtime>'2015-07-01 23:52:14 ' AND validtime<'2015-07-01 23:52:27 ') )  [ RunTime:0.0010s ]
SQL: SELECT * FROM `equipment` WHERE ( time>='2015-07-01 23:52:14 ' OR ( type=1 AND validtime>'2015-07-01 23:52:14 ' AND validtime<'2015-07-01 23:52:28 ') )  [ RunTime:0.0010s ]
SQL: SELECT * FROM `equipment` WHERE ( time>='2015-07-01 23:52:14 ' OR ( type=1 AND validtime>'2015-07-01 23:52:14 ' AND validtime<'2015-07-01 23:52:28 ') )  [ RunTime:0.0010s ]
SQL: SELECT * FROM `equipment` WHERE ( time>='2015-07-01 23:52:14 ' OR ( type=1 AND validtime>'2015-07-01 23:52:14 ' AND validtime<'2015-07-01 23:52:29 ') )  [ RunTime:0.0010s ]
SQL: SELECT * FROM `equipment` WHERE ( time>='2015-07-01 23:52:14 ' OR ( type=1 AND validtime>'2015-07-01 23:52:14 ' AND validtime<'2015-07-01 23:52:29 ') )  [ RunTime:0.0000s ]
SQL: SELECT * FROM `equipment` WHERE ( time>='2015-07-01 23:52:14 ' OR ( type=1 AND validtime>'2015-07-01 23:52:14 ' AND validtime<'2015-07-01 23:52:30 ') )  [ RunTime:0.0000s ]
SQL: SELECT * FROM `equipment` WHERE ( time>='2015-07-01 23:52:14 ' OR ( type=1 AND validtime>'2015-07-01 23:52:14 ' AND validtime<'2015-07-01 23:52:30 ') )  [ RunTime:0.0010s ]
SQL: SELECT * FROM `equipment` WHERE ( time>='2015-07-01 23:52:14 ' OR ( type=1 AND validtime>'2015-07-01 23:52:14 ' AND validtime<'2015-07-01 23:52:31 ') )  [ RunTime:0.0010s ]
SQL: SELECT * FROM `equipment` WHERE ( time>='2015-07-01 23:52:14 ' OR ( type=1 AND validtime>'2015-07-01 23:52:14 ' AND validtime<'2015-07-01 23:52:31 ') )  [ RunTime:0.0010s ]
SQL: SELECT * FROM `equipment` WHERE ( time>='2015-07-01 23:52:14 ' OR ( type=1 AND validtime>'2015-07-01 23:52:14 ' AND validtime<'2015-07-01 23:52:32 ') )  [ RunTime:0.0000s ]
SQL: SELECT * FROM `equipment` WHERE ( time>='2015-07-01 23:52:14 ' OR ( type=1 AND validtime>'2015-07-01 23:52:14 ' AND validtime<'2015-07-01 23:52:32 ') )  [ RunTime:0.0010s ]
SQL: SELECT * FROM `equipment` WHERE ( time>='2015-07-01 23:52:14 ' OR ( type=1 AND validtime>'2015-07-01 23:52:14 ' AND validtime<'2015-07-01 23:52:33 ') )  [ RunTime:0.0010s ]
SQL: SELECT * FROM `equipment` WHERE ( time>='2015-07-01 23:52:14 ' OR ( type=1 AND validtime>'2015-07-01 23:52:14 ' AND validtime<'2015-07-01 23:52:33 ') )  [ RunTime:0.0010s ]
SQL: SELECT * FROM `equipment` WHERE ( time>='2015-07-01 23:52:14 ' OR ( type=1 AND validtime>'2015-07-01 23:52:14 ' AND validtime<'2015-07-01 23:52:34 ') )  [ RunTime:0.0010s ]
SQL: SELECT * FROM `equipment` WHERE ( time>='2015-07-01 23:52:14 ' OR ( type=1 AND validtime>'2015-07-01 23:52:14 ' AND validtime<'2015-07-01 23:52:34 ') )  [ RunTime:0.0010s ]
SQL: SELECT * FROM `equipment` WHERE ( time>='2015-07-01 23:52:14 ' OR ( type=1 AND validtime>'2015-07-01 23:52:14 ' AND validtime<'2015-07-01 23:52:35 ') )  [ RunTime:0.0010s ]
SQL: SELECT * FROM `equipment` WHERE ( time>='2015-07-01 23:52:14 ' OR ( type=1 AND validtime>'2015-07-01 23:52:14 ' AND validtime<'2015-07-01 23:52:35 ') )  [ RunTime:0.0000s ]
SQL: SELECT * FROM `equipment` WHERE ( time>='2015-07-01 23:52:14 ' OR ( type=1 AND validtime>'2015-07-01 23:52:14 ' AND validtime<'2015-07-01 23:52:36 ') )  [ RunTime:0.0010s ]
SQL: SELECT * FROM `equipment` WHERE ( time>='2015-07-01 23:52:14 ' OR ( type=1 AND validtime>'2015-07-01 23:52:14 ' AND validtime<'2015-07-01 23:52:36 ') )  [ RunTime:0.0000s ]
SQL: SELECT * FROM `equipment` WHERE ( time>='2015-07-01 23:52:14 ' OR ( type=1 AND validtime>'2015-07-01 23:52:14 ' AND validtime<'2015-07-01 23:52:37 ') )  [ RunTime:0.0010s ]
SQL: SELECT * FROM `equipment` WHERE ( time>='2015-07-01 23:52:14 ' OR ( type=1 AND validtime>'2015-07-01 23:52:14 ' AND validtime<'2015-07-01 23:52:37 ') )  [ RunTime:0.0010s ]
SQL: SELECT * FROM `equipment` WHERE ( time>='2015-07-01 23:52:14 ' OR ( type=1 AND validtime>'2015-07-01 23:52:14 ' AND validtime<'2015-07-01 23:52:38 ') )  [ RunTime:0.0010s ]
SQL: SELECT * FROM `equipment` WHERE ( time>='2015-07-01 23:52:14 ' OR ( type=1 AND validtime>'2015-07-01 23:52:14 ' AND validtime<'2015-07-01 23:52:38 ') )  [ RunTime:0.0010s ]

[ 2015-07-01T23:58:56+08:00 ] 127.0.0.1 /JianKong/home.php?m=Home&c=UpDate&a=update
INFO: [ app_init ] --START--
INFO: Run Behavior\BuildLiteBehavior [ RunTime:0.001000s ]
INFO: [ app_init ] --END-- [ RunTime:0.002000s ]
INFO: [ app_begin ] --START--
INFO: Run Behavior\ReadHtmlCacheBehavior [ RunTime:0.002000s ]
INFO: [ app_begin ] --END-- [ RunTime:0.002000s ]
NOTIC: [4096] Object of class stdClass could not be converted to string C:\xampp\htdocs\JianKong\ThinkPHP\Library\Think\Log.class.php 第 53 行.
ERR: 

[ 2015-07-01T23:59:54+08:00 ] 127.0.0.1 /JianKong/home.php?m=Home&c=UpDate&a=update
INFO: [ app_init ] --START--
INFO: Run Behavior\BuildLiteBehavior [ RunTime:0.000000s ]
INFO: [ app_init ] --END-- [ RunTime:0.001001s ]
INFO: [ app_begin ] --START--
INFO: Run Behavior\ReadHtmlCacheBehavior [ RunTime:0.001000s ]
INFO: [ app_begin ] --END-- [ RunTime:0.001000s ]
NOTIC: [4096] Object of class stdClass could not be converted to string C:\xampp\htdocs\JianKong\ThinkPHP\Library\Think\Log.class.php 第 53 行.
ERR: 
NOTIC: [8] Undefined property: stdClass::$test C:\xampp\htdocs\JianKong\Home\Home\Controller\UpDateController.class.php 第 16 行.
SQL: SHOW COLUMNS FROM `equipment` [ RunTime:0.0070s ]
SQL: SELECT `id`,`safetime` FROM `equipment` WHERE ( number='15555215556' )  [ RunTime:0.0030s ]
SQL: UPDATE `equipment` SET `id`='5',`type`='1',`time`='2015-07-01 23:59:54',`angle`='0',`volt`='3.5',`validtime`='2015-07-04 23:59:54 ' WHERE ( id='5' ) [ RunTime:0.0100s ]
SQL: SHOW COLUMNS FROM `record` [ RunTime:0.0050s ]
SQL: INSERT INTO `record` (`id`,`type`,`time`,`angle`,`volt`) VALUES ('5','1','2015-07-01 23:59:54','0','3.5') [ RunTime:0.0070s ]

