[ 2015-07-15T13:00:30+08:00 ] ::1 /JianKong/home.php
INFO: [ app_init ] --START--
INFO: Run Behavior\BuildLiteBehavior [ RunTime:0.000000s ]
INFO: [ app_init ] --END-- [ RunTime:0.003001s ]
INFO: [ app_begin ] --START--
INFO: Run Behavior\ReadHtmlCacheBehavior [ RunTime:0.002000s ]
INFO: [ app_begin ] --END-- [ RunTime:0.002000s ]
INFO: [ view_parse ] --START--
INFO: [ template_filter ] --START--
INFO: Run Behavior\ContentReplaceBehavior [ RunTime:0.000000s ]
INFO: [ template_filter ] --END-- [ RunTime:0.000000s ]
INFO: Run Behavior\ParseTemplateBehavior [ RunTime:0.014001s ]
INFO: [ view_parse ] --END-- [ RunTime:0.015001s ]
INFO: [ view_filter ] --START--
INFO: Run Behavior\WriteHtmlCacheBehavior [ RunTime:0.001000s ]
INFO: [ view_filter ] --END-- [ RunTime:0.001000s ]

[ 2015-07-15T13:00:31+08:00 ] ::1 /JianKong/home.php?m=Home&c=Login&a=logout
INFO: [ app_init ] --START--
INFO: Run Behavior\BuildLiteBehavior [ RunTime:0.000000s ]
INFO: [ app_init ] --END-- [ RunTime:0.000000s ]
INFO: [ app_begin ] --START--
INFO: Run Behavior\ReadHtmlCacheBehavior [ RunTime:0.000000s ]
INFO: [ app_begin ] --END-- [ RunTime:0.002000s ]
INFO: [ view_parse ] --START--
INFO: [ template_filter ] --START--
INFO: Run Behavior\ContentReplaceBehavior [ RunTime:0.000000s ]
INFO: [ template_filter ] --END-- [ RunTime:0.000000s ]
INFO: Run Behavior\ParseTemplateBehavior [ RunTime:0.011001s ]
INFO: [ view_parse ] --END-- [ RunTime:0.012001s ]
INFO: [ view_filter ] --START--
INFO: Run Behavior\WriteHtmlCacheBehavior [ RunTime:0.000000s ]
INFO: [ view_filter ] --END-- [ RunTime:0.000000s ]
INFO: [ app_end ] --START--
INFO: Run Behavior\ShowPageTraceBehavior [ RunTime:0.002000s ]
INFO: [ app_end ] --END-- [ RunTime:0.003000s ]

[ 2015-07-15T13:00:32+08:00 ] ::1 /JianKong/home.php?m=Home&c=Login&a=verify
INFO: [ app_init ] --START--
INFO: Run Behavior\BuildLiteBehavior [ RunTime:0.000000s ]
INFO: [ app_init ] --END-- [ RunTime:0.001000s ]
INFO: [ app_begin ] --START--
INFO: Run Behavior\ReadHtmlCacheBehavior [ RunTime:0.000000s ]
INFO: [ app_begin ] --END-- [ RunTime:0.002000s ]
INFO: [ app_end ] --START--
INFO: Run Behavior\ShowPageTraceBehavior [ RunTime:0.001000s ]
INFO: [ app_end ] --END-- [ RunTime:0.001000s ]

[ 2015-07-15T13:00:41+08:00 ] ::1 /JianKong/home.php/Home/Login/check
INFO: [ app_init ] --START--
INFO: Run Behavior\BuildLiteBehavior [ RunTime:0.000000s ]
INFO: [ app_init ] --END-- [ RunTime:0.001000s ]
INFO: [ app_begin ] --START--
INFO: Run Behavior\ReadHtmlCacheBehavior [ RunTime:0.001000s ]
INFO: [ app_begin ] --END-- [ RunTime:0.001000s ]
SQL: SHOW COLUMNS FROM `admin` [ RunTime:0.0120s ]
SQL: SELECT * FROM `admin` WHERE ( uname='admin' AND upassword='e10adc3949ba59abbe56e057f20f883e' ) LIMIT 1   [ RunTime:0.0020s ]
INFO: [ view_parse ] --START--
INFO: [ template_filter ] --START--
INFO: Run Behavior\ContentReplaceBehavior [ RunTime:0.000000s ]
INFO: [ template_filter ] --END-- [ RunTime:0.001000s ]
INFO: Run Behavior\ParseTemplateBehavior [ RunTime:0.011000s ]
INFO: [ view_parse ] --END-- [ RunTime:0.011000s ]
INFO: [ view_filter ] --START--
INFO: Run Behavior\WriteHtmlCacheBehavior [ RunTime:0.001001s ]
INFO: [ view_filter ] --END-- [ RunTime:0.001001s ]
INFO: [ app_end ] --START--
INFO: Run Behavior\ShowPageTraceBehavior [ RunTime:0.001000s ]
INFO: [ app_end ] --END-- [ RunTime:0.002000s ]

[ 2015-07-15T13:00:43+08:00 ] ::1 /JianKong/home.php?m=Home&c=Index&a=index
INFO: [ app_init ] --START--
INFO: Run Behavior\BuildLiteBehavior [ RunTime:0.000000s ]
INFO: [ app_init ] --END-- [ RunTime:0.001000s ]
INFO: [ app_begin ] --START--
INFO: Run Behavior\ReadHtmlCacheBehavior [ RunTime:0.001000s ]
INFO: [ app_begin ] --END-- [ RunTime:0.001000s ]
INFO: [ view_parse ] --START--
INFO: [ template_filter ] --START--
INFO: Run Behavior\ContentReplaceBehavior [ RunTime:0.000000s ]
INFO: [ template_filter ] --END-- [ RunTime:0.001000s ]
INFO: Run Behavior\ParseTemplateBehavior [ RunTime:0.018001s ]
INFO: [ view_parse ] --END-- [ RunTime:0.018001s ]
INFO: [ view_filter ] --START--
INFO: Run Behavior\WriteHtmlCacheBehavior [ RunTime:0.001000s ]
INFO: [ view_filter ] --END-- [ RunTime:0.001000s ]
INFO: [ app_end ] --START--
INFO: Run Behavior\ShowPageTraceBehavior [ RunTime:0.001000s ]
INFO: [ app_end ] --END-- [ RunTime:0.001000s ]

[ 2015-07-15T13:00:43+08:00 ] ::1 /JianKong/home.php?m=Home&c=GetCurrent&a=getcurrent
INFO: [ app_init ] --START--
INFO: Run Behavior\BuildLiteBehavior [ RunTime:0.000000s ]
INFO: [ app_init ] --END-- [ RunTime:0.001000s ]
INFO: [ app_begin ] --START--
INFO: Run Behavior\ReadHtmlCacheBehavior [ RunTime:0.001000s ]
INFO: [ app_begin ] --END-- [ RunTime:0.001000s ]
SQL: SHOW COLUMNS FROM `equipment` [ RunTime:0.0060s ]
SQL: SELECT * FROM `equipment`  [ RunTime:0.0000s ]

[ 2015-07-15T13:00:45+08:00 ] ::1 /JianKong/home.php?m=Home&c=Index&a=manage_user
INFO: [ app_init ] --START--
INFO: Run Behavior\BuildLiteBehavior [ RunTime:0.000000s ]
INFO: [ app_init ] --END-- [ RunTime:0.001000s ]
INFO: [ app_begin ] --START--
INFO: Run Behavior\ReadHtmlCacheBehavior [ RunTime:0.001000s ]
INFO: [ app_begin ] --END-- [ RunTime:0.001000s ]
INFO: [ view_parse ] --START--
INFO: [ template_filter ] --START--
INFO: Run Behavior\ContentReplaceBehavior [ RunTime:0.000000s ]
INFO: [ template_filter ] --END-- [ RunTime:0.000000s ]
INFO: Run Behavior\ParseTemplateBehavior [ RunTime:0.017001s ]
INFO: [ view_parse ] --END-- [ RunTime:0.017001s ]
INFO: [ view_filter ] --START--
INFO: Run Behavior\WriteHtmlCacheBehavior [ RunTime:0.001000s ]
INFO: [ view_filter ] --END-- [ RunTime:0.001000s ]
INFO: [ app_end ] --START--
INFO: Run Behavior\ShowPageTraceBehavior [ RunTime:0.000000s ]
INFO: [ app_end ] --END-- [ RunTime:0.002000s ]

[ 2015-07-15T13:00:46+08:00 ] ::1 /JianKong/home.php?m=Home&c=ManageUser&a=retrieve&_=1436936446096
INFO: [ app_init ] --START--
INFO: Run Behavior\BuildLiteBehavior [ RunTime:0.000000s ]
INFO: [ app_init ] --END-- [ RunTime:0.001000s ]
INFO: [ app_begin ] --START--
INFO: Run Behavior\ReadHtmlCacheBehavior [ RunTime:0.001000s ]
INFO: [ app_begin ] --END-- [ RunTime:0.001000s ]
SQL: SHOW COLUMNS FROM `admin` [ RunTime:0.0040s ]
SQL: SELECT `uid`,`uname`,`remark` FROM `admin` WHERE ( kind=2 )  [ RunTime:0.0010s ]
NOTIC: [8] Undefined variable: result C:\xampp\htdocs\JianKong\Home\Home\Controller\ManageUserController.class.php 第 18 行.

[ 2015-07-15T13:00:59+08:00 ] ::1 /JianKong/home.php?m=Home&c=GetCurrent&a=getcurrent
INFO: [ app_init ] --START--
INFO: Run Behavior\BuildLiteBehavior [ RunTime:0.000000s ]
INFO: [ app_init ] --END-- [ RunTime:0.001000s ]
INFO: [ app_begin ] --START--
INFO: Run Behavior\ReadHtmlCacheBehavior [ RunTime:0.001000s ]
INFO: [ app_begin ] --END-- [ RunTime:0.001000s ]
SQL: SHOW COLUMNS FROM `equipment` [ RunTime:0.0070s ]
SQL: SELECT * FROM `equipment` WHERE ( time>='2015-07-15 13:00:43 ' OR ( type=1 AND validtime>'2015-07-15 13:00:43 ' AND validtime<'2015-07-15 13:00:44 ') )  [ RunTime:0.0010s ]
SQL: SELECT * FROM `equipment` WHERE ( time>='2015-07-15 13:00:43 ' OR ( type=1 AND validtime>'2015-07-15 13:00:43 ' AND validtime<'2015-07-15 13:00:44 ') )  [ RunTime:0.0010s ]
SQL: SELECT * FROM `equipment` WHERE ( time>='2015-07-15 13:00:43 ' OR ( type=1 AND validtime>'2015-07-15 13:00:43 ' AND validtime<'2015-07-15 13:00:45 ') )  [ RunTime:0.0010s ]
SQL: SELECT * FROM `equipment` WHERE ( time>='2015-07-15 13:00:43 ' OR ( type=1 AND validtime>'2015-07-15 13:00:43 ' AND validtime<'2015-07-15 13:00:45 ') )  [ RunTime:0.0010s ]
SQL: SELECT * FROM `equipment` WHERE ( time>='2015-07-15 13:00:43 ' OR ( type=1 AND validtime>'2015-07-15 13:00:43 ' AND validtime<'2015-07-15 13:00:46 ') )  [ RunTime:0.0010s ]
SQL: SELECT * FROM `equipment` WHERE ( time>='2015-07-15 13:00:43 ' OR ( type=1 AND validtime>'2015-07-15 13:00:43 ' AND validtime<'2015-07-15 13:00:46 ') )  [ RunTime:0.0010s ]
SQL: SELECT * FROM `equipment` WHERE ( time>='2015-07-15 13:00:43 ' OR ( type=1 AND validtime>'2015-07-15 13:00:43 ' AND validtime<'2015-07-15 13:00:47 ') )  [ RunTime:0.0010s ]
SQL: SELECT * FROM `equipment` WHERE ( time>='2015-07-15 13:00:43 ' OR ( type=1 AND validtime>'2015-07-15 13:00:43 ' AND validtime<'2015-07-15 13:00:47 ') )  [ RunTime:0.0010s ]
SQL: SELECT * FROM `equipment` WHERE ( time>='2015-07-15 13:00:43 ' OR ( type=1 AND validtime>'2015-07-15 13:00:43 ' AND validtime<'2015-07-15 13:00:48 ') )  [ RunTime:0.0010s ]
SQL: SELECT * FROM `equipment` WHERE ( time>='2015-07-15 13:00:43 ' OR ( type=1 AND validtime>'2015-07-15 13:00:43 ' AND validtime<'2015-07-15 13:00:48 ') )  [ RunTime:0.0010s ]
SQL: SELECT * FROM `equipment` WHERE ( time>='2015-07-15 13:00:43 ' OR ( type=1 AND validtime>'2015-07-15 13:00:43 ' AND validtime<'2015-07-15 13:00:49 ') )  [ RunTime:0.0010s ]
SQL: SELECT * FROM `equipment` WHERE ( time>='2015-07-15 13:00:43 ' OR ( type=1 AND validtime>'2015-07-15 13:00:43 ' AND validtime<'2015-07-15 13:00:49 ') )  [ RunTime:0.0010s ]
SQL: SELECT * FROM `equipment` WHERE ( time>='2015-07-15 13:00:43 ' OR ( type=1 AND validtime>'2015-07-15 13:00:43 ' AND validtime<'2015-07-15 13:00:50 ') )  [ RunTime:0.0010s ]
SQL: SELECT * FROM `equipment` WHERE ( time>='2015-07-15 13:00:43 ' OR ( type=1 AND validtime>'2015-07-15 13:00:43 ' AND validtime<'2015-07-15 13:00:50 ') )  [ RunTime:0.0010s ]
SQL: SELECT * FROM `equipment` WHERE ( time>='2015-07-15 13:00:43 ' OR ( type=1 AND validtime>'2015-07-15 13:00:43 ' AND validtime<'2015-07-15 13:00:51 ') )  [ RunTime:0.0010s ]
SQL: SELECT * FROM `equipment` WHERE ( time>='2015-07-15 13:00:43 ' OR ( type=1 AND validtime>'2015-07-15 13:00:43 ' AND validtime<'2015-07-15 13:00:51 ') )  [ RunTime:0.0010s ]
SQL: SELECT * FROM `equipment` WHERE ( time>='2015-07-15 13:00:43 ' OR ( type=1 AND validtime>'2015-07-15 13:00:43 ' AND validtime<'2015-07-15 13:00:52 ') )  [ RunTime:0.0010s ]
SQL: SELECT * FROM `equipment` WHERE ( time>='2015-07-15 13:00:43 ' OR ( type=1 AND validtime>'2015-07-15 13:00:43 ' AND validtime<'2015-07-15 13:00:52 ') )  [ RunTime:0.0010s ]
SQL: SELECT * FROM `equipment` WHERE ( time>='2015-07-15 13:00:43 ' OR ( type=1 AND validtime>'2015-07-15 13:00:43 ' AND validtime<'2015-07-15 13:00:53 ') )  [ RunTime:0.0010s ]
SQL: SELECT * FROM `equipment` WHERE ( time>='2015-07-15 13:00:43 ' OR ( type=1 AND validtime>'2015-07-15 13:00:43 ' AND validtime<'2015-07-15 13:00:53 ') )  [ RunTime:0.0010s ]
SQL: SELECT * FROM `equipment` WHERE ( time>='2015-07-15 13:00:43 ' OR ( type=1 AND validtime>'2015-07-15 13:00:43 ' AND validtime<'2015-07-15 13:00:54 ') )  [ RunTime:0.0010s ]
SQL: SELECT * FROM `equipment` WHERE ( time>='2015-07-15 13:00:43 ' OR ( type=1 AND validtime>'2015-07-15 13:00:43 ' AND validtime<'2015-07-15 13:00:54 ') )  [ RunTime:0.0010s ]
SQL: SELECT * FROM `equipment` WHERE ( time>='2015-07-15 13:00:43 ' OR ( type=1 AND validtime>'2015-07-15 13:00:43 ' AND validtime<'2015-07-15 13:00:55 ') )  [ RunTime:0.0000s ]
SQL: SELECT * FROM `equipment` WHERE ( time>='2015-07-15 13:00:43 ' OR ( type=1 AND validtime>'2015-07-15 13:00:43 ' AND validtime<'2015-07-15 13:00:55 ') )  [ RunTime:0.0000s ]
SQL: SELECT * FROM `equipment` WHERE ( time>='2015-07-15 13:00:43 ' OR ( type=1 AND validtime>'2015-07-15 13:00:43 ' AND validtime<'2015-07-15 13:00:56 ') )  [ RunTime:0.0010s ]
SQL: SELECT * FROM `equipment` WHERE ( time>='2015-07-15 13:00:43 ' OR ( type=1 AND validtime>'2015-07-15 13:00:43 ' AND validtime<'2015-07-15 13:00:56 ') )  [ RunTime:0.0010s ]
SQL: SELECT * FROM `equipment` WHERE ( time>='2015-07-15 13:00:43 ' OR ( type=1 AND validtime>'2015-07-15 13:00:43 ' AND validtime<'2015-07-15 13:00:57 ') )  [ RunTime:0.0010s ]
SQL: SELECT * FROM `equipment` WHERE ( time>='2015-07-15 13:00:43 ' OR ( type=1 AND validtime>'2015-07-15 13:00:43 ' AND validtime<'2015-07-15 13:00:57 ') )  [ RunTime:0.0010s ]
SQL: SELECT * FROM `equipment` WHERE ( time>='2015-07-15 13:00:43 ' OR ( type=1 AND validtime>'2015-07-15 13:00:43 ' AND validtime<'2015-07-15 13:00:58 ') )  [ RunTime:0.0010s ]
SQL: SELECT * FROM `equipment` WHERE ( time>='2015-07-15 13:00:43 ' OR ( type=1 AND validtime>'2015-07-15 13:00:43 ' AND validtime<'2015-07-15 13:00:58 ') )  [ RunTime:0.0010s ]
SQL: SELECT * FROM `equipment` WHERE ( time>='2015-07-15 13:00:43 ' OR ( type=1 AND validtime>'2015-07-15 13:00:43 ' AND validtime<'2015-07-15 13:00:59 ') )  [ RunTime:0.0010s ]
SQL: SELECT * FROM `equipment` WHERE ( time>='2015-07-15 13:00:43 ' OR ( type=1 AND validtime>'2015-07-15 13:00:43 ' AND validtime<'2015-07-15 13:00:59 ') )  [ RunTime:0.0010s ]

[ 2015-07-15T13:01:08+08:00 ] ::1 /JianKong/home.php?m=Home&c=ManageUser&a=create
INFO: [ app_init ] --START--
INFO: Run Behavior\BuildLiteBehavior [ RunTime:0.000000s ]
INFO: [ app_init ] --END-- [ RunTime:0.001000s ]
INFO: [ app_begin ] --START--
INFO: Run Behavior\ReadHtmlCacheBehavior [ RunTime:0.001001s ]
INFO: [ app_begin ] --END-- [ RunTime:0.001001s ]
SQL: SHOW COLUMNS FROM `admin` [ RunTime:0.0040s ]
SQL: SELECT * FROM `admin` WHERE ( uname='user04' )  [ RunTime:0.0000s ]
SQL: INSERT INTO `admin` (`uname`,`upassword`,`remark`,`kind`) VALUES ('user04','e10adc3949ba59abbe56e057f20f883e','','2') [ RunTime:0.0040s ]

[ 2015-07-15T13:01:08+08:00 ] ::1 /JianKong/home.php?m=Home&c=ManageUser&a=retrieve&_=1436936446097
INFO: [ app_init ] --START--
INFO: Run Behavior\BuildLiteBehavior [ RunTime:0.000000s ]
INFO: [ app_init ] --END-- [ RunTime:0.001000s ]
INFO: [ app_begin ] --START--
INFO: Run Behavior\ReadHtmlCacheBehavior [ RunTime:0.001000s ]
INFO: [ app_begin ] --END-- [ RunTime:0.001000s ]
SQL: SHOW COLUMNS FROM `admin` [ RunTime:0.0040s ]
SQL: SELECT `uid`,`uname`,`remark` FROM `admin` WHERE ( kind=2 )  [ RunTime:0.0000s ]
NOTIC: [8] Undefined variable: result C:\xampp\htdocs\JianKong\Home\Home\Controller\ManageUserController.class.php 第 18 行.

[ 2015-07-15T13:03:11+08:00 ] ::1 /JianKong/home.php?m=Home&c=ManageUser&a=delete
INFO: [ app_init ] --START--
INFO: Run Behavior\BuildLiteBehavior [ RunTime:0.000000s ]
INFO: [ app_init ] --END-- [ RunTime:0.000000s ]
INFO: [ app_begin ] --START--
INFO: Run Behavior\ReadHtmlCacheBehavior [ RunTime:0.001000s ]
INFO: [ app_begin ] --END-- [ RunTime:0.001000s ]
SQL: SHOW COLUMNS FROM `admin` [ RunTime:0.0070s ]
SQL: DELETE FROM `admin` WHERE ( uid='104' ) [ RunTime:0.0050s ]

[ 2015-07-15T13:03:11+08:00 ] ::1 /JianKong/home.php?m=Home&c=ManageUser&a=retrieve&_=1436936446098
INFO: [ app_init ] --START--
INFO: Run Behavior\BuildLiteBehavior [ RunTime:0.000000s ]
INFO: [ app_init ] --END-- [ RunTime:0.000000s ]
INFO: [ app_begin ] --START--
INFO: Run Behavior\ReadHtmlCacheBehavior [ RunTime:0.001000s ]
INFO: [ app_begin ] --END-- [ RunTime:0.001000s ]
SQL: SHOW COLUMNS FROM `admin` [ RunTime:0.0060s ]
SQL: SELECT `uid`,`uname`,`remark` FROM `admin` WHERE ( kind=2 )  [ RunTime:0.0000s ]
NOTIC: [8] Undefined variable: result C:\xampp\htdocs\JianKong\Home\Home\Controller\ManageUserController.class.php 第 18 行.

[ 2015-07-15T13:03:26+08:00 ] ::1 /JianKong/home.php?m=Home&c=ManageUser&a=create
INFO: [ app_init ] --START--
INFO: Run Behavior\BuildLiteBehavior [ RunTime:0.000000s ]
INFO: [ app_init ] --END-- [ RunTime:0.001000s ]
INFO: [ app_begin ] --START--
INFO: Run Behavior\ReadHtmlCacheBehavior [ RunTime:0.001000s ]
INFO: [ app_begin ] --END-- [ RunTime:0.001000s ]
SQL: SHOW COLUMNS FROM `admin` [ RunTime:0.0040s ]
SQL: SELECT * FROM `admin` WHERE ( uname='user04' )  [ RunTime:0.0000s ]
SQL: INSERT INTO `admin` (`uname`,`upassword`,`remark`,`kind`) VALUES ('user04','e10adc3949ba59abbe56e057f20f883e','','2') [ RunTime:0.0040s ]

[ 2015-07-15T13:03:26+08:00 ] ::1 /JianKong/home.php?m=Home&c=ManageUser&a=retrieve&_=1436936446099
INFO: [ app_init ] --START--
INFO: Run Behavior\BuildLiteBehavior [ RunTime:0.000000s ]
INFO: [ app_init ] --END-- [ RunTime:0.001000s ]
INFO: [ app_begin ] --START--
INFO: Run Behavior\ReadHtmlCacheBehavior [ RunTime:0.000000s ]
INFO: [ app_begin ] --END-- [ RunTime:0.000000s ]
SQL: SHOW COLUMNS FROM `admin` [ RunTime:0.0050s ]
SQL: SELECT `uid`,`uname`,`remark` FROM `admin` WHERE ( kind=2 )  [ RunTime:0.0000s ]
NOTIC: [8] Undefined variable: result C:\xampp\htdocs\JianKong\Home\Home\Controller\ManageUserController.class.php 第 18 行.

[ 2015-07-15T13:05:27+08:00 ] ::1 /JianKong/home.php?m=Home&c=Index&a=manage_user
INFO: [ app_init ] --START--
INFO: Run Behavior\BuildLiteBehavior [ RunTime:0.000000s ]
INFO: [ app_init ] --END-- [ RunTime:0.001000s ]
INFO: [ app_begin ] --START--
INFO: Run Behavior\ReadHtmlCacheBehavior [ RunTime:0.001000s ]
INFO: [ app_begin ] --END-- [ RunTime:0.001000s ]
INFO: [ view_parse ] --START--
INFO: [ template_filter ] --START--
INFO: Run Behavior\ContentReplaceBehavior [ RunTime:0.000000s ]
INFO: [ template_filter ] --END-- [ RunTime:0.001000s ]
INFO: Run Behavior\ParseTemplateBehavior [ RunTime:0.018001s ]
INFO: [ view_parse ] --END-- [ RunTime:0.018001s ]
INFO: [ view_filter ] --START--
INFO: Run Behavior\WriteHtmlCacheBehavior [ RunTime:0.000000s ]
INFO: [ view_filter ] --END-- [ RunTime:0.001000s ]
INFO: [ app_end ] --START--
INFO: Run Behavior\ShowPageTraceBehavior [ RunTime:0.001000s ]
INFO: [ app_end ] --END-- [ RunTime:0.001000s ]

[ 2015-07-15T13:05:28+08:00 ] ::1 /JianKong/home.php?m=Home&c=ManageUser&a=retrieve&_=1436936728072
INFO: [ app_init ] --START--
INFO: Run Behavior\BuildLiteBehavior [ RunTime:0.001000s ]
INFO: [ app_init ] --END-- [ RunTime:0.001000s ]
INFO: [ app_begin ] --START--
INFO: Run Behavior\ReadHtmlCacheBehavior [ RunTime:0.001000s ]
INFO: [ app_begin ] --END-- [ RunTime:0.001000s ]
SQL: SHOW COLUMNS FROM `admin` [ RunTime:0.0060s ]
SQL: SELECT `uid`,`uname`,`remark` FROM `admin` WHERE ( kind=2 )  [ RunTime:0.0000s ]
NOTIC: [8] Undefined variable: result C:\xampp\htdocs\JianKong\Home\Home\Controller\ManageUserController.class.php 第 18 行.

[ 2015-07-15T13:05:31+08:00 ] ::1 /JianKong/home.php?m=Home&c=ManageUser&a=delete
INFO: [ app_init ] --START--
INFO: Run Behavior\BuildLiteBehavior [ RunTime:0.000000s ]
INFO: [ app_init ] --END-- [ RunTime:0.001000s ]
INFO: [ app_begin ] --START--
INFO: Run Behavior\ReadHtmlCacheBehavior [ RunTime:0.001000s ]
INFO: [ app_begin ] --END-- [ RunTime:0.001000s ]
SQL: SHOW COLUMNS FROM `admin` [ RunTime:0.0040s ]
SQL: DELETE FROM `admin` WHERE ( uid='105' ) [ RunTime:0.0060s ]

[ 2015-07-15T13:05:31+08:00 ] ::1 /JianKong/home.php?m=Home&c=ManageUser&a=retrieve&_=1436936728073
INFO: [ app_init ] --START--
INFO: Run Behavior\BuildLiteBehavior [ RunTime:0.000000s ]
INFO: [ app_init ] --END-- [ RunTime:0.001000s ]
INFO: [ app_begin ] --START--
INFO: Run Behavior\ReadHtmlCacheBehavior [ RunTime:0.001000s ]
INFO: [ app_begin ] --END-- [ RunTime:0.001000s ]
SQL: SHOW COLUMNS FROM `admin` [ RunTime:0.0040s ]
SQL: SELECT `uid`,`uname`,`remark` FROM `admin` WHERE ( kind=2 )  [ RunTime:0.0010s ]
NOTIC: [8] Undefined variable: result C:\xampp\htdocs\JianKong\Home\Home\Controller\ManageUserController.class.php 第 18 行.

[ 2015-07-15T13:05:42+08:00 ] ::1 /JianKong/home.php?m=Home&c=ManageUser&a=create
INFO: [ app_init ] --START--
INFO: Run Behavior\BuildLiteBehavior [ RunTime:0.000000s ]
INFO: [ app_init ] --END-- [ RunTime:0.001000s ]
INFO: [ app_begin ] --START--
INFO: Run Behavior\ReadHtmlCacheBehavior [ RunTime:0.001000s ]
INFO: [ app_begin ] --END-- [ RunTime:0.001000s ]
SQL: SHOW COLUMNS FROM `admin` [ RunTime:0.0040s ]
SQL: SELECT * FROM `admin` WHERE ( uname='user03' )  [ RunTime:0.0010s ]

[ 2015-07-15T13:05:47+08:00 ] ::1 /JianKong/home.php?m=Home&c=ManageUser&a=create
INFO: [ app_init ] --START--
INFO: Run Behavior\BuildLiteBehavior [ RunTime:0.000000s ]
INFO: [ app_init ] --END-- [ RunTime:0.001000s ]
INFO: [ app_begin ] --START--
INFO: Run Behavior\ReadHtmlCacheBehavior [ RunTime:0.000000s ]
INFO: [ app_begin ] --END-- [ RunTime:0.001000s ]
SQL: SHOW COLUMNS FROM `admin` [ RunTime:0.0040s ]
SQL: SELECT * FROM `admin` WHERE ( uname='user04' )  [ RunTime:0.0010s ]
SQL: INSERT INTO `admin` (`uname`,`upassword`,`remark`,`kind`) VALUES ('user04','e10adc3949ba59abbe56e057f20f883e','','2') [ RunTime:0.0060s ]

[ 2015-07-15T13:05:47+08:00 ] ::1 /JianKong/home.php?m=Home&c=ManageUser&a=retrieve&_=1436936728074
INFO: [ app_init ] --START--
INFO: Run Behavior\BuildLiteBehavior [ RunTime:0.000000s ]
INFO: [ app_init ] --END-- [ RunTime:0.001001s ]
INFO: [ app_begin ] --START--
INFO: Run Behavior\ReadHtmlCacheBehavior [ RunTime:0.001000s ]
INFO: [ app_begin ] --END-- [ RunTime:0.001000s ]
SQL: SHOW COLUMNS FROM `admin` [ RunTime:0.0040s ]
SQL: SELECT `uid`,`uname`,`remark` FROM `admin` WHERE ( kind=2 )  [ RunTime:0.0000s ]
NOTIC: [8] Undefined variable: result C:\xampp\htdocs\JianKong\Home\Home\Controller\ManageUserController.class.php 第 18 行.

[ 2015-07-15T13:06:12+08:00 ] ::1 /JianKong/home.php?m=Home&c=Index&a=manage_user
INFO: [ app_init ] --START--
INFO: Run Behavior\BuildLiteBehavior [ RunTime:0.000000s ]
INFO: [ app_init ] --END-- [ RunTime:0.001000s ]
INFO: [ app_begin ] --START--
INFO: Run Behavior\ReadHtmlCacheBehavior [ RunTime:0.001000s ]
INFO: [ app_begin ] --END-- [ RunTime:0.001000s ]
INFO: [ view_parse ] --START--
INFO: [ template_filter ] --START--
INFO: Run Behavior\ContentReplaceBehavior [ RunTime:0.000000s ]
INFO: [ template_filter ] --END-- [ RunTime:0.001000s ]
INFO: Run Behavior\ParseTemplateBehavior [ RunTime:0.017001s ]
INFO: [ view_parse ] --END-- [ RunTime:0.017001s ]
INFO: [ view_filter ] --START--
INFO: Run Behavior\WriteHtmlCacheBehavior [ RunTime:0.000000s ]
INFO: [ view_filter ] --END-- [ RunTime:0.001000s ]
INFO: [ app_end ] --START--
INFO: Run Behavior\ShowPageTraceBehavior [ RunTime:0.001000s ]
INFO: [ app_end ] --END-- [ RunTime:0.001000s ]

[ 2015-07-15T13:06:13+08:00 ] ::1 /JianKong/home.php?m=Home&c=ManageUser&a=retrieve&_=1436936772889
INFO: [ app_init ] --START--
INFO: Run Behavior\BuildLiteBehavior [ RunTime:0.001000s ]
INFO: [ app_init ] --END-- [ RunTime:0.001000s ]
INFO: [ app_begin ] --START--
INFO: Run Behavior\ReadHtmlCacheBehavior [ RunTime:0.001000s ]
INFO: [ app_begin ] --END-- [ RunTime:0.001000s ]
SQL: SHOW COLUMNS FROM `admin` [ RunTime:0.0040s ]
SQL: SELECT `uid`,`uname`,`remark` FROM `admin` WHERE ( kind=2 )  [ RunTime:0.0010s ]
NOTIC: [8] Undefined variable: result C:\xampp\htdocs\JianKong\Home\Home\Controller\ManageUserController.class.php 第 18 行.

[ 2015-07-15T13:06:17+08:00 ] ::1 /JianKong/home.php?m=Home&c=ManageUser&a=delete
INFO: [ app_init ] --START--
INFO: Run Behavior\BuildLiteBehavior [ RunTime:0.000000s ]
INFO: [ app_init ] --END-- [ RunTime:0.000000s ]
INFO: [ app_begin ] --START--
INFO: Run Behavior\ReadHtmlCacheBehavior [ RunTime:0.001000s ]
INFO: [ app_begin ] --END-- [ RunTime:0.002000s ]
SQL: SHOW COLUMNS FROM `admin` [ RunTime:0.0050s ]
SQL: DELETE FROM `admin` WHERE ( uid='106' ) [ RunTime:0.0040s ]

[ 2015-07-15T13:06:17+08:00 ] ::1 /JianKong/home.php?m=Home&c=ManageUser&a=retrieve&_=1436936772890
INFO: [ app_init ] --START--
INFO: Run Behavior\BuildLiteBehavior [ RunTime:0.000000s ]
INFO: [ app_init ] --END-- [ RunTime:0.001000s ]
INFO: [ app_begin ] --START--
INFO: Run Behavior\ReadHtmlCacheBehavior [ RunTime:0.001001s ]
INFO: [ app_begin ] --END-- [ RunTime:0.001001s ]
SQL: SHOW COLUMNS FROM `admin` [ RunTime:0.0040s ]
SQL: SELECT `uid`,`uname`,`remark` FROM `admin` WHERE ( kind=2 )  [ RunTime:0.0000s ]
NOTIC: [8] Undefined variable: result C:\xampp\htdocs\JianKong\Home\Home\Controller\ManageUserController.class.php 第 18 行.

[ 2015-07-15T13:06:26+08:00 ] ::1 /JianKong/home.php?m=Home&c=ManageUser&a=create
INFO: [ app_init ] --START--
INFO: Run Behavior\BuildLiteBehavior [ RunTime:0.001000s ]
INFO: [ app_init ] --END-- [ RunTime:0.001000s ]
INFO: [ app_begin ] --START--
INFO: Run Behavior\ReadHtmlCacheBehavior [ RunTime:0.001000s ]
INFO: [ app_begin ] --END-- [ RunTime:0.001000s ]
SQL: SHOW COLUMNS FROM `admin` [ RunTime:0.0050s ]
SQL: SELECT * FROM `admin` WHERE ( uname='user04' )  [ RunTime:0.0000s ]
SQL: INSERT INTO `admin` (`uname`,`upassword`,`remark`,`kind`) VALUES ('user04','e10adc3949ba59abbe56e057f20f883e','','2') [ RunTime:0.0040s ]

[ 2015-07-15T13:06:26+08:00 ] ::1 /JianKong/home.php?m=Home&c=ManageUser&a=retrieve&_=1436936772891
INFO: [ app_init ] --START--
INFO: Run Behavior\BuildLiteBehavior [ RunTime:0.000000s ]
INFO: [ app_init ] --END-- [ RunTime:0.001000s ]
INFO: [ app_begin ] --START--
INFO: Run Behavior\ReadHtmlCacheBehavior [ RunTime:0.001000s ]
INFO: [ app_begin ] --END-- [ RunTime:0.001000s ]
SQL: SHOW COLUMNS FROM `admin` [ RunTime:0.0040s ]
SQL: SELECT `uid`,`uname`,`remark` FROM `admin` WHERE ( kind=2 )  [ RunTime:0.0000s ]
NOTIC: [8] Undefined variable: result C:\xampp\htdocs\JianKong\Home\Home\Controller\ManageUserController.class.php 第 18 行.

