[ 2015-06-29T00:03:50+08:00 ] ::1 /JianKong/home.php?m=Home&c=History&a=retrieve&_=1435507430482
INFO: [ app_begin ] --START--
INFO: Run Behavior\ReadHtmlCacheBehavior [ RunTime:0.001000s ]
INFO: [ app_begin ] --END-- [ RunTime:0.002000s ]
SQL: SHOW COLUMNS FROM `record` [ RunTime:0.0070s ]
SQL: SHOW COLUMNS FROM `equipment` [ RunTime:0.0050s ]
SQL: SELECT * FROM equipment eq,record re WHERE ( eq.uid='2' AND eq.id=re.id ) ORDER BY rid desc  [ RunTime:0.0010s ]

[ 2015-06-29T00:03:54+08:00 ] ::1 /JianKong/home.php?m=Home&c=History&a=delete
INFO: [ app_begin ] --START--
INFO: Run Behavior\ReadHtmlCacheBehavior [ RunTime:0.002000s ]
INFO: [ app_begin ] --END-- [ RunTime:0.003000s ]
SQL: SHOW COLUMNS FROM `record` [ RunTime:0.0040s ]
SQL: SHOW COLUMNS FROM `equipment` [ RunTime:0.0050s ]
ERR: SQLSTATE[42000]: Syntax error or access violation: 1064 You have an error in your SQL syntax; check the manual that corresponds to your MySQL server version for the right syntax to use near 'eq,record re WHERE ( eq.uid='2' AND (eq.id=re.id AND re.rid='7') )' at line 1

[ 2015-06-29T00:04:48+08:00 ] ::1 /JianKong/home.php?m=Home&c=History&a=delete
INFO: [ app_begin ] --START--
INFO: Run Behavior\ReadHtmlCacheBehavior [ RunTime:0.001000s ]
INFO: [ app_begin ] --END-- [ RunTime:0.002000s ]
SQL: SHOW COLUMNS FROM `record` [ RunTime:0.0040s ]
SQL: SHOW COLUMNS FROM `equipment` [ RunTime:0.0070s ]
ERR: SQLSTATE[42000]: Syntax error or access violation: 1064 You have an error in your SQL syntax; check the manual that corresponds to your MySQL server version for the right syntax to use near 'eq,record re WHERE ( eq.uid='2' AND re.rid='7' )' at line 1

[ 2015-06-29T00:05:18+08:00 ] ::1 /JianKong/home.php?m=Home&c=History&a=delete
INFO: [ app_begin ] --START--
INFO: Run Behavior\ReadHtmlCacheBehavior [ RunTime:0.001000s ]
INFO: [ app_begin ] --END-- [ RunTime:0.003000s ]
SQL: SHOW COLUMNS FROM `record` [ RunTime:0.0050s ]
SQL: SHOW COLUMNS FROM `equipment` [ RunTime:0.0050s ]
ERR: SQLSTATE[42000]: Syntax error or access violation: 1064 You have an error in your SQL syntax; check the manual that corresponds to your MySQL server version for the right syntax to use near 'eq,record re WHERE ( eq.uid='2' AND re.rid='7' AND eq.id=re.id )' at line 1

[ 2015-06-29T00:07:41+08:00 ] ::1 /JianKong/home.php?m=Home&c=History&a=delete
INFO: [ app_begin ] --START--
INFO: Run Behavior\ReadHtmlCacheBehavior [ RunTime:0.001000s ]
INFO: [ app_begin ] --END-- [ RunTime:0.002000s ]
SQL: SHOW COLUMNS FROM `record` [ RunTime:0.0050s ]
SQL: SHOW COLUMNS FROM `equipment` [ RunTime:0.0070s ]
SQL: SELECT * FROM equipment eq,record re WHERE ( eq.uid='2' AND re.rid='7' AND eq.id=re.id )  [ RunTime:0.0000s ]

[ 2015-06-29T00:07:41+08:00 ] ::1 /JianKong/home.php?m=Home&c=History&a=retrieve&_=1435507430483
INFO: [ app_begin ] --START--
INFO: Run Behavior\ReadHtmlCacheBehavior [ RunTime:0.001000s ]
INFO: [ app_begin ] --END-- [ RunTime:0.002001s ]
SQL: SHOW COLUMNS FROM `record` [ RunTime:0.0050s ]
SQL: SHOW COLUMNS FROM `equipment` [ RunTime:0.0040s ]
SQL: SELECT * FROM equipment eq,record re WHERE ( eq.uid='2' AND eq.id=re.id ) ORDER BY rid desc  [ RunTime:0.0000s ]

[ 2015-06-29T00:08:15+08:00 ] ::1 /JianKong/home.php?m=Home&c=History&a=delete
INFO: [ app_begin ] --START--
INFO: Run Behavior\ReadHtmlCacheBehavior [ RunTime:0.002000s ]
INFO: [ app_begin ] --END-- [ RunTime:0.003000s ]
SQL: SHOW COLUMNS FROM `record` [ RunTime:0.0060s ]
SQL: SHOW COLUMNS FROM `equipment` [ RunTime:0.0050s ]
SQL: SELECT * FROM equipment eq,record re WHERE ( eq.uid='2' AND re.rid='22' AND eq.id=re.id )  [ RunTime:0.0010s ]

[ 2015-06-29T00:08:15+08:00 ] ::1 /JianKong/home.php?m=Home&c=History&a=retrieve&_=1435507430484
INFO: [ app_begin ] --START--
INFO: Run Behavior\ReadHtmlCacheBehavior [ RunTime:0.001000s ]
INFO: [ app_begin ] --END-- [ RunTime:0.002001s ]
SQL: SHOW COLUMNS FROM `record` [ RunTime:0.0060s ]
SQL: SHOW COLUMNS FROM `equipment` [ RunTime:0.0060s ]
SQL: SELECT * FROM equipment eq,record re WHERE ( eq.uid='2' AND eq.id=re.id ) ORDER BY rid desc  [ RunTime:0.0000s ]

[ 2015-06-29T00:10:40+08:00 ] ::1 /JianKong/home.php?m=Home&c=History&a=delete
INFO: [ app_begin ] --START--
INFO: Run Behavior\ReadHtmlCacheBehavior [ RunTime:0.002000s ]
INFO: [ app_begin ] --END-- [ RunTime:0.003000s ]
SQL: SHOW COLUMNS FROM `record` [ RunTime:0.0060s ]
SQL: SHOW COLUMNS FROM `equipment` [ RunTime:0.0050s ]
SQL: SELECT * FROM equipment eq,record re WHERE ( eq.uid='2' AND re.rid='22' AND eq.id=re.id )  [ RunTime:0.0010s ]
SQL: DELETE FROM `record` WHERE ( rid='7' ) [ RunTime:0.0170s ]

[ 2015-06-29T00:10:40+08:00 ] ::1 /JianKong/home.php?m=Home&c=History&a=retrieve&_=1435507430485
INFO: [ app_begin ] --START--
INFO: Run Behavior\ReadHtmlCacheBehavior [ RunTime:0.002000s ]
INFO: [ app_begin ] --END-- [ RunTime:0.002000s ]
SQL: SHOW COLUMNS FROM `record` [ RunTime:0.0050s ]
SQL: SHOW COLUMNS FROM `equipment` [ RunTime:0.0040s ]
SQL: SELECT * FROM equipment eq,record re WHERE ( eq.uid='2' AND eq.id=re.id ) ORDER BY rid desc  [ RunTime:0.0010s ]

[ 2015-06-29T00:17:33+08:00 ] ::1 /JianKong/home.php?m=Home&c=History&a=deleteALL
INFO: [ app_begin ] --START--
INFO: Run Behavior\ReadHtmlCacheBehavior [ RunTime:0.002000s ]
INFO: [ app_begin ] --END-- [ RunTime:0.004001s ]
SQL: SHOW COLUMNS FROM `record` [ RunTime:0.0070s ]
SQL: SHOW COLUMNS FROM `equipment` [ RunTime:0.0060s ]
SQL: SELECT * FROM equipment eq,record re WHERE ( eq.uid='2' AND eq.id=re.id )  [ RunTime:0.0010s ]
NOTIC: [2] Cannot modify header information - headers already sent by (output started at C:\xampp\htdocs\JianKong\home.php:19) C:\xampp\htdocs\JianKong\ThinkPHP\Library\Think\Controller.class.php 第 215 行.

[ 2015-06-29T00:26:33+08:00 ] ::1 /JianKong/home.php?m=Home&c=History&a=retrieve&_=1435508792958
INFO: [ app_begin ] --START--
INFO: Run Behavior\ReadHtmlCacheBehavior [ RunTime:0.000000s ]
INFO: [ app_begin ] --END-- [ RunTime:0.002000s ]
SQL: SHOW COLUMNS FROM `record` [ RunTime:0.0050s ]
SQL: SHOW COLUMNS FROM `equipment` [ RunTime:0.0050s ]
SQL: SELECT * FROM equipment eq,record re WHERE ( eq.uid='2' AND eq.id=re.id ) ORDER BY rid desc  [ RunTime:0.0010s ]

[ 2015-06-29T00:26:39+08:00 ] ::1 /JianKong/home.php?m=Home&c=History&a=deleteALL
INFO: [ app_begin ] --START--
INFO: Run Behavior\ReadHtmlCacheBehavior [ RunTime:0.001000s ]
INFO: [ app_begin ] --END-- [ RunTime:0.002000s ]
SQL: SHOW COLUMNS FROM `record` [ RunTime:0.0040s ]
SQL: SHOW COLUMNS FROM `equipment` [ RunTime:0.0060s ]
SQL: SELECT * FROM equipment eq,record re WHERE ( eq.uid='2' AND eq.id=re.id )  [ RunTime:0.0010s ]
SQL: DELETE FROM `record` WHERE ( rid in(8,9,10,11,12,13,14,15,16,18,19,20,21,22,23,24) ) [ RunTime:0.0050s ]
NOTIC: [2] Cannot modify header information - headers already sent by (output started at C:\xampp\htdocs\JianKong\home.php:19) C:\xampp\htdocs\JianKong\ThinkPHP\Library\Think\Controller.class.php 第 215 行.

[ 2015-06-29T00:26:51+08:00 ] ::1 /JianKong/home.php?m=Home&c=History&a=retrieve&_=1435508810943
INFO: [ app_begin ] --START--
INFO: Run Behavior\ReadHtmlCacheBehavior [ RunTime:0.001001s ]
INFO: [ app_begin ] --END-- [ RunTime:0.002001s ]
SQL: SHOW COLUMNS FROM `record` [ RunTime:0.0050s ]
SQL: SHOW COLUMNS FROM `equipment` [ RunTime:0.0050s ]
SQL: SELECT * FROM equipment eq,record re WHERE ( eq.uid='2' AND eq.id=re.id ) ORDER BY rid desc  [ RunTime:0.0010s ]

[ 2015-06-29T00:27:26+08:00 ] ::1 /JianKong/home.php?m=Home&c=GetCurrent&a=getcurrent
INFO: [ app_begin ] --START--
INFO: Run Behavior\ReadHtmlCacheBehavior [ RunTime:0.002000s ]
INFO: [ app_begin ] --END-- [ RunTime:0.003000s ]
SQL: SHOW COLUMNS FROM `equipment` [ RunTime:0.0060s ]
SQL: SELECT * FROM `equipment` WHERE ( uid='3' )  [ RunTime:0.0000s ]

[ 2015-06-29T00:27:28+08:00 ] ::1 /JianKong/home.php?m=Home&c=History&a=retrieve&_=1435508848204
INFO: [ app_begin ] --START--
INFO: Run Behavior\ReadHtmlCacheBehavior [ RunTime:0.001000s ]
INFO: [ app_begin ] --END-- [ RunTime:0.002000s ]
SQL: SHOW COLUMNS FROM `record` [ RunTime:0.0060s ]
SQL: SHOW COLUMNS FROM `equipment` [ RunTime:0.0050s ]
SQL: SELECT * FROM equipment eq,record re WHERE ( eq.uid='3' AND eq.id=re.id ) ORDER BY rid desc  [ RunTime:0.0010s ]

[ 2015-06-29T00:27:30+08:00 ] ::1 /JianKong/home.php?m=Home&c=History&a=deleteALL
INFO: [ app_begin ] --START--
INFO: Run Behavior\ReadHtmlCacheBehavior [ RunTime:0.001000s ]
INFO: [ app_begin ] --END-- [ RunTime:0.001000s ]
SQL: SHOW COLUMNS FROM `record` [ RunTime:0.0050s ]
SQL: SHOW COLUMNS FROM `equipment` [ RunTime:0.0060s ]
SQL: SELECT * FROM equipment eq,record re WHERE ( eq.uid='3' AND eq.id=re.id )  [ RunTime:0.0010s ]
SQL: DELETE FROM `record` WHERE ( rid in(6) ) [ RunTime:0.0060s ]

[ 2015-06-29T00:27:30+08:00 ] ::1 /JianKong/home.php?m=Home&c=History&a=retrieve&_=1435508848205
INFO: [ app_begin ] --START--
INFO: Run Behavior\ReadHtmlCacheBehavior [ RunTime:0.002000s ]
INFO: [ app_begin ] --END-- [ RunTime:0.002000s ]
SQL: SHOW COLUMNS FROM `record` [ RunTime:0.0060s ]
SQL: SHOW COLUMNS FROM `equipment` [ RunTime:0.0050s ]
SQL: SELECT * FROM equipment eq,record re WHERE ( eq.uid='3' AND eq.id=re.id ) ORDER BY rid desc  [ RunTime:0.0010s ]

[ 2015-06-29T00:27:43+08:00 ] ::1 /JianKong/home.php?m=Home&c=GetCurrent&a=getcurrent
INFO: [ app_begin ] --START--
INFO: Run Behavior\ReadHtmlCacheBehavior [ RunTime:0.001000s ]
INFO: [ app_begin ] --END-- [ RunTime:0.001000s ]
SQL: SHOW COLUMNS FROM `equipment` [ RunTime:0.0060s ]
SQL: SELECT * FROM `equipment` WHERE ( uid='3' AND ( time>='2015-06-29 00:27:26 ' OR ( type=1 AND validtime>'2015-06-29 00:27:26 ' AND validtime<'1435508847') ) )  [ RunTime:0.0010s ]
SQL: SELECT * FROM `equipment` WHERE ( uid='3' AND ( time>='2015-06-29 00:27:26 ' OR ( type=1 AND validtime>'2015-06-29 00:27:26 ' AND validtime<'1435508848') ) )  [ RunTime:0.0010s ]
SQL: SELECT * FROM `equipment` WHERE ( uid='3' AND ( time>='2015-06-29 00:27:26 ' OR ( type=1 AND validtime>'2015-06-29 00:27:26 ' AND validtime<'1435508848') ) )  [ RunTime:0.0010s ]
SQL: SELECT * FROM `equipment` WHERE ( uid='3' AND ( time>='2015-06-29 00:27:26 ' OR ( type=1 AND validtime>'2015-06-29 00:27:26 ' AND validtime<'1435508849') ) )  [ RunTime:0.0010s ]
SQL: SELECT * FROM `equipment` WHERE ( uid='3' AND ( time>='2015-06-29 00:27:26 ' OR ( type=1 AND validtime>'2015-06-29 00:27:26 ' AND validtime<'1435508849') ) )  [ RunTime:0.0000s ]
SQL: SELECT * FROM `equipment` WHERE ( uid='3' AND ( time>='2015-06-29 00:27:26 ' OR ( type=1 AND validtime>'2015-06-29 00:27:26 ' AND validtime<'1435508850') ) )  [ RunTime:0.0010s ]
SQL: SELECT * FROM `equipment` WHERE ( uid='3' AND ( time>='2015-06-29 00:27:26 ' OR ( type=1 AND validtime>'2015-06-29 00:27:26 ' AND validtime<'1435508850') ) )  [ RunTime:0.0010s ]
SQL: SELECT * FROM `equipment` WHERE ( uid='3' AND ( time>='2015-06-29 00:27:26 ' OR ( type=1 AND validtime>'2015-06-29 00:27:26 ' AND validtime<'1435508851') ) )  [ RunTime:0.0000s ]
SQL: SELECT * FROM `equipment` WHERE ( uid='3' AND ( time>='2015-06-29 00:27:26 ' OR ( type=1 AND validtime>'2015-06-29 00:27:26 ' AND validtime<'1435508851') ) )  [ RunTime:0.0010s ]
SQL: SELECT * FROM `equipment` WHERE ( uid='3' AND ( time>='2015-06-29 00:27:26 ' OR ( type=1 AND validtime>'2015-06-29 00:27:26 ' AND validtime<'1435508852') ) )  [ RunTime:0.0010s ]
SQL: SELECT * FROM `equipment` WHERE ( uid='3' AND ( time>='2015-06-29 00:27:26 ' OR ( type=1 AND validtime>'2015-06-29 00:27:26 ' AND validtime<'1435508852') ) )  [ RunTime:0.0010s ]
SQL: SELECT * FROM `equipment` WHERE ( uid='3' AND ( time>='2015-06-29 00:27:26 ' OR ( type=1 AND validtime>'2015-06-29 00:27:26 ' AND validtime<'1435508853') ) )  [ RunTime:0.0010s ]
SQL: SELECT * FROM `equipment` WHERE ( uid='3' AND ( time>='2015-06-29 00:27:26 ' OR ( type=1 AND validtime>'2015-06-29 00:27:26 ' AND validtime<'1435508853') ) )  [ RunTime:0.0010s ]
SQL: SELECT * FROM `equipment` WHERE ( uid='3' AND ( time>='2015-06-29 00:27:26 ' OR ( type=1 AND validtime>'2015-06-29 00:27:26 ' AND validtime<'1435508854') ) )  [ RunTime:0.0000s ]
SQL: SELECT * FROM `equipment` WHERE ( uid='3' AND ( time>='2015-06-29 00:27:26 ' OR ( type=1 AND validtime>'2015-06-29 00:27:26 ' AND validtime<'1435508854') ) )  [ RunTime:0.0010s ]
SQL: SELECT * FROM `equipment` WHERE ( uid='3' AND ( time>='2015-06-29 00:27:26 ' OR ( type=1 AND validtime>'2015-06-29 00:27:26 ' AND validtime<'1435508855') ) )  [ RunTime:0.0010s ]
SQL: SELECT * FROM `equipment` WHERE ( uid='3' AND ( time>='2015-06-29 00:27:26 ' OR ( type=1 AND validtime>'2015-06-29 00:27:26 ' AND validtime<'1435508855') ) )  [ RunTime:0.0010s ]
SQL: SELECT * FROM `equipment` WHERE ( uid='3' AND ( time>='2015-06-29 00:27:26 ' OR ( type=1 AND validtime>'2015-06-29 00:27:26 ' AND validtime<'1435508856') ) )  [ RunTime:0.0010s ]
SQL: SELECT * FROM `equipment` WHERE ( uid='3' AND ( time>='2015-06-29 00:27:26 ' OR ( type=1 AND validtime>'2015-06-29 00:27:26 ' AND validtime<'1435508856') ) )  [ RunTime:0.0010s ]
SQL: SELECT * FROM `equipment` WHERE ( uid='3' AND ( time>='2015-06-29 00:27:26 ' OR ( type=1 AND validtime>'2015-06-29 00:27:26 ' AND validtime<'1435508857') ) )  [ RunTime:0.0010s ]
SQL: SELECT * FROM `equipment` WHERE ( uid='3' AND ( time>='2015-06-29 00:27:26 ' OR ( type=1 AND validtime>'2015-06-29 00:27:26 ' AND validtime<'1435508857') ) )  [ RunTime:0.0010s ]
SQL: SELECT * FROM `equipment` WHERE ( uid='3' AND ( time>='2015-06-29 00:27:26 ' OR ( type=1 AND validtime>'2015-06-29 00:27:26 ' AND validtime<'1435508858') ) )  [ RunTime:0.0000s ]
SQL: SELECT * FROM `equipment` WHERE ( uid='3' AND ( time>='2015-06-29 00:27:26 ' OR ( type=1 AND validtime>'2015-06-29 00:27:26 ' AND validtime<'1435508858') ) )  [ RunTime:0.0010s ]
SQL: SELECT * FROM `equipment` WHERE ( uid='3' AND ( time>='2015-06-29 00:27:26 ' OR ( type=1 AND validtime>'2015-06-29 00:27:26 ' AND validtime<'1435508859') ) )  [ RunTime:0.0010s ]
SQL: SELECT * FROM `equipment` WHERE ( uid='3' AND ( time>='2015-06-29 00:27:26 ' OR ( type=1 AND validtime>'2015-06-29 00:27:26 ' AND validtime<'1435508859') ) )  [ RunTime:0.0010s ]
SQL: SELECT * FROM `equipment` WHERE ( uid='3' AND ( time>='2015-06-29 00:27:26 ' OR ( type=1 AND validtime>'2015-06-29 00:27:26 ' AND validtime<'1435508860') ) )  [ RunTime:0.0000s ]
SQL: SELECT * FROM `equipment` WHERE ( uid='3' AND ( time>='2015-06-29 00:27:26 ' OR ( type=1 AND validtime>'2015-06-29 00:27:26 ' AND validtime<'1435508860') ) )  [ RunTime:0.0010s ]
SQL: SELECT * FROM `equipment` WHERE ( uid='3' AND ( time>='2015-06-29 00:27:26 ' OR ( type=1 AND validtime>'2015-06-29 00:27:26 ' AND validtime<'1435508861') ) )  [ RunTime:0.0000s ]
SQL: SELECT * FROM `equipment` WHERE ( uid='3' AND ( time>='2015-06-29 00:27:26 ' OR ( type=1 AND validtime>'2015-06-29 00:27:26 ' AND validtime<'1435508861') ) )  [ RunTime:0.0010s ]
SQL: SELECT * FROM `equipment` WHERE ( uid='3' AND ( time>='2015-06-29 00:27:26 ' OR ( type=1 AND validtime>'2015-06-29 00:27:26 ' AND validtime<'1435508862') ) )  [ RunTime:0.0000s ]
SQL: SELECT * FROM `equipment` WHERE ( uid='3' AND ( time>='2015-06-29 00:27:26 ' OR ( type=1 AND validtime>'2015-06-29 00:27:26 ' AND validtime<'1435508862') ) )  [ RunTime:0.0010s ]
SQL: SELECT * FROM `equipment` WHERE ( uid='3' AND ( time>='2015-06-29 00:27:26 ' OR ( type=1 AND validtime>'2015-06-29 00:27:26 ' AND validtime<'1435508863') ) )  [ RunTime:0.0000s ]

[ 2015-06-29T00:28:12+08:00 ] ::1 /JianKong/home.php?m=Home&c=History&a=retrieve&_=1435508891819
INFO: [ app_begin ] --START--
INFO: Run Behavior\ReadHtmlCacheBehavior [ RunTime:0.001000s ]
INFO: [ app_begin ] --END-- [ RunTime:0.002000s ]
SQL: SHOW COLUMNS FROM `record` [ RunTime:0.0060s ]
SQL: SHOW COLUMNS FROM `equipment` [ RunTime:0.0060s ]
SQL: SELECT * FROM equipment eq,record re WHERE ( eq.uid='3' AND eq.id=re.id ) ORDER BY rid desc  [ RunTime:0.0010s ]

[ 2015-06-29T00:28:14+08:00 ] ::1 /JianKong/home.php?m=Home&c=History&a=delete
INFO: [ app_begin ] --START--
INFO: Run Behavior\ReadHtmlCacheBehavior [ RunTime:0.002000s ]
INFO: [ app_begin ] --END-- [ RunTime:0.004000s ]
SQL: SHOW COLUMNS FROM `record` [ RunTime:0.0050s ]
SQL: SHOW COLUMNS FROM `equipment` [ RunTime:0.0060s ]
SQL: SELECT * FROM equipment eq,record re WHERE ( eq.uid='3' AND re.rid='22' AND eq.id=re.id )  [ RunTime:0.0010s ]

[ 2015-06-29T00:28:20+08:00 ] ::1 /JianKong/home.php?m=Home&c=History&a=retrieve&_=1435508899889
INFO: [ app_begin ] --START--
INFO: Run Behavior\ReadHtmlCacheBehavior [ RunTime:0.001000s ]
INFO: [ app_begin ] --END-- [ RunTime:0.002000s ]
SQL: SHOW COLUMNS FROM `record` [ RunTime:0.0060s ]
SQL: SHOW COLUMNS FROM `equipment` [ RunTime:0.0050s ]
SQL: SELECT * FROM equipment eq,record re WHERE ( eq.uid='3' AND eq.id=re.id ) ORDER BY rid desc  [ RunTime:0.0010s ]

[ 2015-06-29T00:28:27+08:00 ] ::1 /JianKong/home.php?m=Home&c=History&a=delete
INFO: [ app_begin ] --START--
INFO: Run Behavior\ReadHtmlCacheBehavior [ RunTime:0.001000s ]
INFO: [ app_begin ] --END-- [ RunTime:0.003000s ]
SQL: SHOW COLUMNS FROM `record` [ RunTime:0.0060s ]
SQL: SHOW COLUMNS FROM `equipment` [ RunTime:0.0090s ]
SQL: SELECT * FROM equipment eq,record re WHERE ( eq.uid='3' AND re.rid='22' AND eq.id=re.id )  [ RunTime:0.0000s ]

[ 2015-06-29T00:28:57+08:00 ] ::1 /JianKong/home.php?m=Home&c=History&a=delete
INFO: [ app_begin ] --START--
INFO: Run Behavior\ReadHtmlCacheBehavior [ RunTime:0.001000s ]
INFO: [ app_begin ] --END-- [ RunTime:0.002000s ]
SQL: SHOW COLUMNS FROM `record` [ RunTime:0.0070s ]
SQL: SHOW COLUMNS FROM `equipment` [ RunTime:0.0070s ]
SQL: SELECT * FROM equipment eq,record re WHERE ( eq.uid='3' AND re.rid='6' AND eq.id=re.id )  [ RunTime:0.0010s ]
SQL: DELETE FROM `record` WHERE ( rid='6' ) [ RunTime:0.0080s ]

[ 2015-06-29T00:28:57+08:00 ] ::1 /JianKong/home.php?m=Home&c=History&a=retrieve&_=1435508899890
INFO: [ app_begin ] --START--
INFO: Run Behavior\ReadHtmlCacheBehavior [ RunTime:0.002000s ]
INFO: [ app_begin ] --END-- [ RunTime:0.004000s ]
SQL: SHOW COLUMNS FROM `record` [ RunTime:0.0050s ]
SQL: SHOW COLUMNS FROM `equipment` [ RunTime:0.0060s ]
SQL: SELECT * FROM equipment eq,record re WHERE ( eq.uid='3' AND eq.id=re.id ) ORDER BY rid desc  [ RunTime:0.0010s ]

[ 2015-06-29T00:29:18+08:00 ] ::1 /JianKong/home.php?m=Home&c=GetCurrent&a=getcurrent
INFO: [ app_begin ] --START--
INFO: Run Behavior\ReadHtmlCacheBehavior [ RunTime:0.002000s ]
INFO: [ app_begin ] --END-- [ RunTime:0.003000s ]
SQL: SHOW COLUMNS FROM `equipment` [ RunTime:0.0100s ]
SQL: SELECT * FROM `equipment` WHERE ( uid='2' )  [ RunTime:0.0010s ]

[ 2015-06-29T00:29:27+08:00 ] ::1 /JianKong/home.php?m=Home&c=History&a=retrieve&_=1435508967282
INFO: [ app_begin ] --START--
INFO: Run Behavior\ReadHtmlCacheBehavior [ RunTime:0.001001s ]
INFO: [ app_begin ] --END-- [ RunTime:0.002001s ]
SQL: SHOW COLUMNS FROM `record` [ RunTime:0.0050s ]
SQL: SHOW COLUMNS FROM `equipment` [ RunTime:0.0050s ]
SQL: SELECT * FROM equipment eq,record re WHERE ( eq.uid='2' AND eq.id=re.id ) ORDER BY rid desc  [ RunTime:0.0000s ]

[ 2015-06-29T00:29:29+08:00 ] ::1 /JianKong/home.php?m=Home&c=History&a=delete
INFO: [ app_begin ] --START--
INFO: Run Behavior\ReadHtmlCacheBehavior [ RunTime:0.002000s ]
INFO: [ app_begin ] --END-- [ RunTime:0.004000s ]
SQL: SHOW COLUMNS FROM `record` [ RunTime:0.0050s ]
SQL: SHOW COLUMNS FROM `equipment` [ RunTime:0.0050s ]
SQL: SELECT * FROM equipment eq,record re WHERE ( eq.uid='2' AND re.rid='23' AND eq.id=re.id )  [ RunTime:0.0000s ]
SQL: DELETE FROM `record` WHERE ( rid='23' ) [ RunTime:0.0040s ]

[ 2015-06-29T00:29:29+08:00 ] ::1 /JianKong/home.php?m=Home&c=History&a=retrieve&_=1435508967283
INFO: [ app_begin ] --START--
INFO: Run Behavior\ReadHtmlCacheBehavior [ RunTime:0.002000s ]
INFO: [ app_begin ] --END-- [ RunTime:0.003000s ]
SQL: SHOW COLUMNS FROM `record` [ RunTime:0.0050s ]
SQL: SHOW COLUMNS FROM `equipment` [ RunTime:0.0050s ]
SQL: SELECT * FROM equipment eq,record re WHERE ( eq.uid='2' AND eq.id=re.id ) ORDER BY rid desc  [ RunTime:0.0010s ]

[ 2015-06-29T00:29:33+08:00 ] ::1 /JianKong/home.php?m=Home&c=History&a=deleteALL
INFO: [ app_begin ] --START--
INFO: Run Behavior\ReadHtmlCacheBehavior [ RunTime:0.001000s ]
INFO: [ app_begin ] --END-- [ RunTime:0.002000s ]
SQL: SHOW COLUMNS FROM `record` [ RunTime:0.0050s ]
SQL: SHOW COLUMNS FROM `equipment` [ RunTime:0.0050s ]
SQL: SELECT * FROM equipment eq,record re WHERE ( eq.uid='2' AND eq.id=re.id )  [ RunTime:0.0010s ]
SQL: DELETE FROM `record` WHERE ( rid in(5,7,8,9,10,11,12,13,14,15,16,18,19,20,21,22,24) ) [ RunTime:0.0070s ]

[ 2015-06-29T00:29:33+08:00 ] ::1 /JianKong/home.php?m=Home&c=History&a=retrieve&_=1435508967284
INFO: [ app_begin ] --START--
INFO: Run Behavior\ReadHtmlCacheBehavior [ RunTime:0.001000s ]
INFO: [ app_begin ] --END-- [ RunTime:0.002000s ]
SQL: SHOW COLUMNS FROM `record` [ RunTime:0.0050s ]
SQL: SHOW COLUMNS FROM `equipment` [ RunTime:0.0050s ]
SQL: SELECT * FROM equipment eq,record re WHERE ( eq.uid='2' AND eq.id=re.id ) ORDER BY rid desc  [ RunTime:0.0010s ]

[ 2015-06-29T00:29:42+08:00 ] ::1 /JianKong/home.php?m=Home&c=GetCurrent&a=getcurrent
INFO: [ app_begin ] --START--
INFO: Run Behavior\ReadHtmlCacheBehavior [ RunTime:0.001001s ]
INFO: [ app_begin ] --END-- [ RunTime:0.001001s ]
SQL: SHOW COLUMNS FROM `equipment` [ RunTime:0.0070s ]
SQL: SELECT * FROM `equipment` WHERE ( uid='2' AND ( time>='2015-06-29 00:29:18 ' OR ( type=1 AND validtime>'2015-06-29 00:29:18 ' AND validtime<'1435508959') ) )  [ RunTime:0.0020s ]
SQL: SELECT * FROM `equipment` WHERE ( uid='2' AND ( time>='2015-06-29 00:29:18 ' OR ( type=1 AND validtime>'2015-06-29 00:29:18 ' AND validtime<'1435508959') ) )  [ RunTime:0.0000s ]
SQL: SELECT * FROM `equipment` WHERE ( uid='2' AND ( time>='2015-06-29 00:29:18 ' OR ( type=1 AND validtime>'2015-06-29 00:29:18 ' AND validtime<'1435508960') ) )  [ RunTime:0.0010s ]
SQL: SELECT * FROM `equipment` WHERE ( uid='2' AND ( time>='2015-06-29 00:29:18 ' OR ( type=1 AND validtime>'2015-06-29 00:29:18 ' AND validtime<'1435508960') ) )  [ RunTime:0.0010s ]
SQL: SELECT * FROM `equipment` WHERE ( uid='2' AND ( time>='2015-06-29 00:29:18 ' OR ( type=1 AND validtime>'2015-06-29 00:29:18 ' AND validtime<'1435508961') ) )  [ RunTime:0.0010s ]
SQL: SELECT * FROM `equipment` WHERE ( uid='2' AND ( time>='2015-06-29 00:29:18 ' OR ( type=1 AND validtime>'2015-06-29 00:29:18 ' AND validtime<'1435508961') ) )  [ RunTime:0.0010s ]
SQL: SELECT * FROM `equipment` WHERE ( uid='2' AND ( time>='2015-06-29 00:29:18 ' OR ( type=1 AND validtime>'2015-06-29 00:29:18 ' AND validtime<'1435508962') ) )  [ RunTime:0.0000s ]
SQL: SELECT * FROM `equipment` WHERE ( uid='2' AND ( time>='2015-06-29 00:29:18 ' OR ( type=1 AND validtime>'2015-06-29 00:29:18 ' AND validtime<'1435508962') ) )  [ RunTime:0.0010s ]
SQL: SELECT * FROM `equipment` WHERE ( uid='2' AND ( time>='2015-06-29 00:29:18 ' OR ( type=1 AND validtime>'2015-06-29 00:29:18 ' AND validtime<'1435508963') ) )  [ RunTime:0.0010s ]
SQL: SELECT * FROM `equipment` WHERE ( uid='2' AND ( time>='2015-06-29 00:29:18 ' OR ( type=1 AND validtime>'2015-06-29 00:29:18 ' AND validtime<'1435508963') ) )  [ RunTime:0.0010s ]
SQL: SELECT * FROM `equipment` WHERE ( uid='2' AND ( time>='2015-06-29 00:29:18 ' OR ( type=1 AND validtime>'2015-06-29 00:29:18 ' AND validtime<'1435508964') ) )  [ RunTime:0.0010s ]
SQL: SELECT * FROM `equipment` WHERE ( uid='2' AND ( time>='2015-06-29 00:29:18 ' OR ( type=1 AND validtime>'2015-06-29 00:29:18 ' AND validtime<'1435508964') ) )  [ RunTime:0.0010s ]
SQL: SELECT * FROM `equipment` WHERE ( uid='2' AND ( time>='2015-06-29 00:29:18 ' OR ( type=1 AND validtime>'2015-06-29 00:29:18 ' AND validtime<'1435508965') ) )  [ RunTime:0.0000s ]
SQL: SELECT * FROM `equipment` WHERE ( uid='2' AND ( time>='2015-06-29 00:29:18 ' OR ( type=1 AND validtime>'2015-06-29 00:29:18 ' AND validtime<'1435508965') ) )  [ RunTime:0.0010s ]
SQL: SELECT * FROM `equipment` WHERE ( uid='2' AND ( time>='2015-06-29 00:29:18 ' OR ( type=1 AND validtime>'2015-06-29 00:29:18 ' AND validtime<'1435508966') ) )  [ RunTime:0.0020s ]
SQL: SELECT * FROM `equipment` WHERE ( uid='2' AND ( time>='2015-06-29 00:29:18 ' OR ( type=1 AND validtime>'2015-06-29 00:29:18 ' AND validtime<'1435508966') ) )  [ RunTime:0.0010s ]
SQL: SELECT * FROM `equipment` WHERE ( uid='2' AND ( time>='2015-06-29 00:29:18 ' OR ( type=1 AND validtime>'2015-06-29 00:29:18 ' AND validtime<'1435508967') ) )  [ RunTime:0.0010s ]
SQL: SELECT * FROM `equipment` WHERE ( uid='2' AND ( time>='2015-06-29 00:29:18 ' OR ( type=1 AND validtime>'2015-06-29 00:29:18 ' AND validtime<'1435508967') ) )  [ RunTime:0.0010s ]
SQL: SELECT * FROM `equipment` WHERE ( uid='2' AND ( time>='2015-06-29 00:29:18 ' OR ( type=1 AND validtime>'2015-06-29 00:29:18 ' AND validtime<'1435508968') ) )  [ RunTime:0.0010s ]
SQL: SELECT * FROM `equipment` WHERE ( uid='2' AND ( time>='2015-06-29 00:29:18 ' OR ( type=1 AND validtime>'2015-06-29 00:29:18 ' AND validtime<'1435508968') ) )  [ RunTime:0.0000s ]
SQL: SELECT * FROM `equipment` WHERE ( uid='2' AND ( time>='2015-06-29 00:29:18 ' OR ( type=1 AND validtime>'2015-06-29 00:29:18 ' AND validtime<'1435508969') ) )  [ RunTime:0.0010s ]
SQL: SELECT * FROM `equipment` WHERE ( uid='2' AND ( time>='2015-06-29 00:29:18 ' OR ( type=1 AND validtime>'2015-06-29 00:29:18 ' AND validtime<'1435508969') ) )  [ RunTime:0.0010s ]
SQL: SELECT * FROM `equipment` WHERE ( uid='2' AND ( time>='2015-06-29 00:29:18 ' OR ( type=1 AND validtime>'2015-06-29 00:29:18 ' AND validtime<'1435508970') ) )  [ RunTime:0.0010s ]
SQL: SELECT * FROM `equipment` WHERE ( uid='2' AND ( time>='2015-06-29 00:29:18 ' OR ( type=1 AND validtime>'2015-06-29 00:29:18 ' AND validtime<'1435508970') ) )  [ RunTime:0.0010s ]
SQL: SELECT * FROM `equipment` WHERE ( uid='2' AND ( time>='2015-06-29 00:29:18 ' OR ( type=1 AND validtime>'2015-06-29 00:29:18 ' AND validtime<'1435508971') ) )  [ RunTime:0.0010s ]
SQL: SELECT * FROM `equipment` WHERE ( uid='2' AND ( time>='2015-06-29 00:29:18 ' OR ( type=1 AND validtime>'2015-06-29 00:29:18 ' AND validtime<'1435508971') ) )  [ RunTime:0.0000s ]
SQL: SELECT * FROM `equipment` WHERE ( uid='2' AND ( time>='2015-06-29 00:29:18 ' OR ( type=1 AND validtime>'2015-06-29 00:29:18 ' AND validtime<'1435508972') ) )  [ RunTime:0.0000s ]
SQL: SELECT * FROM `equipment` WHERE ( uid='2' AND ( time>='2015-06-29 00:29:18 ' OR ( type=1 AND validtime>'2015-06-29 00:29:18 ' AND validtime<'1435508972') ) )  [ RunTime:0.0010s ]
SQL: SELECT * FROM `equipment` WHERE ( uid='2' AND ( time>='2015-06-29 00:29:18 ' OR ( type=1 AND validtime>'2015-06-29 00:29:18 ' AND validtime<'1435508973') ) )  [ RunTime:0.0010s ]
SQL: SELECT * FROM `equipment` WHERE ( uid='2' AND ( time>='2015-06-29 00:29:18 ' OR ( type=1 AND validtime>'2015-06-29 00:29:18 ' AND validtime<'1435508973') ) )  [ RunTime:0.0010s ]
SQL: SELECT * FROM `equipment` WHERE ( uid='2' AND ( time>='2015-06-29 00:29:18 ' OR ( type=1 AND validtime>'2015-06-29 00:29:18 ' AND validtime<'1435508974') ) )  [ RunTime:0.0010s ]
SQL: SELECT * FROM `equipment` WHERE ( uid='2' AND ( time>='2015-06-29 00:29:18 ' OR ( type=1 AND validtime>'2015-06-29 00:29:18 ' AND validtime<'1435508974') ) )  [ RunTime:0.0000s ]
SQL: SELECT * FROM `equipment` WHERE ( uid='2' AND ( time>='2015-06-29 00:29:18 ' OR ( type=1 AND validtime>'2015-06-29 00:29:18 ' AND validtime<'1435508975') ) )  [ RunTime:0.0010s ]
SQL: SELECT * FROM `equipment` WHERE ( uid='2' AND ( time>='2015-06-29 00:29:18 ' OR ( type=1 AND validtime>'2015-06-29 00:29:18 ' AND validtime<'1435508975') ) )  [ RunTime:0.0000s ]
SQL: SELECT * FROM `equipment` WHERE ( uid='2' AND ( time>='2015-06-29 00:29:18 ' OR ( type=1 AND validtime>'2015-06-29 00:29:18 ' AND validtime<'1435508976') ) )  [ RunTime:0.0000s ]
SQL: SELECT * FROM `equipment` WHERE ( uid='2' AND ( time>='2015-06-29 00:29:18 ' OR ( type=1 AND validtime>'2015-06-29 00:29:18 ' AND validtime<'1435508976') ) )  [ RunTime:0.0000s ]
SQL: SELECT * FROM `equipment` WHERE ( uid='2' AND ( time>='2015-06-29 00:29:18 ' OR ( type=1 AND validtime>'2015-06-29 00:29:18 ' AND validtime<'1435508977') ) )  [ RunTime:0.0010s ]
SQL: SELECT * FROM `equipment` WHERE ( uid='2' AND ( time>='2015-06-29 00:29:18 ' OR ( type=1 AND validtime>'2015-06-29 00:29:18 ' AND validtime<'1435508977') ) )  [ RunTime:0.0010s ]
SQL: SELECT * FROM `equipment` WHERE ( uid='2' AND ( time>='2015-06-29 00:29:18 ' OR ( type=1 AND validtime>'2015-06-29 00:29:18 ' AND validtime<'1435508978') ) )  [ RunTime:0.0010s ]
SQL: SELECT * FROM `equipment` WHERE ( uid='2' AND ( time>='2015-06-29 00:29:18 ' OR ( type=1 AND validtime>'2015-06-29 00:29:18 ' AND validtime<'1435508978') ) )  [ RunTime:0.0010s ]
SQL: SELECT * FROM `equipment` WHERE ( uid='2' AND ( time>='2015-06-29 00:29:18 ' OR ( type=1 AND validtime>'2015-06-29 00:29:18 ' AND validtime<'1435508979') ) )  [ RunTime:0.0010s ]
SQL: SELECT * FROM `equipment` WHERE ( uid='2' AND ( time>='2015-06-29 00:29:18 ' OR ( type=1 AND validtime>'2015-06-29 00:29:18 ' AND validtime<'1435508979') ) )  [ RunTime:0.0010s ]
SQL: SELECT * FROM `equipment` WHERE ( uid='2' AND ( time>='2015-06-29 00:29:18 ' OR ( type=1 AND validtime>'2015-06-29 00:29:18 ' AND validtime<'1435508980') ) )  [ RunTime:0.0010s ]
SQL: SELECT * FROM `equipment` WHERE ( uid='2' AND ( time>='2015-06-29 00:29:18 ' OR ( type=1 AND validtime>'2015-06-29 00:29:18 ' AND validtime<'1435508980') ) )  [ RunTime:0.0000s ]
SQL: SELECT * FROM `equipment` WHERE ( uid='2' AND ( time>='2015-06-29 00:29:18 ' OR ( type=1 AND validtime>'2015-06-29 00:29:18 ' AND validtime<'1435508981') ) )  [ RunTime:0.0010s ]
SQL: SELECT * FROM `equipment` WHERE ( uid='2' AND ( time>='2015-06-29 00:29:18 ' OR ( type=1 AND validtime>'2015-06-29 00:29:18 ' AND validtime<'1435508981') ) )  [ RunTime:0.0010s ]
SQL: SELECT * FROM `equipment` WHERE ( uid='2' AND ( time>='2015-06-29 00:29:18 ' OR ( type=1 AND validtime>'2015-06-29 00:29:18 ' AND validtime<'1435508982') ) )  [ RunTime:0.0000s ]
SQL: SELECT * FROM `equipment` WHERE ( uid='2' AND ( time>='2015-06-29 00:29:18 ' OR ( type=1 AND validtime>'2015-06-29 00:29:18 ' AND validtime<'1435508982') ) )  [ RunTime:0.0010s ]

[ 2015-06-29T00:30:00+08:00 ] ::1 /JianKong/home.php?m=Home&c=GetCurrent&a=getcurrent
INFO: [ app_begin ] --START--
INFO: Run Behavior\ReadHtmlCacheBehavior [ RunTime:0.001000s ]
INFO: [ app_begin ] --END-- [ RunTime:0.002000s ]
SQL: SHOW COLUMNS FROM `equipment` [ RunTime:0.0050s ]
SQL: SELECT * FROM `equipment`  [ RunTime:0.0010s ]

[ 2015-06-29T00:30:01+08:00 ] ::1 /JianKong/home.php?m=Home&c=History&a=retrieve&_=1435509001465
INFO: [ app_begin ] --START--
INFO: Run Behavior\ReadHtmlCacheBehavior [ RunTime:0.001000s ]
INFO: [ app_begin ] --END-- [ RunTime:0.003000s ]
SQL: SHOW COLUMNS FROM `record` [ RunTime:0.0050s ]
SQL: SELECT * FROM `record` ORDER BY rid desc  [ RunTime:0.0000s ]

[ 2015-06-29T00:30:04+08:00 ] ::1 /JianKong/home.php?m=Home&c=History&a=delete
INFO: [ app_begin ] --START--
INFO: Run Behavior\ReadHtmlCacheBehavior [ RunTime:0.001000s ]
INFO: [ app_begin ] --END-- [ RunTime:0.002000s ]
SQL: SHOW COLUMNS FROM `record` [ RunTime:0.0050s ]
SQL: DELETE FROM `record` WHERE ( rid='23' ) [ RunTime:0.0040s ]

[ 2015-06-29T00:30:04+08:00 ] ::1 /JianKong/home.php?m=Home&c=History&a=retrieve&_=1435509001466
INFO: [ app_begin ] --START--
INFO: Run Behavior\ReadHtmlCacheBehavior [ RunTime:0.001000s ]
INFO: [ app_begin ] --END-- [ RunTime:0.002000s ]
SQL: SHOW COLUMNS FROM `record` [ RunTime:0.0050s ]
SQL: SELECT * FROM `record` ORDER BY rid desc  [ RunTime:0.0010s ]

[ 2015-06-29T00:30:07+08:00 ] ::1 /JianKong/home.php?m=Home&c=History&a=deleteALL
INFO: [ app_begin ] --START--
INFO: Run Behavior\ReadHtmlCacheBehavior [ RunTime:0.002000s ]
INFO: [ app_begin ] --END-- [ RunTime:0.002000s ]
SQL: SHOW COLUMNS FROM `record` [ RunTime:0.0040s ]

[ 2015-06-29T00:30:07+08:00 ] ::1 /JianKong/home.php?m=Home&c=History&a=retrieve&_=1435509001467
INFO: [ app_begin ] --START--
INFO: Run Behavior\ReadHtmlCacheBehavior [ RunTime:0.001000s ]
INFO: [ app_begin ] --END-- [ RunTime:0.002000s ]
SQL: SHOW COLUMNS FROM `record` [ RunTime:0.0060s ]
SQL: SELECT * FROM `record` ORDER BY rid desc  [ RunTime:0.0000s ]

[ 2015-06-29T00:30:08+08:00 ] ::1 /JianKong/home.php?m=Home&c=GetCurrent&a=getcurrent
INFO: [ app_begin ] --START--
INFO: Run Behavior\ReadHtmlCacheBehavior [ RunTime:0.001000s ]
INFO: [ app_begin ] --END-- [ RunTime:0.002000s ]
SQL: SHOW COLUMNS FROM `equipment` [ RunTime:0.0060s ]
SQL: SELECT * FROM `equipment` WHERE ( time>='2015-06-29 00:30:00 ' OR ( type=1 AND validtime>'2015-06-29 00:30:00 ' AND validtime<'2015-06-29 00:30:01 ') )  [ RunTime:0.0010s ]
SQL: SELECT * FROM `equipment` WHERE ( time>='2015-06-29 00:30:00 ' OR ( type=1 AND validtime>'2015-06-29 00:30:00 ' AND validtime<'2015-06-29 00:30:01 ') )  [ RunTime:0.0000s ]
SQL: SELECT * FROM `equipment` WHERE ( time>='2015-06-29 00:30:00 ' OR ( type=1 AND validtime>'2015-06-29 00:30:00 ' AND validtime<'2015-06-29 00:30:02 ') )  [ RunTime:0.0010s ]
SQL: SELECT * FROM `equipment` WHERE ( time>='2015-06-29 00:30:00 ' OR ( type=1 AND validtime>'2015-06-29 00:30:00 ' AND validtime<'2015-06-29 00:30:02 ') )  [ RunTime:0.0010s ]
SQL: SELECT * FROM `equipment` WHERE ( time>='2015-06-29 00:30:00 ' OR ( type=1 AND validtime>'2015-06-29 00:30:00 ' AND validtime<'2015-06-29 00:30:03 ') )  [ RunTime:0.0010s ]
SQL: SELECT * FROM `equipment` WHERE ( time>='2015-06-29 00:30:00 ' OR ( type=1 AND validtime>'2015-06-29 00:30:00 ' AND validtime<'2015-06-29 00:30:03 ') )  [ RunTime:0.0010s ]
SQL: SELECT * FROM `equipment` WHERE ( time>='2015-06-29 00:30:00 ' OR ( type=1 AND validtime>'2015-06-29 00:30:00 ' AND validtime<'2015-06-29 00:30:04 ') )  [ RunTime:0.0010s ]
SQL: SELECT * FROM `equipment` WHERE ( time>='2015-06-29 00:30:00 ' OR ( type=1 AND validtime>'2015-06-29 00:30:00 ' AND validtime<'2015-06-29 00:30:04 ') )  [ RunTime:0.0010s ]
SQL: SELECT * FROM `equipment` WHERE ( time>='2015-06-29 00:30:00 ' OR ( type=1 AND validtime>'2015-06-29 00:30:00 ' AND validtime<'2015-06-29 00:30:05 ') )  [ RunTime:0.0000s ]
SQL: SELECT * FROM `equipment` WHERE ( time>='2015-06-29 00:30:00 ' OR ( type=1 AND validtime>'2015-06-29 00:30:00 ' AND validtime<'2015-06-29 00:30:05 ') )  [ RunTime:0.0000s ]
SQL: SELECT * FROM `equipment` WHERE ( time>='2015-06-29 00:30:00 ' OR ( type=1 AND validtime>'2015-06-29 00:30:00 ' AND validtime<'2015-06-29 00:30:06 ') )  [ RunTime:0.0010s ]
SQL: SELECT * FROM `equipment` WHERE ( time>='2015-06-29 00:30:00 ' OR ( type=1 AND validtime>'2015-06-29 00:30:00 ' AND validtime<'2015-06-29 00:30:06 ') )  [ RunTime:0.0010s ]
SQL: SELECT * FROM `equipment` WHERE ( time>='2015-06-29 00:30:00 ' OR ( type=1 AND validtime>'2015-06-29 00:30:00 ' AND validtime<'2015-06-29 00:30:07 ') )  [ RunTime:0.0010s ]
SQL: SELECT * FROM `equipment` WHERE ( time>='2015-06-29 00:30:00 ' OR ( type=1 AND validtime>'2015-06-29 00:30:00 ' AND validtime<'2015-06-29 00:30:07 ') )  [ RunTime:0.0010s ]
SQL: SELECT * FROM `equipment` WHERE ( time>='2015-06-29 00:30:00 ' OR ( type=1 AND validtime>'2015-06-29 00:30:00 ' AND validtime<'2015-06-29 00:30:08 ') )  [ RunTime:0.0010s ]
SQL: SELECT * FROM `equipment` WHERE ( time>='2015-06-29 00:30:00 ' OR ( type=1 AND validtime>'2015-06-29 00:30:00 ' AND validtime<'2015-06-29 00:30:08 ') )  [ RunTime:0.0010s ]

[ 2015-06-29T00:30:10+08:00 ] ::1 /JianKong/home.php?m=Home&c=History&a=deleteALL
INFO: [ app_begin ] --START--
INFO: Run Behavior\ReadHtmlCacheBehavior [ RunTime:0.002000s ]
INFO: [ app_begin ] --END-- [ RunTime:0.004000s ]
SQL: SHOW COLUMNS FROM `record` [ RunTime:0.0060s ]

[ 2015-06-29T00:30:10+08:00 ] ::1 /JianKong/home.php?m=Home&c=History&a=retrieve&_=1435509001468
INFO: [ app_begin ] --START--
INFO: Run Behavior\ReadHtmlCacheBehavior [ RunTime:0.003000s ]
INFO: [ app_begin ] --END-- [ RunTime:0.004000s ]
SQL: SHOW COLUMNS FROM `record` [ RunTime:0.0060s ]
SQL: SELECT * FROM `record` ORDER BY rid desc  [ RunTime:0.0010s ]

[ 2015-06-29T00:30:53+08:00 ] ::1 /JianKong/home.php?m=Home&c=History&a=deleteALL
INFO: [ app_begin ] --START--
INFO: Run Behavior\ReadHtmlCacheBehavior [ RunTime:0.002000s ]
INFO: [ app_begin ] --END-- [ RunTime:0.002000s ]
SQL: SHOW COLUMNS FROM `record` [ RunTime:0.0070s ]
SQL: DELETE FROM `record` WHERE ( 1 ) [ RunTime:0.0190s ]

[ 2015-06-29T00:30:53+08:00 ] ::1 /JianKong/home.php?m=Home&c=History&a=retrieve&_=1435509001469
INFO: [ app_begin ] --START--
INFO: Run Behavior\ReadHtmlCacheBehavior [ RunTime:0.001000s ]
INFO: [ app_begin ] --END-- [ RunTime:0.002000s ]
SQL: SHOW COLUMNS FROM `record` [ RunTime:0.0050s ]
SQL: SELECT * FROM `record` ORDER BY rid desc  [ RunTime:0.0010s ]

[ 2015-06-29T00:31:07+08:00 ] ::1 /JianKong/home.php?m=Home&c=History&a=retrieve&_=1435509066949
INFO: [ app_begin ] --START--
INFO: Run Behavior\ReadHtmlCacheBehavior [ RunTime:0.001000s ]
INFO: [ app_begin ] --END-- [ RunTime:0.003001s ]
SQL: SHOW COLUMNS FROM `record` [ RunTime:0.0070s ]
SQL: SELECT * FROM `record` ORDER BY rid desc  [ RunTime:0.0000s ]

[ 2015-06-29T00:31:44+08:00 ] ::1 /JianKong/home.php?m=Home&c=ManageJG&a=retrieve&_=1435509103988
INFO: [ app_begin ] --START--
INFO: Run Behavior\ReadHtmlCacheBehavior [ RunTime:0.001000s ]
INFO: [ app_begin ] --END-- [ RunTime:0.001000s ]
SQL: SHOW COLUMNS FROM `equipment` [ RunTime:0.0050s ]
SQL: SELECT * FROM `equipment`  [ RunTime:0.0000s ]

[ 2015-06-29T00:35:29+08:00 ] ::1 /JianKong/home.php?m=Home&c=History&a=retrieve&_=1435509329662
INFO: [ app_begin ] --START--
INFO: Run Behavior\ReadHtmlCacheBehavior [ RunTime:0.001000s ]
INFO: [ app_begin ] --END-- [ RunTime:0.002000s ]
SQL: SHOW COLUMNS FROM `record` [ RunTime:0.0040s ]
SQL: SELECT * FROM `record` ORDER BY rid desc  [ RunTime:0.0010s ]

[ 2015-06-29T00:51:32+08:00 ] ::1 /JianKong/home.php?m=Home&c=History&a=retrieve&_=1435510292795
INFO: [ app_begin ] --START--
INFO: Run Behavior\ReadHtmlCacheBehavior [ RunTime:0.001000s ]
INFO: [ app_begin ] --END-- [ RunTime:0.003000s ]
SQL: SHOW COLUMNS FROM `record` [ RunTime:0.0070s ]
SQL: SELECT * FROM `record` ORDER BY rid desc  [ RunTime:0.0010s ]

[ 2015-06-29T00:51:43+08:00 ] ::1 /JianKong/home.php?m=Home&c=History&a=retrieve&_=1435510303108
INFO: [ app_begin ] --START--
INFO: Run Behavior\ReadHtmlCacheBehavior [ RunTime:0.001000s ]
INFO: [ app_begin ] --END-- [ RunTime:0.002000s ]
SQL: SHOW COLUMNS FROM `record` [ RunTime:0.0060s ]
SQL: SELECT * FROM `record` ORDER BY rid desc  [ RunTime:0.0010s ]

[ 2015-06-29T00:52:15+08:00 ] ::1 /JianKong/home.php?m=Home&c=History&a=retrieve&_=1435510335465
INFO: [ app_begin ] --START--
INFO: Run Behavior\ReadHtmlCacheBehavior [ RunTime:0.001000s ]
INFO: [ app_begin ] --END-- [ RunTime:0.001000s ]
SQL: SHOW COLUMNS FROM `record` [ RunTime:0.0050s ]
SQL: SELECT * FROM `record` ORDER BY rid desc  [ RunTime:0.0000s ]

[ 2015-06-29T00:56:11+08:00 ] ::1 /JianKong/home.php?m=Home&c=History&a=retrieve&_=1435510571352
INFO: [ app_begin ] --START--
INFO: Run Behavior\ReadHtmlCacheBehavior [ RunTime:0.001000s ]
INFO: [ app_begin ] --END-- [ RunTime:0.002000s ]
SQL: SHOW COLUMNS FROM `record` [ RunTime:0.0070s ]
SQL: SELECT * FROM `record` ORDER BY rid desc  [ RunTime:0.0000s ]

[ 2015-06-29T00:57:45+08:00 ] ::1 /JianKong/home.php?m=Home&c=History&a=retrieve&_=1435510665349
INFO: [ app_begin ] --START--
INFO: Run Behavior\ReadHtmlCacheBehavior [ RunTime:0.001000s ]
INFO: [ app_begin ] --END-- [ RunTime:0.002000s ]
SQL: SHOW COLUMNS FROM `record` [ RunTime:0.0060s ]
SQL: SELECT * FROM `record` ORDER BY rid desc  [ RunTime:0.0010s ]

[ 2015-06-29T01:02:53+08:00 ] ::1 /JianKong/home.php?m=Home&c=Index&a=manage_setting
ERR: 模板不存在:./Home/Home/View/Index/manage_setting.html

[ 2015-06-29T01:03:06+08:00 ] ::1 /JianKong/home.php?m=Home&c=History&a=retrieve&_=1435510986333
INFO: [ app_begin ] --START--
INFO: Run Behavior\ReadHtmlCacheBehavior [ RunTime:0.002000s ]
INFO: [ app_begin ] --END-- [ RunTime:0.002000s ]
SQL: SHOW COLUMNS FROM `record` [ RunTime:0.0050s ]
SQL: SELECT * FROM `record` ORDER BY rid desc  [ RunTime:0.0010s ]

[ 2015-06-29T01:03:07+08:00 ] ::1 /JianKong/home.php?m=Home&c=Index&a=manage_setting
ERR: 模板不存在:./Home/Home/View/Index/manage_setting.html

[ 2015-06-29T01:03:10+08:00 ] ::1 /JianKong/home.php?m=Home&c=History&a=retrieve&_=1435510990085
INFO: [ app_begin ] --START--
INFO: Run Behavior\ReadHtmlCacheBehavior [ RunTime:0.001000s ]
INFO: [ app_begin ] --END-- [ RunTime:0.002000s ]
SQL: SHOW COLUMNS FROM `record` [ RunTime:0.0060s ]
SQL: SELECT * FROM `record` ORDER BY rid desc  [ RunTime:0.0010s ]

[ 2015-06-29T01:03:12+08:00 ] ::1 /JianKong/home.php?m=Home&c=History&a=retrieve&_=1435510992261
INFO: [ app_begin ] --START--
INFO: Run Behavior\ReadHtmlCacheBehavior [ RunTime:0.001000s ]
INFO: [ app_begin ] --END-- [ RunTime:0.002000s ]
SQL: SHOW COLUMNS FROM `record` [ RunTime:0.0050s ]
SQL: SELECT * FROM `record` ORDER BY rid desc  [ RunTime:0.0000s ]

[ 2015-06-29T01:03:16+08:00 ] ::1 /JianKong/home.php?m=Home&c=ManageJG&a=retrieve&_=1435510996113
INFO: [ app_begin ] --START--
INFO: Run Behavior\ReadHtmlCacheBehavior [ RunTime:0.001000s ]
INFO: [ app_begin ] --END-- [ RunTime:0.001000s ]
SQL: SHOW COLUMNS FROM `equipment` [ RunTime:0.0040s ]
SQL: SELECT * FROM `equipment`  [ RunTime:0.0010s ]

[ 2015-06-29T01:03:18+08:00 ] ::1 /JianKong/home.php?m=Home&c=ManageJG&a=retrieve&_=1435510997867
INFO: [ app_begin ] --START--
INFO: Run Behavior\ReadHtmlCacheBehavior [ RunTime:0.001000s ]
INFO: [ app_begin ] --END-- [ RunTime:0.002000s ]
SQL: SHOW COLUMNS FROM `equipment` [ RunTime:0.0070s ]
SQL: SELECT * FROM `equipment`  [ RunTime:0.0000s ]

[ 2015-06-29T01:03:20+08:00 ] ::1 /JianKong/home.php?m=Home&c=ManageUser&a=retrieve&_=1435510999867
INFO: [ app_begin ] --START--
INFO: Run Behavior\ReadHtmlCacheBehavior [ RunTime:0.002000s ]
INFO: [ app_begin ] --END-- [ RunTime:0.002000s ]
SQL: SHOW COLUMNS FROM `admin` [ RunTime:0.0050s ]
SQL: SELECT `uid`,`uname`,`remark` FROM `admin` WHERE ( kind=2 )  [ RunTime:0.0010s ]
NOTIC: [8] Undefined variable: result C:\xampp\htdocs\JianKong\Home\Home\Controller\ManageUserController.class.php 第 18 行.

[ 2015-06-29T01:06:04+08:00 ] ::1 /JianKong/home.php?m=Home&c=ManageUser&a=retrieve&_=1435511164718
INFO: [ app_begin ] --START--
INFO: Run Behavior\ReadHtmlCacheBehavior [ RunTime:0.001000s ]
INFO: [ app_begin ] --END-- [ RunTime:0.002000s ]
SQL: SHOW COLUMNS FROM `admin` [ RunTime:0.0050s ]
SQL: SELECT `uid`,`uname`,`remark` FROM `admin` WHERE ( kind=2 )  [ RunTime:0.0000s ]
NOTIC: [8] Undefined variable: result C:\xampp\htdocs\JianKong\Home\Home\Controller\ManageUserController.class.php 第 18 行.

[ 2015-06-29T01:06:06+08:00 ] ::1 /JianKong/home.php?m=Home&c=History&a=retrieve&_=1435511166184
INFO: [ app_begin ] --START--
INFO: Run Behavior\ReadHtmlCacheBehavior [ RunTime:0.002001s ]
INFO: [ app_begin ] --END-- [ RunTime:0.003001s ]
SQL: SHOW COLUMNS FROM `record` [ RunTime:0.0040s ]
SQL: SELECT * FROM `record` ORDER BY rid desc  [ RunTime:0.0010s ]

[ 2015-06-29T01:06:08+08:00 ] ::1 /JianKong/home.php?m=Home&c=ManageUser&a=retrieve&_=1435511168123
INFO: [ app_begin ] --START--
INFO: Run Behavior\ReadHtmlCacheBehavior [ RunTime:0.001000s ]
INFO: [ app_begin ] --END-- [ RunTime:0.002000s ]
SQL: SHOW COLUMNS FROM `admin` [ RunTime:0.0050s ]
SQL: SELECT `uid`,`uname`,`remark` FROM `admin` WHERE ( kind=2 )  [ RunTime:0.0010s ]
NOTIC: [8] Undefined variable: result C:\xampp\htdocs\JianKong\Home\Home\Controller\ManageUserController.class.php 第 18 行.

[ 2015-06-29T01:06:09+08:00 ] ::1 /JianKong/home.php?m=Home&c=History&a=retrieve&_=1435511169469
INFO: [ app_begin ] --START--
INFO: Run Behavior\ReadHtmlCacheBehavior [ RunTime:0.001000s ]
INFO: [ app_begin ] --END-- [ RunTime:0.003000s ]
SQL: SHOW COLUMNS FROM `record` [ RunTime:0.0050s ]
SQL: SELECT * FROM `record` ORDER BY rid desc  [ RunTime:0.0010s ]

[ 2015-06-29T01:06:11+08:00 ] ::1 /JianKong/home.php?m=Home&c=ManageUser&a=retrieve&_=1435511171255
INFO: [ app_begin ] --START--
INFO: Run Behavior\ReadHtmlCacheBehavior [ RunTime:0.002000s ]
INFO: [ app_begin ] --END-- [ RunTime:0.003000s ]
SQL: SHOW COLUMNS FROM `admin` [ RunTime:0.0050s ]
SQL: SELECT `uid`,`uname`,`remark` FROM `admin` WHERE ( kind=2 )  [ RunTime:0.0010s ]
NOTIC: [8] Undefined variable: result C:\xampp\htdocs\JianKong\Home\Home\Controller\ManageUserController.class.php 第 18 行.

[ 2015-06-29T01:06:28+08:00 ] ::1 /JianKong/home.php?m=Home&c=History&a=retrieve&_=1435511188088
INFO: [ app_begin ] --START--
INFO: Run Behavior\ReadHtmlCacheBehavior [ RunTime:0.001001s ]
INFO: [ app_begin ] --END-- [ RunTime:0.002001s ]
SQL: SHOW COLUMNS FROM `record` [ RunTime:0.0070s ]
SQL: SELECT * FROM `record` ORDER BY rid desc  [ RunTime:0.0000s ]

[ 2015-06-29T01:06:33+08:00 ] ::1 /JianKong/home.php?m=Home&c=GetCurrent&a=getcurrent
INFO: [ app_begin ] --START--
INFO: Run Behavior\ReadHtmlCacheBehavior [ RunTime:0.001000s ]
INFO: [ app_begin ] --END-- [ RunTime:0.002000s ]
SQL: SHOW COLUMNS FROM `equipment` [ RunTime:0.0060s ]
SQL: SELECT * FROM `equipment`  [ RunTime:0.0010s ]

[ 2015-06-29T01:07:02+08:00 ] ::1 /JianKong/home.php?m=Home&c=GetCurrent&a=getcurrent
INFO: [ app_begin ] --START--
INFO: Run Behavior\ReadHtmlCacheBehavior [ RunTime:0.001000s ]
INFO: [ app_begin ] --END-- [ RunTime:0.002000s ]
SQL: SHOW COLUMNS FROM `equipment` [ RunTime:0.0060s ]
SQL: SELECT * FROM `equipment` WHERE ( time>='2015-06-29 01:06:33 ' OR ( type=1 AND validtime>'2015-06-29 01:06:33 ' AND validtime<'2015-06-29 01:06:34 ') )  [ RunTime:0.0000s ]
SQL: SELECT * FROM `equipment` WHERE ( time>='2015-06-29 01:06:33 ' OR ( type=1 AND validtime>'2015-06-29 01:06:33 ' AND validtime<'2015-06-29 01:06:35 ') )  [ RunTime:0.0000s ]
SQL: SELECT * FROM `equipment` WHERE ( time>='2015-06-29 01:06:33 ' OR ( type=1 AND validtime>'2015-06-29 01:06:33 ' AND validtime<'2015-06-29 01:06:35 ') )  [ RunTime:0.0000s ]
SQL: SELECT * FROM `equipment` WHERE ( time>='2015-06-29 01:06:33 ' OR ( type=1 AND validtime>'2015-06-29 01:06:33 ' AND validtime<'2015-06-29 01:06:36 ') )  [ RunTime:0.0010s ]
SQL: SELECT * FROM `equipment` WHERE ( time>='2015-06-29 01:06:33 ' OR ( type=1 AND validtime>'2015-06-29 01:06:33 ' AND validtime<'2015-06-29 01:06:36 ') )  [ RunTime:0.0010s ]
SQL: SELECT * FROM `equipment` WHERE ( time>='2015-06-29 01:06:33 ' OR ( type=1 AND validtime>'2015-06-29 01:06:33 ' AND validtime<'2015-06-29 01:06:37 ') )  [ RunTime:0.0010s ]
SQL: SELECT * FROM `equipment` WHERE ( time>='2015-06-29 01:06:33 ' OR ( type=1 AND validtime>'2015-06-29 01:06:33 ' AND validtime<'2015-06-29 01:06:37 ') )  [ RunTime:0.0000s ]
SQL: SELECT * FROM `equipment` WHERE ( time>='2015-06-29 01:06:33 ' OR ( type=1 AND validtime>'2015-06-29 01:06:33 ' AND validtime<'2015-06-29 01:06:38 ') )  [ RunTime:0.0000s ]
SQL: SELECT * FROM `equipment` WHERE ( time>='2015-06-29 01:06:33 ' OR ( type=1 AND validtime>'2015-06-29 01:06:33 ' AND validtime<'2015-06-29 01:06:38 ') )  [ RunTime:0.0010s ]
SQL: SELECT * FROM `equipment` WHERE ( time>='2015-06-29 01:06:33 ' OR ( type=1 AND validtime>'2015-06-29 01:06:33 ' AND validtime<'2015-06-29 01:06:39 ') )  [ RunTime:0.0000s ]
SQL: SELECT * FROM `equipment` WHERE ( time>='2015-06-29 01:06:33 ' OR ( type=1 AND validtime>'2015-06-29 01:06:33 ' AND validtime<'2015-06-29 01:06:39 ') )  [ RunTime:0.0000s ]
SQL: SELECT * FROM `equipment` WHERE ( time>='2015-06-29 01:06:33 ' OR ( type=1 AND validtime>'2015-06-29 01:06:33 ' AND validtime<'2015-06-29 01:06:40 ') )  [ RunTime:0.0010s ]
SQL: SELECT * FROM `equipment` WHERE ( time>='2015-06-29 01:06:33 ' OR ( type=1 AND validtime>'2015-06-29 01:06:33 ' AND validtime<'2015-06-29 01:06:40 ') )  [ RunTime:0.0010s ]
SQL: SELECT * FROM `equipment` WHERE ( time>='2015-06-29 01:06:33 ' OR ( type=1 AND validtime>'2015-06-29 01:06:33 ' AND validtime<'2015-06-29 01:06:41 ') )  [ RunTime:0.0010s ]
SQL: SELECT * FROM `equipment` WHERE ( time>='2015-06-29 01:06:33 ' OR ( type=1 AND validtime>'2015-06-29 01:06:33 ' AND validtime<'2015-06-29 01:06:41 ') )  [ RunTime:0.0010s ]
SQL: SELECT * FROM `equipment` WHERE ( time>='2015-06-29 01:06:33 ' OR ( type=1 AND validtime>'2015-06-29 01:06:33 ' AND validtime<'2015-06-29 01:06:42 ') )  [ RunTime:0.0010s ]
SQL: SELECT * FROM `equipment` WHERE ( time>='2015-06-29 01:06:33 ' OR ( type=1 AND validtime>'2015-06-29 01:06:33 ' AND validtime<'2015-06-29 01:06:42 ') )  [ RunTime:0.0010s ]
SQL: SELECT * FROM `equipment` WHERE ( time>='2015-06-29 01:06:33 ' OR ( type=1 AND validtime>'2015-06-29 01:06:33 ' AND validtime<'2015-06-29 01:06:43 ') )  [ RunTime:0.0010s ]
SQL: SELECT * FROM `equipment` WHERE ( time>='2015-06-29 01:06:33 ' OR ( type=1 AND validtime>'2015-06-29 01:06:33 ' AND validtime<'2015-06-29 01:06:43 ') )  [ RunTime:0.0010s ]
SQL: SELECT * FROM `equipment` WHERE ( time>='2015-06-29 01:06:33 ' OR ( type=1 AND validtime>'2015-06-29 01:06:33 ' AND validtime<'2015-06-29 01:06:44 ') )  [ RunTime:0.0010s ]
SQL: SELECT * FROM `equipment` WHERE ( time>='2015-06-29 01:06:33 ' OR ( type=1 AND validtime>'2015-06-29 01:06:33 ' AND validtime<'2015-06-29 01:06:44 ') )  [ RunTime:0.0010s ]
SQL: SELECT * FROM `equipment` WHERE ( time>='2015-06-29 01:06:33 ' OR ( type=1 AND validtime>'2015-06-29 01:06:33 ' AND validtime<'2015-06-29 01:06:45 ') )  [ RunTime:0.0010s ]
SQL: SELECT * FROM `equipment` WHERE ( time>='2015-06-29 01:06:33 ' OR ( type=1 AND validtime>'2015-06-29 01:06:33 ' AND validtime<'2015-06-29 01:06:45 ') )  [ RunTime:0.0010s ]
SQL: SELECT * FROM `equipment` WHERE ( time>='2015-06-29 01:06:33 ' OR ( type=1 AND validtime>'2015-06-29 01:06:33 ' AND validtime<'2015-06-29 01:06:46 ') )  [ RunTime:0.0000s ]
SQL: SELECT * FROM `equipment` WHERE ( time>='2015-06-29 01:06:33 ' OR ( type=1 AND validtime>'2015-06-29 01:06:33 ' AND validtime<'2015-06-29 01:06:46 ') )  [ RunTime:0.0010s ]
SQL: SELECT * FROM `equipment` WHERE ( time>='2015-06-29 01:06:33 ' OR ( type=1 AND validtime>'2015-06-29 01:06:33 ' AND validtime<'2015-06-29 01:06:47 ') )  [ RunTime:0.0010s ]
SQL: SELECT * FROM `equipment` WHERE ( time>='2015-06-29 01:06:33 ' OR ( type=1 AND validtime>'2015-06-29 01:06:33 ' AND validtime<'2015-06-29 01:06:47 ') )  [ RunTime:0.0000s ]
SQL: SELECT * FROM `equipment` WHERE ( time>='2015-06-29 01:06:33 ' OR ( type=1 AND validtime>'2015-06-29 01:06:33 ' AND validtime<'2015-06-29 01:06:48 ') )  [ RunTime:0.0000s ]
SQL: SELECT * FROM `equipment` WHERE ( time>='2015-06-29 01:06:33 ' OR ( type=1 AND validtime>'2015-06-29 01:06:33 ' AND validtime<'2015-06-29 01:06:48 ') )  [ RunTime:0.0010s ]
SQL: SELECT * FROM `equipment` WHERE ( time>='2015-06-29 01:06:33 ' OR ( type=1 AND validtime>'2015-06-29 01:06:33 ' AND validtime<'2015-06-29 01:06:49 ') )  [ RunTime:0.0010s ]
SQL: SELECT * FROM `equipment` WHERE ( time>='2015-06-29 01:06:33 ' OR ( type=1 AND validtime>'2015-06-29 01:06:33 ' AND validtime<'2015-06-29 01:06:49 ') )  [ RunTime:0.0010s ]
SQL: SELECT * FROM `equipment` WHERE ( time>='2015-06-29 01:06:33 ' OR ( type=1 AND validtime>'2015-06-29 01:06:33 ' AND validtime<'2015-06-29 01:06:50 ') )  [ RunTime:0.0010s ]
SQL: SELECT * FROM `equipment` WHERE ( time>='2015-06-29 01:06:33 ' OR ( type=1 AND validtime>'2015-06-29 01:06:33 ' AND validtime<'2015-06-29 01:06:50 ') )  [ RunTime:0.0010s ]
SQL: SELECT * FROM `equipment` WHERE ( time>='2015-06-29 01:06:33 ' OR ( type=1 AND validtime>'2015-06-29 01:06:33 ' AND validtime<'2015-06-29 01:06:51 ') )  [ RunTime:0.0010s ]
SQL: SELECT * FROM `equipment` WHERE ( time>='2015-06-29 01:06:33 ' OR ( type=1 AND validtime>'2015-06-29 01:06:33 ' AND validtime<'2015-06-29 01:06:51 ') )  [ RunTime:0.0010s ]
SQL: SELECT * FROM `equipment` WHERE ( time>='2015-06-29 01:06:33 ' OR ( type=1 AND validtime>'2015-06-29 01:06:33 ' AND validtime<'2015-06-29 01:06:52 ') )  [ RunTime:0.0010s ]
SQL: SELECT * FROM `equipment` WHERE ( time>='2015-06-29 01:06:33 ' OR ( type=1 AND validtime>'2015-06-29 01:06:33 ' AND validtime<'2015-06-29 01:06:52 ') )  [ RunTime:0.0010s ]
SQL: SELECT * FROM `equipment` WHERE ( time>='2015-06-29 01:06:33 ' OR ( type=1 AND validtime>'2015-06-29 01:06:33 ' AND validtime<'2015-06-29 01:06:53 ') )  [ RunTime:0.0000s ]
SQL: SELECT * FROM `equipment` WHERE ( time>='2015-06-29 01:06:33 ' OR ( type=1 AND validtime>'2015-06-29 01:06:33 ' AND validtime<'2015-06-29 01:06:53 ') )  [ RunTime:0.0010s ]
SQL: SELECT * FROM `equipment` WHERE ( time>='2015-06-29 01:06:33 ' OR ( type=1 AND validtime>'2015-06-29 01:06:33 ' AND validtime<'2015-06-29 01:06:54 ') )  [ RunTime:0.0010s ]
SQL: SELECT * FROM `equipment` WHERE ( time>='2015-06-29 01:06:33 ' OR ( type=1 AND validtime>'2015-06-29 01:06:33 ' AND validtime<'2015-06-29 01:06:54 ') )  [ RunTime:0.0010s ]
SQL: SELECT * FROM `equipment` WHERE ( time>='2015-06-29 01:06:33 ' OR ( type=1 AND validtime>'2015-06-29 01:06:33 ' AND validtime<'2015-06-29 01:06:55 ') )  [ RunTime:0.0010s ]
SQL: SELECT * FROM `equipment` WHERE ( time>='2015-06-29 01:06:33 ' OR ( type=1 AND validtime>'2015-06-29 01:06:33 ' AND validtime<'2015-06-29 01:06:55 ') )  [ RunTime:0.0010s ]
SQL: SELECT * FROM `equipment` WHERE ( time>='2015-06-29 01:06:33 ' OR ( type=1 AND validtime>'2015-06-29 01:06:33 ' AND validtime<'2015-06-29 01:06:56 ') )  [ RunTime:0.0010s ]
SQL: SELECT * FROM `equipment` WHERE ( time>='2015-06-29 01:06:33 ' OR ( type=1 AND validtime>'2015-06-29 01:06:33 ' AND validtime<'2015-06-29 01:06:56 ') )  [ RunTime:0.0010s ]
SQL: SELECT * FROM `equipment` WHERE ( time>='2015-06-29 01:06:33 ' OR ( type=1 AND validtime>'2015-06-29 01:06:33 ' AND validtime<'2015-06-29 01:06:57 ') )  [ RunTime:0.0010s ]
SQL: SELECT * FROM `equipment` WHERE ( time>='2015-06-29 01:06:33 ' OR ( type=1 AND validtime>'2015-06-29 01:06:33 ' AND validtime<'2015-06-29 01:06:57 ') )  [ RunTime:0.0000s ]
SQL: SELECT * FROM `equipment` WHERE ( time>='2015-06-29 01:06:33 ' OR ( type=1 AND validtime>'2015-06-29 01:06:33 ' AND validtime<'2015-06-29 01:06:58 ') )  [ RunTime:0.0010s ]
SQL: SELECT * FROM `equipment` WHERE ( time>='2015-06-29 01:06:33 ' OR ( type=1 AND validtime>'2015-06-29 01:06:33 ' AND validtime<'2015-06-29 01:06:58 ') )  [ RunTime:0.0010s ]
SQL: SELECT * FROM `equipment` WHERE ( time>='2015-06-29 01:06:33 ' OR ( type=1 AND validtime>'2015-06-29 01:06:33 ' AND validtime<'2015-06-29 01:06:59 ') )  [ RunTime:0.0010s ]
SQL: SELECT * FROM `equipment` WHERE ( time>='2015-06-29 01:06:33 ' OR ( type=1 AND validtime>'2015-06-29 01:06:33 ' AND validtime<'2015-06-29 01:06:59 ') )  [ RunTime:0.0010s ]
SQL: SELECT * FROM `equipment` WHERE ( time>='2015-06-29 01:06:33 ' OR ( type=1 AND validtime>'2015-06-29 01:06:33 ' AND validtime<'2015-06-29 01:07:00 ') )  [ RunTime:0.0000s ]
SQL: SELECT * FROM `equipment` WHERE ( time>='2015-06-29 01:06:33 ' OR ( type=1 AND validtime>'2015-06-29 01:06:33 ' AND validtime<'2015-06-29 01:07:00 ') )  [ RunTime:0.0000s ]
SQL: SELECT * FROM `equipment` WHERE ( time>='2015-06-29 01:06:33 ' OR ( type=1 AND validtime>'2015-06-29 01:06:33 ' AND validtime<'2015-06-29 01:07:01 ') )  [ RunTime:0.0010s ]
SQL: SELECT * FROM `equipment` WHERE ( time>='2015-06-29 01:06:33 ' OR ( type=1 AND validtime>'2015-06-29 01:06:33 ' AND validtime<'2015-06-29 01:07:01 ') )  [ RunTime:0.0010s ]
SQL: SELECT * FROM `equipment` WHERE ( time>='2015-06-29 01:06:33 ' OR ( type=1 AND validtime>'2015-06-29 01:06:33 ' AND validtime<'2015-06-29 01:07:02 ') )  [ RunTime:0.0010s ]
NOTIC: [2] Cannot modify header information - headers already sent C:\xampp\htdocs\JianKong\ThinkPHP\Library\Think\Controller.class.php 第 215 行.

[ 2015-06-29T01:07:30+08:00 ] ::1 /JianKong/home.php?m=Home&c=GetCurrent&a=getcurrent
INFO: [ app_begin ] --START--
INFO: Run Behavior\ReadHtmlCacheBehavior [ RunTime:0.001000s ]
INFO: [ app_begin ] --END-- [ RunTime:0.002000s ]
SQL: SHOW COLUMNS FROM `equipment` [ RunTime:0.0050s ]
SQL: SELECT * FROM `equipment` WHERE ( time>='2015-06-29 01:07:02 ' OR ( type=1 AND validtime>'2015-06-29 01:07:02 ' AND validtime<'2015-06-29 01:07:02 ') )  [ RunTime:0.0010s ]
SQL: SELECT * FROM `equipment` WHERE ( time>='2015-06-29 01:07:02 ' OR ( type=1 AND validtime>'2015-06-29 01:07:02 ' AND validtime<'2015-06-29 01:07:03 ') )  [ RunTime:0.0010s ]
SQL: SELECT * FROM `equipment` WHERE ( time>='2015-06-29 01:07:02 ' OR ( type=1 AND validtime>'2015-06-29 01:07:02 ' AND validtime<'2015-06-29 01:07:03 ') )  [ RunTime:0.0010s ]
SQL: SELECT * FROM `equipment` WHERE ( time>='2015-06-29 01:07:02 ' OR ( type=1 AND validtime>'2015-06-29 01:07:02 ' AND validtime<'2015-06-29 01:07:04 ') )  [ RunTime:0.0010s ]
SQL: SELECT * FROM `equipment` WHERE ( time>='2015-06-29 01:07:02 ' OR ( type=1 AND validtime>'2015-06-29 01:07:02 ' AND validtime<'2015-06-29 01:07:04 ') )  [ RunTime:0.0010s ]
SQL: SELECT * FROM `equipment` WHERE ( time>='2015-06-29 01:07:02 ' OR ( type=1 AND validtime>'2015-06-29 01:07:02 ' AND validtime<'2015-06-29 01:07:05 ') )  [ RunTime:0.0010s ]
SQL: SELECT * FROM `equipment` WHERE ( time>='2015-06-29 01:07:02 ' OR ( type=1 AND validtime>'2015-06-29 01:07:02 ' AND validtime<'2015-06-29 01:07:05 ') )  [ RunTime:0.0000s ]
SQL: SELECT * FROM `equipment` WHERE ( time>='2015-06-29 01:07:02 ' OR ( type=1 AND validtime>'2015-06-29 01:07:02 ' AND validtime<'2015-06-29 01:07:06 ') )  [ RunTime:0.0010s ]
SQL: SELECT * FROM `equipment` WHERE ( time>='2015-06-29 01:07:02 ' OR ( type=1 AND validtime>'2015-06-29 01:07:02 ' AND validtime<'2015-06-29 01:07:06 ') )  [ RunTime:0.0010s ]
SQL: SELECT * FROM `equipment` WHERE ( time>='2015-06-29 01:07:02 ' OR ( type=1 AND validtime>'2015-06-29 01:07:02 ' AND validtime<'2015-06-29 01:07:07 ') )  [ RunTime:0.0010s ]
SQL: SELECT * FROM `equipment` WHERE ( time>='2015-06-29 01:07:02 ' OR ( type=1 AND validtime>'2015-06-29 01:07:02 ' AND validtime<'2015-06-29 01:07:07 ') )  [ RunTime:0.0010s ]
SQL: SELECT * FROM `equipment` WHERE ( time>='2015-06-29 01:07:02 ' OR ( type=1 AND validtime>'2015-06-29 01:07:02 ' AND validtime<'2015-06-29 01:07:08 ') )  [ RunTime:0.0010s ]
SQL: SELECT * FROM `equipment` WHERE ( time>='2015-06-29 01:07:02 ' OR ( type=1 AND validtime>'2015-06-29 01:07:02 ' AND validtime<'2015-06-29 01:07:08 ') )  [ RunTime:0.0000s ]
SQL: SELECT * FROM `equipment` WHERE ( time>='2015-06-29 01:07:02 ' OR ( type=1 AND validtime>'2015-06-29 01:07:02 ' AND validtime<'2015-06-29 01:07:09 ') )  [ RunTime:0.0010s ]
SQL: SELECT * FROM `equipment` WHERE ( time>='2015-06-29 01:07:02 ' OR ( type=1 AND validtime>'2015-06-29 01:07:02 ' AND validtime<'2015-06-29 01:07:09 ') )  [ RunTime:0.0010s ]
SQL: SELECT * FROM `equipment` WHERE ( time>='2015-06-29 01:07:02 ' OR ( type=1 AND validtime>'2015-06-29 01:07:02 ' AND validtime<'2015-06-29 01:07:10 ') )  [ RunTime:0.0010s ]
SQL: SELECT * FROM `equipment` WHERE ( time>='2015-06-29 01:07:02 ' OR ( type=1 AND validtime>'2015-06-29 01:07:02 ' AND validtime<'2015-06-29 01:07:10 ') )  [ RunTime:0.0010s ]
SQL: SELECT * FROM `equipment` WHERE ( time>='2015-06-29 01:07:02 ' OR ( type=1 AND validtime>'2015-06-29 01:07:02 ' AND validtime<'2015-06-29 01:07:11 ') )  [ RunTime:0.0010s ]
SQL: SELECT * FROM `equipment` WHERE ( time>='2015-06-29 01:07:02 ' OR ( type=1 AND validtime>'2015-06-29 01:07:02 ' AND validtime<'2015-06-29 01:07:11 ') )  [ RunTime:0.0000s ]
SQL: SELECT * FROM `equipment` WHERE ( time>='2015-06-29 01:07:02 ' OR ( type=1 AND validtime>'2015-06-29 01:07:02 ' AND validtime<'2015-06-29 01:07:12 ') )  [ RunTime:0.0010s ]
SQL: SELECT * FROM `equipment` WHERE ( time>='2015-06-29 01:07:02 ' OR ( type=1 AND validtime>'2015-06-29 01:07:02 ' AND validtime<'2015-06-29 01:07:12 ') )  [ RunTime:0.0010s ]
SQL: SELECT * FROM `equipment` WHERE ( time>='2015-06-29 01:07:02 ' OR ( type=1 AND validtime>'2015-06-29 01:07:02 ' AND validtime<'2015-06-29 01:07:13 ') )  [ RunTime:0.0010s ]
SQL: SELECT * FROM `equipment` WHERE ( time>='2015-06-29 01:07:02 ' OR ( type=1 AND validtime>'2015-06-29 01:07:02 ' AND validtime<'2015-06-29 01:07:13 ') )  [ RunTime:0.0000s ]
SQL: SELECT * FROM `equipment` WHERE ( time>='2015-06-29 01:07:02 ' OR ( type=1 AND validtime>'2015-06-29 01:07:02 ' AND validtime<'2015-06-29 01:07:14 ') )  [ RunTime:0.0130s ]
SQL: SELECT * FROM `equipment` WHERE ( time>='2015-06-29 01:07:02 ' OR ( type=1 AND validtime>'2015-06-29 01:07:02 ' AND validtime<'2015-06-29 01:07:14 ') )  [ RunTime:0.0010s ]
SQL: SELECT * FROM `equipment` WHERE ( time>='2015-06-29 01:07:02 ' OR ( type=1 AND validtime>'2015-06-29 01:07:02 ' AND validtime<'2015-06-29 01:07:15 ') )  [ RunTime:0.0010s ]
SQL: SELECT * FROM `equipment` WHERE ( time>='2015-06-29 01:07:02 ' OR ( type=1 AND validtime>'2015-06-29 01:07:02 ' AND validtime<'2015-06-29 01:07:15 ') )  [ RunTime:0.0000s ]
SQL: SELECT * FROM `equipment` WHERE ( time>='2015-06-29 01:07:02 ' OR ( type=1 AND validtime>'2015-06-29 01:07:02 ' AND validtime<'2015-06-29 01:07:16 ') )  [ RunTime:0.0010s ]
SQL: SELECT * FROM `equipment` WHERE ( time>='2015-06-29 01:07:02 ' OR ( type=1 AND validtime>'2015-06-29 01:07:02 ' AND validtime<'2015-06-29 01:07:16 ') )  [ RunTime:0.0000s ]
SQL: SELECT * FROM `equipment` WHERE ( time>='2015-06-29 01:07:02 ' OR ( type=1 AND validtime>'2015-06-29 01:07:02 ' AND validtime<'2015-06-29 01:07:17 ') )  [ RunTime:0.0010s ]
SQL: SELECT * FROM `equipment` WHERE ( time>='2015-06-29 01:07:02 ' OR ( type=1 AND validtime>'2015-06-29 01:07:02 ' AND validtime<'2015-06-29 01:07:17 ') )  [ RunTime:0.0010s ]
SQL: SELECT * FROM `equipment` WHERE ( time>='2015-06-29 01:07:02 ' OR ( type=1 AND validtime>'2015-06-29 01:07:02 ' AND validtime<'2015-06-29 01:07:18 ') )  [ RunTime:0.0000s ]
SQL: SELECT * FROM `equipment` WHERE ( time>='2015-06-29 01:07:02 ' OR ( type=1 AND validtime>'2015-06-29 01:07:02 ' AND validtime<'2015-06-29 01:07:18 ') )  [ RunTime:0.0010s ]
SQL: SELECT * FROM `equipment` WHERE ( time>='2015-06-29 01:07:02 ' OR ( type=1 AND validtime>'2015-06-29 01:07:02 ' AND validtime<'2015-06-29 01:07:19 ') )  [ RunTime:0.0010s ]
SQL: SELECT * FROM `equipment` WHERE ( time>='2015-06-29 01:07:02 ' OR ( type=1 AND validtime>'2015-06-29 01:07:02 ' AND validtime<'2015-06-29 01:07:19 ') )  [ RunTime:0.0000s ]
SQL: SELECT * FROM `equipment` WHERE ( time>='2015-06-29 01:07:02 ' OR ( type=1 AND validtime>'2015-06-29 01:07:02 ' AND validtime<'2015-06-29 01:07:20 ') )  [ RunTime:0.0010s ]
SQL: SELECT * FROM `equipment` WHERE ( time>='2015-06-29 01:07:02 ' OR ( type=1 AND validtime>'2015-06-29 01:07:02 ' AND validtime<'2015-06-29 01:07:20 ') )  [ RunTime:0.0000s ]
SQL: SELECT * FROM `equipment` WHERE ( time>='2015-06-29 01:07:02 ' OR ( type=1 AND validtime>'2015-06-29 01:07:02 ' AND validtime<'2015-06-29 01:07:21 ') )  [ RunTime:0.0010s ]
SQL: SELECT * FROM `equipment` WHERE ( time>='2015-06-29 01:07:02 ' OR ( type=1 AND validtime>'2015-06-29 01:07:02 ' AND validtime<'2015-06-29 01:07:21 ') )  [ RunTime:0.0010s ]
SQL: SELECT * FROM `equipment` WHERE ( time>='2015-06-29 01:07:02 ' OR ( type=1 AND validtime>'2015-06-29 01:07:02 ' AND validtime<'2015-06-29 01:07:22 ') )  [ RunTime:0.0010s ]
SQL: SELECT * FROM `equipment` WHERE ( time>='2015-06-29 01:07:02 ' OR ( type=1 AND validtime>'2015-06-29 01:07:02 ' AND validtime<'2015-06-29 01:07:22 ') )  [ RunTime:0.0000s ]
SQL: SELECT * FROM `equipment` WHERE ( time>='2015-06-29 01:07:02 ' OR ( type=1 AND validtime>'2015-06-29 01:07:02 ' AND validtime<'2015-06-29 01:07:23 ') )  [ RunTime:0.0010s ]
SQL: SELECT * FROM `equipment` WHERE ( time>='2015-06-29 01:07:02 ' OR ( type=1 AND validtime>'2015-06-29 01:07:02 ' AND validtime<'2015-06-29 01:07:23 ') )  [ RunTime:0.0010s ]
SQL: SELECT * FROM `equipment` WHERE ( time>='2015-06-29 01:07:02 ' OR ( type=1 AND validtime>'2015-06-29 01:07:02 ' AND validtime<'2015-06-29 01:07:24 ') )  [ RunTime:0.0010s ]
SQL: SELECT * FROM `equipment` WHERE ( time>='2015-06-29 01:07:02 ' OR ( type=1 AND validtime>'2015-06-29 01:07:02 ' AND validtime<'2015-06-29 01:07:24 ') )  [ RunTime:0.0010s ]
SQL: SELECT * FROM `equipment` WHERE ( time>='2015-06-29 01:07:02 ' OR ( type=1 AND validtime>'2015-06-29 01:07:02 ' AND validtime<'2015-06-29 01:07:25 ') )  [ RunTime:0.0010s ]
SQL: SELECT * FROM `equipment` WHERE ( time>='2015-06-29 01:07:02 ' OR ( type=1 AND validtime>'2015-06-29 01:07:02 ' AND validtime<'2015-06-29 01:07:25 ') )  [ RunTime:0.0010s ]
SQL: SELECT * FROM `equipment` WHERE ( time>='2015-06-29 01:07:02 ' OR ( type=1 AND validtime>'2015-06-29 01:07:02 ' AND validtime<'2015-06-29 01:07:26 ') )  [ RunTime:0.0010s ]
SQL: SELECT * FROM `equipment` WHERE ( time>='2015-06-29 01:07:02 ' OR ( type=1 AND validtime>'2015-06-29 01:07:02 ' AND validtime<'2015-06-29 01:07:26 ') )  [ RunTime:0.0010s ]
SQL: SELECT * FROM `equipment` WHERE ( time>='2015-06-29 01:07:02 ' OR ( type=1 AND validtime>'2015-06-29 01:07:02 ' AND validtime<'2015-06-29 01:07:27 ') )  [ RunTime:0.0000s ]
SQL: SELECT * FROM `equipment` WHERE ( time>='2015-06-29 01:07:02 ' OR ( type=1 AND validtime>'2015-06-29 01:07:02 ' AND validtime<'2015-06-29 01:07:27 ') )  [ RunTime:0.0000s ]
SQL: SELECT * FROM `equipment` WHERE ( time>='2015-06-29 01:07:02 ' OR ( type=1 AND validtime>'2015-06-29 01:07:02 ' AND validtime<'2015-06-29 01:07:28 ') )  [ RunTime:0.0000s ]
SQL: SELECT * FROM `equipment` WHERE ( time>='2015-06-29 01:07:02 ' OR ( type=1 AND validtime>'2015-06-29 01:07:02 ' AND validtime<'2015-06-29 01:07:28 ') )  [ RunTime:0.0010s ]
SQL: SELECT * FROM `equipment` WHERE ( time>='2015-06-29 01:07:02 ' OR ( type=1 AND validtime>'2015-06-29 01:07:02 ' AND validtime<'2015-06-29 01:07:29 ') )  [ RunTime:0.0010s ]
SQL: SELECT * FROM `equipment` WHERE ( time>='2015-06-29 01:07:02 ' OR ( type=1 AND validtime>'2015-06-29 01:07:02 ' AND validtime<'2015-06-29 01:07:29 ') )  [ RunTime:0.0010s ]
SQL: SELECT * FROM `equipment` WHERE ( time>='2015-06-29 01:07:02 ' OR ( type=1 AND validtime>'2015-06-29 01:07:02 ' AND validtime<'2015-06-29 01:07:30 ') )  [ RunTime:0.0010s ]
NOTIC: [2] Cannot modify header information - headers already sent C:\xampp\htdocs\JianKong\ThinkPHP\Library\Think\Controller.class.php 第 215 行.

[ 2015-06-29T01:07:40+08:00 ] ::1 /JianKong/home.php?m=Home&c=GetCurrent&a=getcurrent
INFO: [ app_begin ] --START--
INFO: Run Behavior\ReadHtmlCacheBehavior [ RunTime:0.003000s ]
INFO: [ app_begin ] --END-- [ RunTime:0.004000s ]
SQL: SHOW COLUMNS FROM `equipment` [ RunTime:0.0090s ]
SQL: SELECT * FROM `equipment`  [ RunTime:0.0010s ]

[ 2015-06-29T01:07:44+08:00 ] ::1 /JianKong/home.php?m=Home&c=ManageJG&a=retrieve&_=1435511264024
INFO: [ app_begin ] --START--
INFO: Run Behavior\ReadHtmlCacheBehavior [ RunTime:0.001000s ]
INFO: [ app_begin ] --END-- [ RunTime:0.003000s ]
SQL: SHOW COLUMNS FROM `equipment` [ RunTime:0.0070s ]
SQL: SELECT * FROM `equipment`  [ RunTime:0.0010s ]

[ 2015-06-29T01:07:46+08:00 ] ::1 /JianKong/home.php?m=Home&c=GetCurrent&a=getcurrent
INFO: [ app_begin ] --START--
INFO: Run Behavior\ReadHtmlCacheBehavior [ RunTime:0.001000s ]
INFO: [ app_begin ] --END-- [ RunTime:0.002000s ]
SQL: SHOW COLUMNS FROM `equipment` [ RunTime:0.0060s ]
SQL: SELECT * FROM `equipment` WHERE ( time>='2015-06-29 01:07:30 ' OR ( type=1 AND validtime>'2015-06-29 01:07:30 ' AND validtime<'2015-06-29 01:07:30 ') )  [ RunTime:0.0000s ]
SQL: SELECT * FROM `equipment` WHERE ( time>='2015-06-29 01:07:30 ' OR ( type=1 AND validtime>'2015-06-29 01:07:30 ' AND validtime<'2015-06-29 01:07:31 ') )  [ RunTime:0.0010s ]
SQL: SELECT * FROM `equipment` WHERE ( time>='2015-06-29 01:07:30 ' OR ( type=1 AND validtime>'2015-06-29 01:07:30 ' AND validtime<'2015-06-29 01:07:31 ') )  [ RunTime:0.0010s ]
SQL: SELECT * FROM `equipment` WHERE ( time>='2015-06-29 01:07:30 ' OR ( type=1 AND validtime>'2015-06-29 01:07:30 ' AND validtime<'2015-06-29 01:07:32 ') )  [ RunTime:0.0010s ]
SQL: SELECT * FROM `equipment` WHERE ( time>='2015-06-29 01:07:30 ' OR ( type=1 AND validtime>'2015-06-29 01:07:30 ' AND validtime<'2015-06-29 01:07:32 ') )  [ RunTime:0.0010s ]
SQL: SELECT * FROM `equipment` WHERE ( time>='2015-06-29 01:07:30 ' OR ( type=1 AND validtime>'2015-06-29 01:07:30 ' AND validtime<'2015-06-29 01:07:33 ') )  [ RunTime:0.0000s ]
SQL: SELECT * FROM `equipment` WHERE ( time>='2015-06-29 01:07:30 ' OR ( type=1 AND validtime>'2015-06-29 01:07:30 ' AND validtime<'2015-06-29 01:07:33 ') )  [ RunTime:0.0000s ]
SQL: SELECT * FROM `equipment` WHERE ( time>='2015-06-29 01:07:30 ' OR ( type=1 AND validtime>'2015-06-29 01:07:30 ' AND validtime<'2015-06-29 01:07:34 ') )  [ RunTime:0.0010s ]
SQL: SELECT * FROM `equipment` WHERE ( time>='2015-06-29 01:07:30 ' OR ( type=1 AND validtime>'2015-06-29 01:07:30 ' AND validtime<'2015-06-29 01:07:34 ') )  [ RunTime:0.0010s ]
SQL: SELECT * FROM `equipment` WHERE ( time>='2015-06-29 01:07:30 ' OR ( type=1 AND validtime>'2015-06-29 01:07:30 ' AND validtime<'2015-06-29 01:07:35 ') )  [ RunTime:0.0010s ]
SQL: SELECT * FROM `equipment` WHERE ( time>='2015-06-29 01:07:30 ' OR ( type=1 AND validtime>'2015-06-29 01:07:30 ' AND validtime<'2015-06-29 01:07:35 ') )  [ RunTime:0.0010s ]
SQL: SELECT * FROM `equipment` WHERE ( time>='2015-06-29 01:07:30 ' OR ( type=1 AND validtime>'2015-06-29 01:07:30 ' AND validtime<'2015-06-29 01:07:36 ') )  [ RunTime:0.0000s ]
SQL: SELECT * FROM `equipment` WHERE ( time>='2015-06-29 01:07:30 ' OR ( type=1 AND validtime>'2015-06-29 01:07:30 ' AND validtime<'2015-06-29 01:07:36 ') )  [ RunTime:0.0010s ]
SQL: SELECT * FROM `equipment` WHERE ( time>='2015-06-29 01:07:30 ' OR ( type=1 AND validtime>'2015-06-29 01:07:30 ' AND validtime<'2015-06-29 01:07:37 ') )  [ RunTime:0.0000s ]
SQL: SELECT * FROM `equipment` WHERE ( time>='2015-06-29 01:07:30 ' OR ( type=1 AND validtime>'2015-06-29 01:07:30 ' AND validtime<'2015-06-29 01:07:37 ') )  [ RunTime:0.0010s ]
SQL: SELECT * FROM `equipment` WHERE ( time>='2015-06-29 01:07:30 ' OR ( type=1 AND validtime>'2015-06-29 01:07:30 ' AND validtime<'2015-06-29 01:07:38 ') )  [ RunTime:0.0010s ]
SQL: SELECT * FROM `equipment` WHERE ( time>='2015-06-29 01:07:30 ' OR ( type=1 AND validtime>'2015-06-29 01:07:30 ' AND validtime<'2015-06-29 01:07:38 ') )  [ RunTime:0.0010s ]
SQL: SELECT * FROM `equipment` WHERE ( time>='2015-06-29 01:07:30 ' OR ( type=1 AND validtime>'2015-06-29 01:07:30 ' AND validtime<'2015-06-29 01:07:39 ') )  [ RunTime:0.0010s ]
SQL: SELECT * FROM `equipment` WHERE ( time>='2015-06-29 01:07:30 ' OR ( type=1 AND validtime>'2015-06-29 01:07:30 ' AND validtime<'2015-06-29 01:07:39 ') )  [ RunTime:0.0000s ]
SQL: SELECT * FROM `equipment` WHERE ( time>='2015-06-29 01:07:30 ' OR ( type=1 AND validtime>'2015-06-29 01:07:30 ' AND validtime<'2015-06-29 01:07:40 ') )  [ RunTime:0.0010s ]
SQL: SELECT * FROM `equipment` WHERE ( time>='2015-06-29 01:07:30 ' OR ( type=1 AND validtime>'2015-06-29 01:07:30 ' AND validtime<'2015-06-29 01:07:40 ') )  [ RunTime:0.0000s ]
SQL: SELECT * FROM `equipment` WHERE ( time>='2015-06-29 01:07:30 ' OR ( type=1 AND validtime>'2015-06-29 01:07:30 ' AND validtime<'2015-06-29 01:07:41 ') )  [ RunTime:0.0000s ]
SQL: SELECT * FROM `equipment` WHERE ( time>='2015-06-29 01:07:30 ' OR ( type=1 AND validtime>'2015-06-29 01:07:30 ' AND validtime<'2015-06-29 01:07:41 ') )  [ RunTime:0.0010s ]
SQL: SELECT * FROM `equipment` WHERE ( time>='2015-06-29 01:07:30 ' OR ( type=1 AND validtime>'2015-06-29 01:07:30 ' AND validtime<'2015-06-29 01:07:42 ') )  [ RunTime:0.0000s ]
SQL: SELECT * FROM `equipment` WHERE ( time>='2015-06-29 01:07:30 ' OR ( type=1 AND validtime>'2015-06-29 01:07:30 ' AND validtime<'2015-06-29 01:07:43 ') )  [ RunTime:0.0000s ]
SQL: SELECT * FROM `equipment` WHERE ( time>='2015-06-29 01:07:30 ' OR ( type=1 AND validtime>'2015-06-29 01:07:30 ' AND validtime<'2015-06-29 01:07:43 ') )  [ RunTime:0.0000s ]
SQL: SELECT * FROM `equipment` WHERE ( time>='2015-06-29 01:07:30 ' OR ( type=1 AND validtime>'2015-06-29 01:07:30 ' AND validtime<'2015-06-29 01:07:44 ') )  [ RunTime:0.0010s ]
SQL: SELECT * FROM `equipment` WHERE ( time>='2015-06-29 01:07:30 ' OR ( type=1 AND validtime>'2015-06-29 01:07:30 ' AND validtime<'2015-06-29 01:07:44 ') )  [ RunTime:0.0030s ]
SQL: SELECT * FROM `equipment` WHERE ( time>='2015-06-29 01:07:30 ' OR ( type=1 AND validtime>'2015-06-29 01:07:30 ' AND validtime<'2015-06-29 01:07:45 ') )  [ RunTime:0.0010s ]
SQL: SELECT * FROM `equipment` WHERE ( time>='2015-06-29 01:07:30 ' OR ( type=1 AND validtime>'2015-06-29 01:07:30 ' AND validtime<'2015-06-29 01:07:45 ') )  [ RunTime:0.0010s ]
SQL: SELECT * FROM `equipment` WHERE ( time>='2015-06-29 01:07:30 ' OR ( type=1 AND validtime>'2015-06-29 01:07:30 ' AND validtime<'2015-06-29 01:07:46 ') )  [ RunTime:0.0010s ]
SQL: SELECT * FROM `equipment` WHERE ( time>='2015-06-29 01:07:30 ' OR ( type=1 AND validtime>'2015-06-29 01:07:30 ' AND validtime<'2015-06-29 01:07:46 ') )  [ RunTime:0.0000s ]

[ 2015-06-29T01:07:46+08:00 ] ::1 /JianKong/home.php?m=Home&c=ManageUser&a=retrieve&_=1435511266634
INFO: [ app_begin ] --START--
INFO: Run Behavior\ReadHtmlCacheBehavior [ RunTime:0.001000s ]
INFO: [ app_begin ] --END-- [ RunTime:0.002000s ]
SQL: SHOW COLUMNS FROM `admin` [ RunTime:0.0050s ]
SQL: SELECT `uid`,`uname`,`remark` FROM `admin` WHERE ( kind=2 )  [ RunTime:0.0010s ]
NOTIC: [8] Undefined variable: result C:\xampp\htdocs\JianKong\Home\Home\Controller\ManageUserController.class.php 第 18 行.

[ 2015-06-29T01:07:49+08:00 ] ::1 /JianKong/home.php?m=Home&c=History&a=retrieve&_=1435511268935
INFO: [ app_begin ] --START--
INFO: Run Behavior\ReadHtmlCacheBehavior [ RunTime:0.001000s ]
INFO: [ app_begin ] --END-- [ RunTime:0.002000s ]
SQL: SHOW COLUMNS FROM `record` [ RunTime:0.0050s ]
SQL: SELECT * FROM `record` ORDER BY rid desc  [ RunTime:0.0000s ]

[ 2015-06-29T01:07:55+08:00 ] ::1 /JianKong/home.php?m=Home&c=History&a=retrieve&_=1435511275093
INFO: [ app_begin ] --START--
INFO: Run Behavior\ReadHtmlCacheBehavior [ RunTime:0.002000s ]
INFO: [ app_begin ] --END-- [ RunTime:0.003000s ]
SQL: SHOW COLUMNS FROM `record` [ RunTime:0.0050s ]
SQL: SELECT * FROM `record` ORDER BY rid desc  [ RunTime:0.0000s ]

[ 2015-06-29T01:07:56+08:00 ] ::1 /JianKong/home.php?m=Home&c=ManageUser&a=retrieve&_=1435511276765
INFO: [ app_begin ] --START--
INFO: Run Behavior\ReadHtmlCacheBehavior [ RunTime:0.001000s ]
INFO: [ app_begin ] --END-- [ RunTime:0.002000s ]
SQL: SHOW COLUMNS FROM `admin` [ RunTime:0.0070s ]
SQL: SELECT `uid`,`uname`,`remark` FROM `admin` WHERE ( kind=2 )  [ RunTime:0.0000s ]
NOTIC: [8] Undefined variable: result C:\xampp\htdocs\JianKong\Home\Home\Controller\ManageUserController.class.php 第 18 行.

[ 2015-06-29T01:07:57+08:00 ] ::1 /JianKong/home.php?m=Home&c=GetCurrent&a=getcurrent
INFO: [ app_begin ] --START--
INFO: Run Behavior\ReadHtmlCacheBehavior [ RunTime:0.002001s ]
INFO: [ app_begin ] --END-- [ RunTime:0.003001s ]
SQL: SHOW COLUMNS FROM `equipment` [ RunTime:0.0070s ]
SQL: SELECT * FROM `equipment` WHERE ( time>='2015-06-29 01:07:40 ' OR ( type=1 AND validtime>'2015-06-29 01:07:40 ' AND validtime<'2015-06-29 01:07:41 ') )  [ RunTime:0.0000s ]
SQL: SELECT * FROM `equipment` WHERE ( time>='2015-06-29 01:07:40 ' OR ( type=1 AND validtime>'2015-06-29 01:07:40 ' AND validtime<'2015-06-29 01:07:42 ') )  [ RunTime:0.0010s ]
SQL: SELECT * FROM `equipment` WHERE ( time>='2015-06-29 01:07:40 ' OR ( type=1 AND validtime>'2015-06-29 01:07:40 ' AND validtime<'2015-06-29 01:07:42 ') )  [ RunTime:0.0000s ]
SQL: SELECT * FROM `equipment` WHERE ( time>='2015-06-29 01:07:40 ' OR ( type=1 AND validtime>'2015-06-29 01:07:40 ' AND validtime<'2015-06-29 01:07:43 ') )  [ RunTime:0.0000s ]
SQL: SELECT * FROM `equipment` WHERE ( time>='2015-06-29 01:07:40 ' OR ( type=1 AND validtime>'2015-06-29 01:07:40 ' AND validtime<'2015-06-29 01:07:43 ') )  [ RunTime:0.0010s ]
SQL: SELECT * FROM `equipment` WHERE ( time>='2015-06-29 01:07:40 ' OR ( type=1 AND validtime>'2015-06-29 01:07:40 ' AND validtime<'2015-06-29 01:07:44 ') )  [ RunTime:0.0000s ]
SQL: SELECT * FROM `equipment` WHERE ( time>='2015-06-29 01:07:40 ' OR ( type=1 AND validtime>'2015-06-29 01:07:40 ' AND validtime<'2015-06-29 01:07:44 ') )  [ RunTime:0.0040s ]
SQL: SELECT * FROM `equipment` WHERE ( time>='2015-06-29 01:07:40 ' OR ( type=1 AND validtime>'2015-06-29 01:07:40 ' AND validtime<'2015-06-29 01:07:45 ') )  [ RunTime:0.0010s ]
SQL: SELECT * FROM `equipment` WHERE ( time>='2015-06-29 01:07:40 ' OR ( type=1 AND validtime>'2015-06-29 01:07:40 ' AND validtime<'2015-06-29 01:07:45 ') )  [ RunTime:0.0010s ]
SQL: SELECT * FROM `equipment` WHERE ( time>='2015-06-29 01:07:40 ' OR ( type=1 AND validtime>'2015-06-29 01:07:40 ' AND validtime<'2015-06-29 01:07:46 ') )  [ RunTime:0.0000s ]
SQL: SELECT * FROM `equipment` WHERE ( time>='2015-06-29 01:07:40 ' OR ( type=1 AND validtime>'2015-06-29 01:07:40 ' AND validtime<'2015-06-29 01:07:46 ') )  [ RunTime:0.0000s ]
SQL: SELECT * FROM `equipment` WHERE ( time>='2015-06-29 01:07:40 ' OR ( type=1 AND validtime>'2015-06-29 01:07:40 ' AND validtime<'2015-06-29 01:07:47 ') )  [ RunTime:0.0010s ]
SQL: SELECT * FROM `equipment` WHERE ( time>='2015-06-29 01:07:40 ' OR ( type=1 AND validtime>'2015-06-29 01:07:40 ' AND validtime<'2015-06-29 01:07:47 ') )  [ RunTime:0.0000s ]
SQL: SELECT * FROM `equipment` WHERE ( time>='2015-06-29 01:07:40 ' OR ( type=1 AND validtime>'2015-06-29 01:07:40 ' AND validtime<'2015-06-29 01:07:48 ') )  [ RunTime:0.0010s ]
SQL: SELECT * FROM `equipment` WHERE ( time>='2015-06-29 01:07:40 ' OR ( type=1 AND validtime>'2015-06-29 01:07:40 ' AND validtime<'2015-06-29 01:07:48 ') )  [ RunTime:0.0010s ]
SQL: SELECT * FROM `equipment` WHERE ( time>='2015-06-29 01:07:40 ' OR ( type=1 AND validtime>'2015-06-29 01:07:40 ' AND validtime<'2015-06-29 01:07:49 ') )  [ RunTime:0.0000s ]
SQL: SELECT * FROM `equipment` WHERE ( time>='2015-06-29 01:07:40 ' OR ( type=1 AND validtime>'2015-06-29 01:07:40 ' AND validtime<'2015-06-29 01:07:49 ') )  [ RunTime:0.0020s ]
SQL: SELECT * FROM `equipment` WHERE ( time>='2015-06-29 01:07:40 ' OR ( type=1 AND validtime>'2015-06-29 01:07:40 ' AND validtime<'2015-06-29 01:07:50 ') )  [ RunTime:0.0000s ]
SQL: SELECT * FROM `equipment` WHERE ( time>='2015-06-29 01:07:40 ' OR ( type=1 AND validtime>'2015-06-29 01:07:40 ' AND validtime<'2015-06-29 01:07:50 ') )  [ RunTime:0.0010s ]
SQL: SELECT * FROM `equipment` WHERE ( time>='2015-06-29 01:07:40 ' OR ( type=1 AND validtime>'2015-06-29 01:07:40 ' AND validtime<'2015-06-29 01:07:51 ') )  [ RunTime:0.0010s ]
SQL: SELECT * FROM `equipment` WHERE ( time>='2015-06-29 01:07:40 ' OR ( type=1 AND validtime>'2015-06-29 01:07:40 ' AND validtime<'2015-06-29 01:07:51 ') )  [ RunTime:0.0010s ]
SQL: SELECT * FROM `equipment` WHERE ( time>='2015-06-29 01:07:40 ' OR ( type=1 AND validtime>'2015-06-29 01:07:40 ' AND validtime<'2015-06-29 01:07:52 ') )  [ RunTime:0.0010s ]
SQL: SELECT * FROM `equipment` WHERE ( time>='2015-06-29 01:07:40 ' OR ( type=1 AND validtime>'2015-06-29 01:07:40 ' AND validtime<'2015-06-29 01:07:52 ') )  [ RunTime:0.0010s ]
SQL: SELECT * FROM `equipment` WHERE ( time>='2015-06-29 01:07:40 ' OR ( type=1 AND validtime>'2015-06-29 01:07:40 ' AND validtime<'2015-06-29 01:07:53 ') )  [ RunTime:0.0010s ]
SQL: SELECT * FROM `equipment` WHERE ( time>='2015-06-29 01:07:40 ' OR ( type=1 AND validtime>'2015-06-29 01:07:40 ' AND validtime<'2015-06-29 01:07:53 ') )  [ RunTime:0.0010s ]
SQL: SELECT * FROM `equipment` WHERE ( time>='2015-06-29 01:07:40 ' OR ( type=1 AND validtime>'2015-06-29 01:07:40 ' AND validtime<'2015-06-29 01:07:54 ') )  [ RunTime:0.0010s ]
SQL: SELECT * FROM `equipment` WHERE ( time>='2015-06-29 01:07:40 ' OR ( type=1 AND validtime>'2015-06-29 01:07:40 ' AND validtime<'2015-06-29 01:07:54 ') )  [ RunTime:0.0000s ]
SQL: SELECT * FROM `equipment` WHERE ( time>='2015-06-29 01:07:40 ' OR ( type=1 AND validtime>'2015-06-29 01:07:40 ' AND validtime<'2015-06-29 01:07:55 ') )  [ RunTime:0.0000s ]
SQL: SELECT * FROM `equipment` WHERE ( time>='2015-06-29 01:07:40 ' OR ( type=1 AND validtime>'2015-06-29 01:07:40 ' AND validtime<'2015-06-29 01:07:55 ') )  [ RunTime:0.0000s ]
SQL: SELECT * FROM `equipment` WHERE ( time>='2015-06-29 01:07:40 ' OR ( type=1 AND validtime>'2015-06-29 01:07:40 ' AND validtime<'2015-06-29 01:07:56 ') )  [ RunTime:0.0010s ]
SQL: SELECT * FROM `equipment` WHERE ( time>='2015-06-29 01:07:40 ' OR ( type=1 AND validtime>'2015-06-29 01:07:40 ' AND validtime<'2015-06-29 01:07:56 ') )  [ RunTime:0.0020s ]
SQL: SELECT * FROM `equipment` WHERE ( time>='2015-06-29 01:07:40 ' OR ( type=1 AND validtime>'2015-06-29 01:07:40 ' AND validtime<'2015-06-29 01:07:57 ') )  [ RunTime:0.0010s ]

[ 2015-06-29T01:07:58+08:00 ] ::1 /JianKong/home.php?m=Home&c=ManageJG&a=retrieve&_=1435511278377
INFO: [ app_begin ] --START--
INFO: Run Behavior\ReadHtmlCacheBehavior [ RunTime:0.001000s ]
INFO: [ app_begin ] --END-- [ RunTime:0.001000s ]
SQL: SHOW COLUMNS FROM `equipment` [ RunTime:0.0050s ]
SQL: SELECT * FROM `equipment`  [ RunTime:0.0010s ]

[ 2015-06-29T01:08:02+08:00 ] ::1 /JianKong/home.php?m=Home&c=GetCurrent&a=getcurrent
INFO: [ app_begin ] --START--
INFO: Run Behavior\ReadHtmlCacheBehavior [ RunTime:0.001000s ]
INFO: [ app_begin ] --END-- [ RunTime:0.001000s ]
SQL: SHOW COLUMNS FROM `equipment` [ RunTime:0.0050s ]
SQL: SELECT * FROM `equipment`  [ RunTime:0.0010s ]

[ 2015-06-29T01:08:18+08:00 ] ::1 /JianKong/home.php?m=Home&c=GetCurrent&a=getcurrent
INFO: [ app_begin ] --START--
INFO: Run Behavior\ReadHtmlCacheBehavior [ RunTime:0.001000s ]
INFO: [ app_begin ] --END-- [ RunTime:0.002000s ]
SQL: SHOW COLUMNS FROM `equipment` [ RunTime:0.0050s ]
SQL: SELECT * FROM `equipment` WHERE ( time>='2015-06-29 01:08:02 ' OR ( type=1 AND validtime>'2015-06-29 01:08:02 ' AND validtime<'2015-06-29 01:08:03 ') )  [ RunTime:0.0010s ]
SQL: SELECT * FROM `equipment` WHERE ( time>='2015-06-29 01:08:02 ' OR ( type=1 AND validtime>'2015-06-29 01:08:02 ' AND validtime<'2015-06-29 01:08:03 ') )  [ RunTime:0.0010s ]
SQL: SELECT * FROM `equipment` WHERE ( time>='2015-06-29 01:08:02 ' OR ( type=1 AND validtime>'2015-06-29 01:08:02 ' AND validtime<'2015-06-29 01:08:04 ') )  [ RunTime:0.0000s ]
SQL: SELECT * FROM `equipment` WHERE ( time>='2015-06-29 01:08:02 ' OR ( type=1 AND validtime>'2015-06-29 01:08:02 ' AND validtime<'2015-06-29 01:08:04 ') )  [ RunTime:0.0000s ]
SQL: SELECT * FROM `equipment` WHERE ( time>='2015-06-29 01:08:02 ' OR ( type=1 AND validtime>'2015-06-29 01:08:02 ' AND validtime<'2015-06-29 01:08:05 ') )  [ RunTime:0.0010s ]
SQL: SELECT * FROM `equipment` WHERE ( time>='2015-06-29 01:08:02 ' OR ( type=1 AND validtime>'2015-06-29 01:08:02 ' AND validtime<'2015-06-29 01:08:05 ') )  [ RunTime:0.0010s ]
SQL: SELECT * FROM `equipment` WHERE ( time>='2015-06-29 01:08:02 ' OR ( type=1 AND validtime>'2015-06-29 01:08:02 ' AND validtime<'2015-06-29 01:08:06 ') )  [ RunTime:0.0010s ]
SQL: SELECT * FROM `equipment` WHERE ( time>='2015-06-29 01:08:02 ' OR ( type=1 AND validtime>'2015-06-29 01:08:02 ' AND validtime<'2015-06-29 01:08:06 ') )  [ RunTime:0.0010s ]
SQL: SELECT * FROM `equipment` WHERE ( time>='2015-06-29 01:08:02 ' OR ( type=1 AND validtime>'2015-06-29 01:08:02 ' AND validtime<'2015-06-29 01:08:07 ') )  [ RunTime:0.0010s ]
SQL: SELECT * FROM `equipment` WHERE ( time>='2015-06-29 01:08:02 ' OR ( type=1 AND validtime>'2015-06-29 01:08:02 ' AND validtime<'2015-06-29 01:08:07 ') )  [ RunTime:0.0010s ]
SQL: SELECT * FROM `equipment` WHERE ( time>='2015-06-29 01:08:02 ' OR ( type=1 AND validtime>'2015-06-29 01:08:02 ' AND validtime<'2015-06-29 01:08:08 ') )  [ RunTime:0.0010s ]
SQL: SELECT * FROM `equipment` WHERE ( time>='2015-06-29 01:08:02 ' OR ( type=1 AND validtime>'2015-06-29 01:08:02 ' AND validtime<'2015-06-29 01:08:08 ') )  [ RunTime:0.0010s ]
SQL: SELECT * FROM `equipment` WHERE ( time>='2015-06-29 01:08:02 ' OR ( type=1 AND validtime>'2015-06-29 01:08:02 ' AND validtime<'2015-06-29 01:08:09 ') )  [ RunTime:0.0010s ]
SQL: SELECT * FROM `equipment` WHERE ( time>='2015-06-29 01:08:02 ' OR ( type=1 AND validtime>'2015-06-29 01:08:02 ' AND validtime<'2015-06-29 01:08:09 ') )  [ RunTime:0.0010s ]
SQL: SELECT * FROM `equipment` WHERE ( time>='2015-06-29 01:08:02 ' OR ( type=1 AND validtime>'2015-06-29 01:08:02 ' AND validtime<'2015-06-29 01:08:10 ') )  [ RunTime:0.0010s ]
SQL: SELECT * FROM `equipment` WHERE ( time>='2015-06-29 01:08:02 ' OR ( type=1 AND validtime>'2015-06-29 01:08:02 ' AND validtime<'2015-06-29 01:08:10 ') )  [ RunTime:0.0010s ]
SQL: SELECT * FROM `equipment` WHERE ( time>='2015-06-29 01:08:02 ' OR ( type=1 AND validtime>'2015-06-29 01:08:02 ' AND validtime<'2015-06-29 01:08:11 ') )  [ RunTime:0.0000s ]
SQL: SELECT * FROM `equipment` WHERE ( time>='2015-06-29 01:08:02 ' OR ( type=1 AND validtime>'2015-06-29 01:08:02 ' AND validtime<'2015-06-29 01:08:11 ') )  [ RunTime:0.0010s ]
SQL: SELECT * FROM `equipment` WHERE ( time>='2015-06-29 01:08:02 ' OR ( type=1 AND validtime>'2015-06-29 01:08:02 ' AND validtime<'2015-06-29 01:08:12 ') )  [ RunTime:0.0000s ]
SQL: SELECT * FROM `equipment` WHERE ( time>='2015-06-29 01:08:02 ' OR ( type=1 AND validtime>'2015-06-29 01:08:02 ' AND validtime<'2015-06-29 01:08:12 ') )  [ RunTime:0.0010s ]
SQL: SELECT * FROM `equipment` WHERE ( time>='2015-06-29 01:08:02 ' OR ( type=1 AND validtime>'2015-06-29 01:08:02 ' AND validtime<'2015-06-29 01:08:13 ') )  [ RunTime:0.0010s ]
SQL: SELECT * FROM `equipment` WHERE ( time>='2015-06-29 01:08:02 ' OR ( type=1 AND validtime>'2015-06-29 01:08:02 ' AND validtime<'2015-06-29 01:08:13 ') )  [ RunTime:0.0000s ]
SQL: SELECT * FROM `equipment` WHERE ( time>='2015-06-29 01:08:02 ' OR ( type=1 AND validtime>'2015-06-29 01:08:02 ' AND validtime<'2015-06-29 01:08:14 ') )  [ RunTime:0.0000s ]
SQL: SELECT * FROM `equipment` WHERE ( time>='2015-06-29 01:08:02 ' OR ( type=1 AND validtime>'2015-06-29 01:08:02 ' AND validtime<'2015-06-29 01:08:14 ') )  [ RunTime:0.0010s ]
SQL: SELECT * FROM `equipment` WHERE ( time>='2015-06-29 01:08:02 ' OR ( type=1 AND validtime>'2015-06-29 01:08:02 ' AND validtime<'2015-06-29 01:08:15 ') )  [ RunTime:0.0010s ]
SQL: SELECT * FROM `equipment` WHERE ( time>='2015-06-29 01:08:02 ' OR ( type=1 AND validtime>'2015-06-29 01:08:02 ' AND validtime<'2015-06-29 01:08:15 ') )  [ RunTime:0.0010s ]
SQL: SELECT * FROM `equipment` WHERE ( time>='2015-06-29 01:08:02 ' OR ( type=1 AND validtime>'2015-06-29 01:08:02 ' AND validtime<'2015-06-29 01:08:16 ') )  [ RunTime:0.0010s ]
SQL: SELECT * FROM `equipment` WHERE ( time>='2015-06-29 01:08:02 ' OR ( type=1 AND validtime>'2015-06-29 01:08:02 ' AND validtime<'2015-06-29 01:08:16 ') )  [ RunTime:0.0010s ]
SQL: SELECT * FROM `equipment` WHERE ( time>='2015-06-29 01:08:02 ' OR ( type=1 AND validtime>'2015-06-29 01:08:02 ' AND validtime<'2015-06-29 01:08:17 ') )  [ RunTime:0.0010s ]
SQL: SELECT * FROM `equipment` WHERE ( time>='2015-06-29 01:08:02 ' OR ( type=1 AND validtime>'2015-06-29 01:08:02 ' AND validtime<'2015-06-29 01:08:17 ') )  [ RunTime:0.0000s ]
SQL: SELECT * FROM `equipment` WHERE ( time>='2015-06-29 01:08:02 ' OR ( type=1 AND validtime>'2015-06-29 01:08:02 ' AND validtime<'2015-06-29 01:08:18 ') )  [ RunTime:0.0010s ]
SQL: SELECT * FROM `equipment` WHERE ( time>='2015-06-29 01:08:02 ' OR ( type=1 AND validtime>'2015-06-29 01:08:02 ' AND validtime<'2015-06-29 01:08:18 ') )  [ RunTime:0.0010s ]

[ 2015-06-29T01:08:21+08:00 ] ::1 /JianKong/home.php?m=Home&c=GetCurrent&a=getcurrent
INFO: [ app_begin ] --START--
INFO: Run Behavior\ReadHtmlCacheBehavior [ RunTime:0.001000s ]
INFO: [ app_begin ] --END-- [ RunTime:0.002000s ]
SQL: SHOW COLUMNS FROM `equipment` [ RunTime:0.0040s ]
SQL: SELECT * FROM `equipment`  [ RunTime:0.0010s ]

[ 2015-06-29T01:08:23+08:00 ] ::1 /JianKong/home.php?m=Home&c=History&a=retrieve&_=1435511303254
INFO: [ app_begin ] --START--
INFO: Run Behavior\ReadHtmlCacheBehavior [ RunTime:0.001000s ]
INFO: [ app_begin ] --END-- [ RunTime:0.002000s ]
SQL: SHOW COLUMNS FROM `record` [ RunTime:0.0050s ]
SQL: SELECT * FROM `record` ORDER BY rid desc  [ RunTime:0.0000s ]

[ 2015-06-29T01:08:32+08:00 ] ::1 /JianKong/home.php?m=Home&c=History&a=retrieve&_=1435511311781
INFO: [ app_begin ] --START--
INFO: Run Behavior\ReadHtmlCacheBehavior [ RunTime:0.001000s ]
INFO: [ app_begin ] --END-- [ RunTime:0.002000s ]
SQL: SHOW COLUMNS FROM `record` [ RunTime:0.0050s ]
SQL: SELECT * FROM `record` ORDER BY rid desc  [ RunTime:0.0010s ]

[ 2015-06-29T01:08:33+08:00 ] ::1 /JianKong/home.php?m=Home&c=ManageUser&a=retrieve&_=1435511313261
INFO: [ app_begin ] --START--
INFO: Run Behavior\ReadHtmlCacheBehavior [ RunTime:0.001000s ]
INFO: [ app_begin ] --END-- [ RunTime:0.001000s ]
SQL: SHOW COLUMNS FROM `admin` [ RunTime:0.0060s ]
SQL: SELECT `uid`,`uname`,`remark` FROM `admin` WHERE ( kind=2 )  [ RunTime:0.0010s ]
NOTIC: [8] Undefined variable: result C:\xampp\htdocs\JianKong\Home\Home\Controller\ManageUserController.class.php 第 18 行.

[ 2015-06-29T01:08:34+08:00 ] ::1 /JianKong/home.php?m=Home&c=ManageJG&a=retrieve&_=1435511314426
INFO: [ app_begin ] --START--
INFO: Run Behavior\ReadHtmlCacheBehavior [ RunTime:0.001000s ]
INFO: [ app_begin ] --END-- [ RunTime:0.002000s ]
SQL: SHOW COLUMNS FROM `equipment` [ RunTime:0.0050s ]
SQL: SELECT * FROM `equipment`  [ RunTime:0.0000s ]

[ 2015-06-29T01:08:35+08:00 ] ::1 /JianKong/home.php?m=Home&c=History&a=retrieve&_=1435511315741
INFO: [ app_begin ] --START--
INFO: Run Behavior\ReadHtmlCacheBehavior [ RunTime:0.001000s ]
INFO: [ app_begin ] --END-- [ RunTime:0.003000s ]
SQL: SHOW COLUMNS FROM `record` [ RunTime:0.0060s ]
SQL: SELECT * FROM `record` ORDER BY rid desc  [ RunTime:0.0000s ]

[ 2015-06-29T01:08:37+08:00 ] ::1 /JianKong/home.php?m=Home&c=ManageUser&a=retrieve&_=1435511317094
INFO: [ app_begin ] --START--
INFO: Run Behavior\ReadHtmlCacheBehavior [ RunTime:0.001000s ]
INFO: [ app_begin ] --END-- [ RunTime:0.002000s ]
SQL: SHOW COLUMNS FROM `admin` [ RunTime:0.0060s ]
SQL: SELECT `uid`,`uname`,`remark` FROM `admin` WHERE ( kind=2 )  [ RunTime:0.0000s ]
NOTIC: [8] Undefined variable: result C:\xampp\htdocs\JianKong\Home\Home\Controller\ManageUserController.class.php 第 18 行.

[ 2015-06-29T01:08:37+08:00 ] ::1 /JianKong/home.php?m=Home&c=GetCurrent&a=getcurrent
INFO: [ app_begin ] --START--
INFO: Run Behavior\ReadHtmlCacheBehavior [ RunTime:0.001000s ]
INFO: [ app_begin ] --END-- [ RunTime:0.002000s ]
SQL: SHOW COLUMNS FROM `equipment` [ RunTime:0.0050s ]
SQL: SELECT * FROM `equipment` WHERE ( time>='2015-06-29 01:08:21 ' OR ( type=1 AND validtime>'2015-06-29 01:08:21 ' AND validtime<'2015-06-29 01:08:22 ') )  [ RunTime:0.0010s ]
SQL: SELECT * FROM `equipment` WHERE ( time>='2015-06-29 01:08:21 ' OR ( type=1 AND validtime>'2015-06-29 01:08:21 ' AND validtime<'2015-06-29 01:08:22 ') )  [ RunTime:0.0000s ]
SQL: SELECT * FROM `equipment` WHERE ( time>='2015-06-29 01:08:21 ' OR ( type=1 AND validtime>'2015-06-29 01:08:21 ' AND validtime<'2015-06-29 01:08:23 ') )  [ RunTime:0.0010s ]
SQL: SELECT * FROM `equipment` WHERE ( time>='2015-06-29 01:08:21 ' OR ( type=1 AND validtime>'2015-06-29 01:08:21 ' AND validtime<'2015-06-29 01:08:23 ') )  [ RunTime:0.0000s ]
SQL: SELECT * FROM `equipment` WHERE ( time>='2015-06-29 01:08:21 ' OR ( type=1 AND validtime>'2015-06-29 01:08:21 ' AND validtime<'2015-06-29 01:08:24 ') )  [ RunTime:0.0010s ]
SQL: SELECT * FROM `equipment` WHERE ( time>='2015-06-29 01:08:21 ' OR ( type=1 AND validtime>'2015-06-29 01:08:21 ' AND validtime<'2015-06-29 01:08:24 ') )  [ RunTime:0.0000s ]
SQL: SELECT * FROM `equipment` WHERE ( time>='2015-06-29 01:08:21 ' OR ( type=1 AND validtime>'2015-06-29 01:08:21 ' AND validtime<'2015-06-29 01:08:25 ') )  [ RunTime:0.0010s ]
SQL: SELECT * FROM `equipment` WHERE ( time>='2015-06-29 01:08:21 ' OR ( type=1 AND validtime>'2015-06-29 01:08:21 ' AND validtime<'2015-06-29 01:08:25 ') )  [ RunTime:0.0010s ]
SQL: SELECT * FROM `equipment` WHERE ( time>='2015-06-29 01:08:21 ' OR ( type=1 AND validtime>'2015-06-29 01:08:21 ' AND validtime<'2015-06-29 01:08:26 ') )  [ RunTime:0.0010s ]
SQL: SELECT * FROM `equipment` WHERE ( time>='2015-06-29 01:08:21 ' OR ( type=1 AND validtime>'2015-06-29 01:08:21 ' AND validtime<'2015-06-29 01:08:26 ') )  [ RunTime:0.0010s ]
SQL: SELECT * FROM `equipment` WHERE ( time>='2015-06-29 01:08:21 ' OR ( type=1 AND validtime>'2015-06-29 01:08:21 ' AND validtime<'2015-06-29 01:08:27 ') )  [ RunTime:0.0000s ]
SQL: SELECT * FROM `equipment` WHERE ( time>='2015-06-29 01:08:21 ' OR ( type=1 AND validtime>'2015-06-29 01:08:21 ' AND validtime<'2015-06-29 01:08:27 ') )  [ RunTime:0.0010s ]
SQL: SELECT * FROM `equipment` WHERE ( time>='2015-06-29 01:08:21 ' OR ( type=1 AND validtime>'2015-06-29 01:08:21 ' AND validtime<'2015-06-29 01:08:28 ') )  [ RunTime:0.0010s ]
SQL: SELECT * FROM `equipment` WHERE ( time>='2015-06-29 01:08:21 ' OR ( type=1 AND validtime>'2015-06-29 01:08:21 ' AND validtime<'2015-06-29 01:08:28 ') )  [ RunTime:0.0000s ]
SQL: SELECT * FROM `equipment` WHERE ( time>='2015-06-29 01:08:21 ' OR ( type=1 AND validtime>'2015-06-29 01:08:21 ' AND validtime<'2015-06-29 01:08:29 ') )  [ RunTime:0.0000s ]
SQL: SELECT * FROM `equipment` WHERE ( time>='2015-06-29 01:08:21 ' OR ( type=1 AND validtime>'2015-06-29 01:08:21 ' AND validtime<'2015-06-29 01:08:29 ') )  [ RunTime:0.0010s ]
SQL: SELECT * FROM `equipment` WHERE ( time>='2015-06-29 01:08:21 ' OR ( type=1 AND validtime>'2015-06-29 01:08:21 ' AND validtime<'2015-06-29 01:08:30 ') )  [ RunTime:0.0010s ]
SQL: SELECT * FROM `equipment` WHERE ( time>='2015-06-29 01:08:21 ' OR ( type=1 AND validtime>'2015-06-29 01:08:21 ' AND validtime<'2015-06-29 01:08:30 ') )  [ RunTime:0.0010s ]
SQL: SELECT * FROM `equipment` WHERE ( time>='2015-06-29 01:08:21 ' OR ( type=1 AND validtime>'2015-06-29 01:08:21 ' AND validtime<'2015-06-29 01:08:31 ') )  [ RunTime:0.0010s ]
SQL: SELECT * FROM `equipment` WHERE ( time>='2015-06-29 01:08:21 ' OR ( type=1 AND validtime>'2015-06-29 01:08:21 ' AND validtime<'2015-06-29 01:08:31 ') )  [ RunTime:0.0010s ]
SQL: SELECT * FROM `equipment` WHERE ( time>='2015-06-29 01:08:21 ' OR ( type=1 AND validtime>'2015-06-29 01:08:21 ' AND validtime<'2015-06-29 01:08:32 ') )  [ RunTime:0.0010s ]
SQL: SELECT * FROM `equipment` WHERE ( time>='2015-06-29 01:08:21 ' OR ( type=1 AND validtime>'2015-06-29 01:08:21 ' AND validtime<'2015-06-29 01:08:32 ') )  [ RunTime:0.0010s ]
SQL: SELECT * FROM `equipment` WHERE ( time>='2015-06-29 01:08:21 ' OR ( type=1 AND validtime>'2015-06-29 01:08:21 ' AND validtime<'2015-06-29 01:08:33 ') )  [ RunTime:0.0010s ]
SQL: SELECT * FROM `equipment` WHERE ( time>='2015-06-29 01:08:21 ' OR ( type=1 AND validtime>'2015-06-29 01:08:21 ' AND validtime<'2015-06-29 01:08:33 ') )  [ RunTime:0.0010s ]
SQL: SELECT * FROM `equipment` WHERE ( time>='2015-06-29 01:08:21 ' OR ( type=1 AND validtime>'2015-06-29 01:08:21 ' AND validtime<'2015-06-29 01:08:34 ') )  [ RunTime:0.0000s ]
SQL: SELECT * FROM `equipment` WHERE ( time>='2015-06-29 01:08:21 ' OR ( type=1 AND validtime>'2015-06-29 01:08:21 ' AND validtime<'2015-06-29 01:08:34 ') )  [ RunTime:0.0000s ]
SQL: SELECT * FROM `equipment` WHERE ( time>='2015-06-29 01:08:21 ' OR ( type=1 AND validtime>'2015-06-29 01:08:21 ' AND validtime<'2015-06-29 01:08:35 ') )  [ RunTime:0.0010s ]
SQL: SELECT * FROM `equipment` WHERE ( time>='2015-06-29 01:08:21 ' OR ( type=1 AND validtime>'2015-06-29 01:08:21 ' AND validtime<'2015-06-29 01:08:35 ') )  [ RunTime:0.0010s ]
SQL: SELECT * FROM `equipment` WHERE ( time>='2015-06-29 01:08:21 ' OR ( type=1 AND validtime>'2015-06-29 01:08:21 ' AND validtime<'2015-06-29 01:08:36 ') )  [ RunTime:0.0010s ]
SQL: SELECT * FROM `equipment` WHERE ( time>='2015-06-29 01:08:21 ' OR ( type=1 AND validtime>'2015-06-29 01:08:21 ' AND validtime<'2015-06-29 01:08:36 ') )  [ RunTime:0.0000s ]
SQL: SELECT * FROM `equipment` WHERE ( time>='2015-06-29 01:08:21 ' OR ( type=1 AND validtime>'2015-06-29 01:08:21 ' AND validtime<'2015-06-29 01:08:37 ') )  [ RunTime:0.0010s ]
SQL: SELECT * FROM `equipment` WHERE ( time>='2015-06-29 01:08:21 ' OR ( type=1 AND validtime>'2015-06-29 01:08:21 ' AND validtime<'2015-06-29 01:08:37 ') )  [ RunTime:0.0000s ]

